20:35:26 DEBUG : Logs will be stored at 'C:/Users/doluwamu.kaye/Documents/GitHub/Linux_Microblaze_Final/Linux_Vitis_workspace/IDE.log'.
20:35:35 INFO  : Launching XSCT server: xsct.bat -n  -interactive C:\Users\doluwamu.kaye\Documents\GitHub\Linux_Microblaze_Final\Linux_Vitis_workspace\temp_xsdb_launch_script.tcl
20:35:39 INFO  : Registering command handlers for Vitis TCF services
20:35:40 INFO  : Platform repository initialization has completed.
20:35:44 INFO  : XSCT server has started successfully.
20:35:55 INFO  : plnx-install-location is set to ''
20:35:55 INFO  : Successfully done setting XSCT server connection channel  
20:35:55 INFO  : Successfully done query RDI_DATADIR 
20:35:55 INFO  : Successfully done setting workspace for the tool. 
20:40:57 INFO  : Result from executing command 'getProjects': Final_lInux_allgpio
20:40:57 INFO  : Result from executing command 'getPlatforms': 
20:40:57 WARN  : An unexpected exception occurred in the module 'platform project logging'
20:40:58 INFO  : Platform 'Final_lInux_allgpio' is added to custom repositories.
20:41:04 INFO  : Platform 'Final_lInux_allgpio' is added to custom repositories.
20:44:20 INFO  : Result from executing command 'getProjects': Final_lInux_allgpio
20:44:20 INFO  : Result from executing command 'getPlatforms': Final_lInux_allgpio|C:/Users/doluwamu.kaye/Documents/GitHub/Linux_Microblaze_Final/Linux_Vitis_workspace/Final_lInux_allgpio/export/Final_lInux_allgpio/Final_lInux_allgpio.xpfm
20:44:21 INFO  : Checking for BSP changes to sync application flags for project 'Gpiotest'...
20:48:48 INFO  : Checking for BSP changes to sync application flags for project 'Gpiotest'...
20:49:07 INFO  : Connected to target on host '127.0.0.1' and port '3121'.
20:49:07 INFO  : Jtag cable 'Digilent Nexys A7 -100T 210292B61CF1A' is selected.
20:49:07 INFO  : 'jtag frequency' command is executed.
20:49:08 INFO  : 'targets -set -filter {jtag_cable_name =~ "Digilent Nexys A7 -100T 210292B61CF1A" && level==0 && jtag_device_ctx=="jsn-Nexys A7 -100T-210292B61CF1A-13631093-0"}' command is executed.
20:49:10 INFO  : Device configured successfully with "C:/Users/doluwamu.kaye/Documents/GitHub/Linux_Microblaze_Final/Linux_Vitis_workspace/Gpiotest/_ide/bitstream/Final_lInux_allgpio.bit"
20:49:10 INFO  : Context for processor 'microblaze_0' is selected.
20:49:11 INFO  : Hardware design and registers information is loaded from 'C:/Users/doluwamu.kaye/Documents/GitHub/Linux_Microblaze_Final/Linux_Vitis_workspace/Final_lInux_allgpio/export/Final_lInux_allgpio/hw/Final_lInux_allgpio.xsa'.
20:49:11 INFO  : 'configparams mdm-detect-bscan-mask 2' command is executed.
20:49:11 INFO  : Context for processor 'microblaze_0' is selected.
20:49:11 INFO  : System reset is completed.
20:49:14 INFO  : 'after 3000' command is executed.
20:49:14 INFO  : Context for processor 'microblaze_0' is selected.
20:49:14 INFO  : The application 'C:/Users/doluwamu.kaye/Documents/GitHub/Linux_Microblaze_Final/Linux_Vitis_workspace/Gpiotest/Debug/Gpiotest.elf' is downloaded to processor 'microblaze_0'.
20:49:14 INFO  : ----------------XSDB Script----------------
connect -url tcp:127.0.0.1:3121
targets -set -filter {jtag_cable_name =~ "Digilent Nexys A7 -100T 210292B61CF1A" && level==0 && jtag_device_ctx=="jsn-Nexys A7 -100T-210292B61CF1A-13631093-0"}
fpga -file C:/Users/doluwamu.kaye/Documents/GitHub/Linux_Microblaze_Final/Linux_Vitis_workspace/Gpiotest/_ide/bitstream/Final_lInux_allgpio.bit
targets -set -nocase -filter {name =~ "*microblaze*#0" && bscan=="USER2" }
loadhw -hw C:/Users/doluwamu.kaye/Documents/GitHub/Linux_Microblaze_Final/Linux_Vitis_workspace/Final_lInux_allgpio/export/Final_lInux_allgpio/hw/Final_lInux_allgpio.xsa -regs
configparams mdm-detect-bscan-mask 2
targets -set -nocase -filter {name =~ "*microblaze*#0" && bscan=="USER2" }
rst -system
after 3000
targets -set -nocase -filter {name =~ "*microblaze*#0" && bscan=="USER2" }
dow C:/Users/doluwamu.kaye/Documents/GitHub/Linux_Microblaze_Final/Linux_Vitis_workspace/Gpiotest/Debug/Gpiotest.elf
----------------End of Script----------------

20:49:14 INFO  : Context for processor 'microblaze_0' is selected.
20:49:14 INFO  : 'con' command is executed.
20:49:14 INFO  : ----------------XSDB Script (After Launch)----------------
targets -set -nocase -filter {name =~ "*microblaze*#0" && bscan=="USER2" }
con
----------------End of Script----------------

20:49:14 INFO  : Launch script is exported to file 'C:\Users\doluwamu.kaye\Documents\GitHub\Linux_Microblaze_Final\Linux_Vitis_workspace\Gpiotest_system\_ide\scripts\debugger_gpiotest-default.tcl'
20:55:04 INFO  : Disconnected from the channel tcfchan#2.
20:55:05 INFO  : Connected to target on host '127.0.0.1' and port '3121'.
20:55:14 INFO  : ----------------XSDB Script----------------
connect -url tcp:127.0.0.1:3121
----------------End of Script----------------

20:55:14 ERROR : Could not find FPGA device on the board for connection 'Local'.


Troubleshooting hints:
1. Check whether board is connected to system properly.
2. In case of zynq board, check whether Digilent/Xilinx cable switch settings are correct.
3. If you are using Xilinx Platform Cable USB, ensure that status LED is green.
20:55:24 INFO  : Connected to target on host '127.0.0.1' and port '3121'.
20:55:24 INFO  : Jtag cable 'Digilent Nexys A7 -100T 210292B61CF1A' is selected.
20:55:24 INFO  : 'jtag frequency' command is executed.
20:55:24 INFO  : 'targets -set -filter {jtag_cable_name =~ "Digilent Nexys A7 -100T 210292B61CF1A" && level==0 && jtag_device_ctx=="jsn-Nexys A7 -100T-210292B61CF1A-13631093-0"}' command is executed.
20:55:26 INFO  : Device configured successfully with "C:/Users/doluwamu.kaye/Documents/GitHub/Linux_Microblaze_Final/Linux_Vitis_workspace/Gpiotest/_ide/bitstream/Final_lInux_allgpio.bit"
20:55:26 INFO  : Context for processor 'microblaze_0' is selected.
20:55:26 INFO  : Hardware design and registers information is loaded from 'C:/Users/doluwamu.kaye/Documents/GitHub/Linux_Microblaze_Final/Linux_Vitis_workspace/Final_lInux_allgpio/export/Final_lInux_allgpio/hw/Final_lInux_allgpio.xsa'.
20:55:26 INFO  : 'configparams mdm-detect-bscan-mask 2' command is executed.
20:55:26 INFO  : Context for processor 'microblaze_0' is selected.
20:55:26 INFO  : System reset is completed.
20:55:29 INFO  : 'after 3000' command is executed.
20:55:29 INFO  : Context for processor 'microblaze_0' is selected.
20:55:30 INFO  : The application 'C:/Users/doluwamu.kaye/Documents/GitHub/Linux_Microblaze_Final/Linux_Vitis_workspace/Gpiotest/Debug/Gpiotest.elf' is downloaded to processor 'microblaze_0'.
20:55:30 INFO  : ----------------XSDB Script----------------
connect -url tcp:127.0.0.1:3121
targets -set -filter {jtag_cable_name =~ "Digilent Nexys A7 -100T 210292B61CF1A" && level==0 && jtag_device_ctx=="jsn-Nexys A7 -100T-210292B61CF1A-13631093-0"}
fpga -file C:/Users/doluwamu.kaye/Documents/GitHub/Linux_Microblaze_Final/Linux_Vitis_workspace/Gpiotest/_ide/bitstream/Final_lInux_allgpio.bit
targets -set -nocase -filter {name =~ "*microblaze*#0" && bscan=="USER2" }
loadhw -hw C:/Users/doluwamu.kaye/Documents/GitHub/Linux_Microblaze_Final/Linux_Vitis_workspace/Final_lInux_allgpio/export/Final_lInux_allgpio/hw/Final_lInux_allgpio.xsa -regs
configparams mdm-detect-bscan-mask 2
targets -set -nocase -filter {name =~ "*microblaze*#0" && bscan=="USER2" }
rst -system
after 3000
targets -set -nocase -filter {name =~ "*microblaze*#0" && bscan=="USER2" }
dow C:/Users/doluwamu.kaye/Documents/GitHub/Linux_Microblaze_Final/Linux_Vitis_workspace/Gpiotest/Debug/Gpiotest.elf
----------------End of Script----------------

20:55:30 INFO  : Context for processor 'microblaze_0' is selected.
20:55:30 INFO  : 'con' command is executed.
20:55:30 INFO  : ----------------XSDB Script (After Launch)----------------
targets -set -nocase -filter {name =~ "*microblaze*#0" && bscan=="USER2" }
con
----------------End of Script----------------

20:55:30 INFO  : Launch script is exported to file 'C:\Users\doluwamu.kaye\Documents\GitHub\Linux_Microblaze_Final\Linux_Vitis_workspace\Gpiotest_system\_ide\scripts\debugger_gpiotest-default.tcl'
20:57:34 INFO  : Checking for BSP changes to sync application flags for project 'Gpiotest'...
21:03:08 INFO  : Checking for BSP changes to sync application flags for project 'Gpiotest'...
21:03:46 INFO  : Disconnected from the channel tcfchan#3.
21:03:47 INFO  : Connected to target on host '127.0.0.1' and port '3121'.
21:03:56 INFO  : ----------------XSDB Script----------------
connect -url tcp:127.0.0.1:3121
----------------End of Script----------------

21:03:56 ERROR : Could not find FPGA device on the board for connection 'Local'.


Troubleshooting hints:
1. Check whether board is connected to system properly.
2. In case of zynq board, check whether Digilent/Xilinx cable switch settings are correct.
3. If you are using Xilinx Platform Cable USB, ensure that status LED is green.
21:04:07 INFO  : Connected to target on host '127.0.0.1' and port '3121'.
21:04:07 INFO  : Jtag cable 'Digilent Nexys A7 -100T 210292B61CF1A' is selected.
21:04:07 INFO  : 'jtag frequency' command is executed.
21:04:07 INFO  : 'targets -set -filter {jtag_cable_name =~ "Digilent Nexys A7 -100T 210292B61CF1A" && level==0 && jtag_device_ctx=="jsn-Nexys A7 -100T-210292B61CF1A-13631093-0"}' command is executed.
21:04:09 INFO  : Device configured successfully with "C:/Users/doluwamu.kaye/Documents/GitHub/Linux_Microblaze_Final/Linux_Vitis_workspace/Gpiotest/_ide/bitstream/Final_lInux_allgpio.bit"
21:04:09 INFO  : Context for processor 'microblaze_0' is selected.
21:04:10 INFO  : Hardware design and registers information is loaded from 'C:/Users/doluwamu.kaye/Documents/GitHub/Linux_Microblaze_Final/Linux_Vitis_workspace/Final_lInux_allgpio/export/Final_lInux_allgpio/hw/Final_lInux_allgpio.xsa'.
21:04:10 INFO  : 'configparams mdm-detect-bscan-mask 2' command is executed.
21:04:10 INFO  : Context for processor 'microblaze_0' is selected.
21:04:10 INFO  : System reset is completed.
21:04:13 INFO  : 'after 3000' command is executed.
21:04:13 INFO  : Context for processor 'microblaze_0' is selected.
21:04:13 INFO  : The application 'C:/Users/doluwamu.kaye/Documents/GitHub/Linux_Microblaze_Final/Linux_Vitis_workspace/Gpiotest/Debug/Gpiotest.elf' is downloaded to processor 'microblaze_0'.
21:04:13 INFO  : ----------------XSDB Script----------------
connect -url tcp:127.0.0.1:3121
targets -set -filter {jtag_cable_name =~ "Digilent Nexys A7 -100T 210292B61CF1A" && level==0 && jtag_device_ctx=="jsn-Nexys A7 -100T-210292B61CF1A-13631093-0"}
fpga -file C:/Users/doluwamu.kaye/Documents/GitHub/Linux_Microblaze_Final/Linux_Vitis_workspace/Gpiotest/_ide/bitstream/Final_lInux_allgpio.bit
targets -set -nocase -filter {name =~ "*microblaze*#0" && bscan=="USER2" }
loadhw -hw C:/Users/doluwamu.kaye/Documents/GitHub/Linux_Microblaze_Final/Linux_Vitis_workspace/Final_lInux_allgpio/export/Final_lInux_allgpio/hw/Final_lInux_allgpio.xsa -regs
configparams mdm-detect-bscan-mask 2
targets -set -nocase -filter {name =~ "*microblaze*#0" && bscan=="USER2" }
rst -system
after 3000
targets -set -nocase -filter {name =~ "*microblaze*#0" && bscan=="USER2" }
dow C:/Users/doluwamu.kaye/Documents/GitHub/Linux_Microblaze_Final/Linux_Vitis_workspace/Gpiotest/Debug/Gpiotest.elf
----------------End of Script----------------

21:04:13 INFO  : Context for processor 'microblaze_0' is selected.
21:04:13 INFO  : 'con' command is executed.
21:04:13 INFO  : ----------------XSDB Script (After Launch)----------------
targets -set -nocase -filter {name =~ "*microblaze*#0" && bscan=="USER2" }
con
----------------End of Script----------------

21:04:13 INFO  : Launch script is exported to file 'C:\Users\doluwamu.kaye\Documents\GitHub\Linux_Microblaze_Final\Linux_Vitis_workspace\Gpiotest_system\_ide\scripts\debugger_gpiotest-default.tcl'
21:44:49 INFO  : Disconnected from the channel tcfchan#4.
21:44:50 INFO  : Connected to target on host '127.0.0.1' and port '3121'.
21:44:51 INFO  : Jtag cable 'Digilent Nexys A7 -100T 210292B61CF1A' is selected.
21:44:51 INFO  : 'jtag frequency' command is executed.
21:44:51 INFO  : 'targets -set -filter {jtag_cable_name =~ "Digilent Nexys A7 -100T 210292B61CF1A" && level==0 && jtag_device_ctx=="jsn-Nexys A7 -100T-210292B61CF1A-13631093-0"}' command is executed.
21:44:53 INFO  : Device configured successfully with "C:/Users/doluwamu.kaye/Documents/GitHub/Linux_Microblaze_Final/Linux_Vitis_workspace/Gpiotest/_ide/bitstream/Final_lInux_allgpio.bit"
21:44:54 INFO  : Context for processor 'microblaze_0' is selected.
21:44:54 INFO  : Hardware design and registers information is loaded from 'C:/Users/doluwamu.kaye/Documents/GitHub/Linux_Microblaze_Final/Linux_Vitis_workspace/Final_lInux_allgpio/export/Final_lInux_allgpio/hw/Final_lInux_allgpio.xsa'.
21:44:54 INFO  : 'configparams mdm-detect-bscan-mask 2' command is executed.
21:44:54 INFO  : Context for processor 'microblaze_0' is selected.
21:44:54 INFO  : System reset is completed.
21:44:57 INFO  : 'after 3000' command is executed.
21:44:57 INFO  : Context for processor 'microblaze_0' is selected.
21:44:57 INFO  : The application 'C:/Users/doluwamu.kaye/Documents/GitHub/Linux_Microblaze_Final/Linux_Vitis_workspace/Gpiotest/Debug/Gpiotest.elf' is downloaded to processor 'microblaze_0'.
21:44:57 INFO  : ----------------XSDB Script----------------
connect -url tcp:127.0.0.1:3121
targets -set -filter {jtag_cable_name =~ "Digilent Nexys A7 -100T 210292B61CF1A" && level==0 && jtag_device_ctx=="jsn-Nexys A7 -100T-210292B61CF1A-13631093-0"}
fpga -file C:/Users/doluwamu.kaye/Documents/GitHub/Linux_Microblaze_Final/Linux_Vitis_workspace/Gpiotest/_ide/bitstream/Final_lInux_allgpio.bit
targets -set -nocase -filter {name =~ "*microblaze*#0" && bscan=="USER2" }
loadhw -hw C:/Users/doluwamu.kaye/Documents/GitHub/Linux_Microblaze_Final/Linux_Vitis_workspace/Final_lInux_allgpio/export/Final_lInux_allgpio/hw/Final_lInux_allgpio.xsa -regs
configparams mdm-detect-bscan-mask 2
targets -set -nocase -filter {name =~ "*microblaze*#0" && bscan=="USER2" }
rst -system
after 3000
targets -set -nocase -filter {name =~ "*microblaze*#0" && bscan=="USER2" }
dow C:/Users/doluwamu.kaye/Documents/GitHub/Linux_Microblaze_Final/Linux_Vitis_workspace/Gpiotest/Debug/Gpiotest.elf
----------------End of Script----------------

21:44:57 INFO  : Context for processor 'microblaze_0' is selected.
21:44:57 INFO  : 'con' command is executed.
21:44:57 INFO  : ----------------XSDB Script (After Launch)----------------
targets -set -nocase -filter {name =~ "*microblaze*#0" && bscan=="USER2" }
con
----------------End of Script----------------

21:44:57 INFO  : Launch script is exported to file 'C:\Users\doluwamu.kaye\Documents\GitHub\Linux_Microblaze_Final\Linux_Vitis_workspace\Gpiotest_system\_ide\scripts\debugger_gpiotest-default.tcl'
22:14:03 INFO  : Checking for BSP changes to sync application flags for project 'Gpiotest'...
22:14:19 INFO  : Disconnected from the channel tcfchan#5.
22:14:20 INFO  : Connected to target on host '127.0.0.1' and port '3121'.
22:14:21 INFO  : Jtag cable 'Digilent Nexys A7 -100T 210292B61CF1A' is selected.
22:14:21 INFO  : 'jtag frequency' command is executed.
22:14:21 INFO  : 'targets -set -filter {jtag_cable_name =~ "Digilent Nexys A7 -100T 210292B61CF1A" && level==0 && jtag_device_ctx=="jsn-Nexys A7 -100T-210292B61CF1A-13631093-0"}' command is executed.
22:14:23 INFO  : Device configured successfully with "C:/Users/doluwamu.kaye/Documents/GitHub/Linux_Microblaze_Final/Linux_Vitis_workspace/Gpiotest/_ide/bitstream/Final_lInux_allgpio.bit"
22:14:23 INFO  : Context for processor 'microblaze_0' is selected.
22:14:23 INFO  : Hardware design and registers information is loaded from 'C:/Users/doluwamu.kaye/Documents/GitHub/Linux_Microblaze_Final/Linux_Vitis_workspace/Final_lInux_allgpio/export/Final_lInux_allgpio/hw/Final_lInux_allgpio.xsa'.
22:14:23 INFO  : 'configparams mdm-detect-bscan-mask 2' command is executed.
22:14:23 INFO  : Context for processor 'microblaze_0' is selected.
22:14:23 INFO  : System reset is completed.
22:14:26 INFO  : 'after 3000' command is executed.
22:14:26 INFO  : Context for processor 'microblaze_0' is selected.
22:14:26 INFO  : The application 'C:/Users/doluwamu.kaye/Documents/GitHub/Linux_Microblaze_Final/Linux_Vitis_workspace/Gpiotest/Debug/Gpiotest.elf' is downloaded to processor 'microblaze_0'.
22:14:26 INFO  : ----------------XSDB Script----------------
connect -url tcp:127.0.0.1:3121
targets -set -filter {jtag_cable_name =~ "Digilent Nexys A7 -100T 210292B61CF1A" && level==0 && jtag_device_ctx=="jsn-Nexys A7 -100T-210292B61CF1A-13631093-0"}
fpga -file C:/Users/doluwamu.kaye/Documents/GitHub/Linux_Microblaze_Final/Linux_Vitis_workspace/Gpiotest/_ide/bitstream/Final_lInux_allgpio.bit
targets -set -nocase -filter {name =~ "*microblaze*#0" && bscan=="USER2" }
loadhw -hw C:/Users/doluwamu.kaye/Documents/GitHub/Linux_Microblaze_Final/Linux_Vitis_workspace/Final_lInux_allgpio/export/Final_lInux_allgpio/hw/Final_lInux_allgpio.xsa -regs
configparams mdm-detect-bscan-mask 2
targets -set -nocase -filter {name =~ "*microblaze*#0" && bscan=="USER2" }
rst -system
after 3000
targets -set -nocase -filter {name =~ "*microblaze*#0" && bscan=="USER2" }
dow C:/Users/doluwamu.kaye/Documents/GitHub/Linux_Microblaze_Final/Linux_Vitis_workspace/Gpiotest/Debug/Gpiotest.elf
----------------End of Script----------------

22:14:27 INFO  : Context for processor 'microblaze_0' is selected.
22:14:27 INFO  : 'con' command is executed.
22:14:27 INFO  : ----------------XSDB Script (After Launch)----------------
targets -set -nocase -filter {name =~ "*microblaze*#0" && bscan=="USER2" }
con
----------------End of Script----------------

22:14:27 INFO  : Launch script is exported to file 'C:\Users\doluwamu.kaye\Documents\GitHub\Linux_Microblaze_Final\Linux_Vitis_workspace\Gpiotest_system\_ide\scripts\debugger_gpiotest-default.tcl'
22:39:54 INFO  : Checking for BSP changes to sync application flags for project 'Gpiotest'...
22:40:04 INFO  : Disconnected from the channel tcfchan#6.
22:40:05 INFO  : Connected to target on host '127.0.0.1' and port '3121'.
22:40:05 INFO  : Jtag cable 'Digilent Nexys A7 -100T 210292B61CF1A' is selected.
22:40:05 INFO  : 'jtag frequency' command is executed.
22:40:05 INFO  : 'targets -set -filter {jtag_cable_name =~ "Digilent Nexys A7 -100T 210292B61CF1A" && level==0 && jtag_device_ctx=="jsn-Nexys A7 -100T-210292B61CF1A-13631093-0"}' command is executed.
22:40:07 INFO  : Device configured successfully with "C:/Users/doluwamu.kaye/Documents/GitHub/Linux_Microblaze_Final/Linux_Vitis_workspace/Gpiotest/_ide/bitstream/Final_lInux_allgpio.bit"
22:40:08 INFO  : Context for processor 'microblaze_0' is selected.
22:40:08 INFO  : Hardware design and registers information is loaded from 'C:/Users/doluwamu.kaye/Documents/GitHub/Linux_Microblaze_Final/Linux_Vitis_workspace/Final_lInux_allgpio/export/Final_lInux_allgpio/hw/Final_lInux_allgpio.xsa'.
22:40:08 INFO  : 'configparams mdm-detect-bscan-mask 2' command is executed.
22:40:08 INFO  : Context for processor 'microblaze_0' is selected.
22:40:08 INFO  : System reset is completed.
22:40:11 INFO  : 'after 3000' command is executed.
22:40:11 INFO  : Context for processor 'microblaze_0' is selected.
22:40:11 INFO  : The application 'C:/Users/doluwamu.kaye/Documents/GitHub/Linux_Microblaze_Final/Linux_Vitis_workspace/Gpiotest/Debug/Gpiotest.elf' is downloaded to processor 'microblaze_0'.
22:40:11 INFO  : ----------------XSDB Script----------------
connect -url tcp:127.0.0.1:3121
targets -set -filter {jtag_cable_name =~ "Digilent Nexys A7 -100T 210292B61CF1A" && level==0 && jtag_device_ctx=="jsn-Nexys A7 -100T-210292B61CF1A-13631093-0"}
fpga -file C:/Users/doluwamu.kaye/Documents/GitHub/Linux_Microblaze_Final/Linux_Vitis_workspace/Gpiotest/_ide/bitstream/Final_lInux_allgpio.bit
targets -set -nocase -filter {name =~ "*microblaze*#0" && bscan=="USER2" }
loadhw -hw C:/Users/doluwamu.kaye/Documents/GitHub/Linux_Microblaze_Final/Linux_Vitis_workspace/Final_lInux_allgpio/export/Final_lInux_allgpio/hw/Final_lInux_allgpio.xsa -regs
configparams mdm-detect-bscan-mask 2
targets -set -nocase -filter {name =~ "*microblaze*#0" && bscan=="USER2" }
rst -system
after 3000
targets -set -nocase -filter {name =~ "*microblaze*#0" && bscan=="USER2" }
dow C:/Users/doluwamu.kaye/Documents/GitHub/Linux_Microblaze_Final/Linux_Vitis_workspace/Gpiotest/Debug/Gpiotest.elf
----------------End of Script----------------

22:40:11 INFO  : Context for processor 'microblaze_0' is selected.
22:40:11 INFO  : 'con' command is executed.
22:40:11 INFO  : ----------------XSDB Script (After Launch)----------------
targets -set -nocase -filter {name =~ "*microblaze*#0" && bscan=="USER2" }
con
----------------End of Script----------------

22:40:11 INFO  : Launch script is exported to file 'C:\Users\doluwamu.kaye\Documents\GitHub\Linux_Microblaze_Final\Linux_Vitis_workspace\Gpiotest_system\_ide\scripts\debugger_gpiotest-default.tcl'
22:42:30 INFO  : Checking for BSP changes to sync application flags for project 'Gpiotest'...
22:42:50 INFO  : Disconnected from the channel tcfchan#7.
22:42:51 INFO  : Connected to target on host '127.0.0.1' and port '3121'.
22:43:01 INFO  : ----------------XSDB Script----------------
connect -url tcp:127.0.0.1:3121
----------------End of Script----------------

22:43:01 ERROR : Could not find FPGA device on the board for connection 'Local'.


Troubleshooting hints:
1. Check whether board is connected to system properly.
2. In case of zynq board, check whether Digilent/Xilinx cable switch settings are correct.
3. If you are using Xilinx Platform Cable USB, ensure that status LED is green.
22:43:06 INFO  : Connected to target on host '127.0.0.1' and port '3121'.
22:43:06 INFO  : Jtag cable 'Digilent Nexys A7 -100T 210292B61CF1A' is selected.
22:43:06 INFO  : 'jtag frequency' command is executed.
22:43:07 INFO  : 'targets -set -filter {jtag_cable_name =~ "Digilent Nexys A7 -100T 210292B61CF1A" && level==0 && jtag_device_ctx=="jsn-Nexys A7 -100T-210292B61CF1A-13631093-0"}' command is executed.
22:43:09 INFO  : Device configured successfully with "C:/Users/doluwamu.kaye/Documents/GitHub/Linux_Microblaze_Final/Linux_Vitis_workspace/Gpiotest/_ide/bitstream/Final_lInux_allgpio.bit"
22:43:09 INFO  : Context for processor 'microblaze_0' is selected.
22:43:09 INFO  : Hardware design and registers information is loaded from 'C:/Users/doluwamu.kaye/Documents/GitHub/Linux_Microblaze_Final/Linux_Vitis_workspace/Final_lInux_allgpio/export/Final_lInux_allgpio/hw/Final_lInux_allgpio.xsa'.
22:43:09 INFO  : 'configparams mdm-detect-bscan-mask 2' command is executed.
22:43:09 INFO  : Context for processor 'microblaze_0' is selected.
22:43:09 INFO  : System reset is completed.
22:43:12 INFO  : 'after 3000' command is executed.
22:43:12 INFO  : Context for processor 'microblaze_0' is selected.
22:43:12 INFO  : The application 'C:/Users/doluwamu.kaye/Documents/GitHub/Linux_Microblaze_Final/Linux_Vitis_workspace/Gpiotest/Debug/Gpiotest.elf' is downloaded to processor 'microblaze_0'.
22:43:12 INFO  : ----------------XSDB Script----------------
connect -url tcp:127.0.0.1:3121
targets -set -filter {jtag_cable_name =~ "Digilent Nexys A7 -100T 210292B61CF1A" && level==0 && jtag_device_ctx=="jsn-Nexys A7 -100T-210292B61CF1A-13631093-0"}
fpga -file C:/Users/doluwamu.kaye/Documents/GitHub/Linux_Microblaze_Final/Linux_Vitis_workspace/Gpiotest/_ide/bitstream/Final_lInux_allgpio.bit
targets -set -nocase -filter {name =~ "*microblaze*#0" && bscan=="USER2" }
loadhw -hw C:/Users/doluwamu.kaye/Documents/GitHub/Linux_Microblaze_Final/Linux_Vitis_workspace/Final_lInux_allgpio/export/Final_lInux_allgpio/hw/Final_lInux_allgpio.xsa -regs
configparams mdm-detect-bscan-mask 2
targets -set -nocase -filter {name =~ "*microblaze*#0" && bscan=="USER2" }
rst -system
after 3000
targets -set -nocase -filter {name =~ "*microblaze*#0" && bscan=="USER2" }
dow C:/Users/doluwamu.kaye/Documents/GitHub/Linux_Microblaze_Final/Linux_Vitis_workspace/Gpiotest/Debug/Gpiotest.elf
----------------End of Script----------------

22:43:12 INFO  : Context for processor 'microblaze_0' is selected.
22:43:12 INFO  : 'con' command is executed.
22:43:12 INFO  : ----------------XSDB Script (After Launch)----------------
targets -set -nocase -filter {name =~ "*microblaze*#0" && bscan=="USER2" }
con
----------------End of Script----------------

22:43:12 INFO  : Launch script is exported to file 'C:\Users\doluwamu.kaye\Documents\GitHub\Linux_Microblaze_Final\Linux_Vitis_workspace\Gpiotest_system\_ide\scripts\debugger_gpiotest-default.tcl'
22:46:16 INFO  : Checking for BSP changes to sync application flags for project 'Gpiotest'...
22:46:27 INFO  : Disconnected from the channel tcfchan#8.
22:46:28 INFO  : Connected to target on host '127.0.0.1' and port '3121'.
22:46:28 INFO  : Jtag cable 'Digilent Nexys A7 -100T 210292B61CF1A' is selected.
22:46:28 INFO  : 'jtag frequency' command is executed.
22:46:28 INFO  : 'targets -set -filter {jtag_cable_name =~ "Digilent Nexys A7 -100T 210292B61CF1A" && level==0 && jtag_device_ctx=="jsn-Nexys A7 -100T-210292B61CF1A-13631093-0"}' command is executed.
22:46:30 INFO  : Device configured successfully with "C:/Users/doluwamu.kaye/Documents/GitHub/Linux_Microblaze_Final/Linux_Vitis_workspace/Gpiotest/_ide/bitstream/Final_lInux_allgpio.bit"
22:46:31 INFO  : Context for processor 'microblaze_0' is selected.
22:46:31 INFO  : Hardware design and registers information is loaded from 'C:/Users/doluwamu.kaye/Documents/GitHub/Linux_Microblaze_Final/Linux_Vitis_workspace/Final_lInux_allgpio/export/Final_lInux_allgpio/hw/Final_lInux_allgpio.xsa'.
22:46:31 INFO  : 'configparams mdm-detect-bscan-mask 2' command is executed.
22:46:31 INFO  : Context for processor 'microblaze_0' is selected.
22:46:31 INFO  : System reset is completed.
22:46:34 INFO  : 'after 3000' command is executed.
22:46:34 INFO  : Context for processor 'microblaze_0' is selected.
22:46:34 INFO  : The application 'C:/Users/doluwamu.kaye/Documents/GitHub/Linux_Microblaze_Final/Linux_Vitis_workspace/Gpiotest/Debug/Gpiotest.elf' is downloaded to processor 'microblaze_0'.
22:46:34 INFO  : ----------------XSDB Script----------------
connect -url tcp:127.0.0.1:3121
targets -set -filter {jtag_cable_name =~ "Digilent Nexys A7 -100T 210292B61CF1A" && level==0 && jtag_device_ctx=="jsn-Nexys A7 -100T-210292B61CF1A-13631093-0"}
fpga -file C:/Users/doluwamu.kaye/Documents/GitHub/Linux_Microblaze_Final/Linux_Vitis_workspace/Gpiotest/_ide/bitstream/Final_lInux_allgpio.bit
targets -set -nocase -filter {name =~ "*microblaze*#0" && bscan=="USER2" }
loadhw -hw C:/Users/doluwamu.kaye/Documents/GitHub/Linux_Microblaze_Final/Linux_Vitis_workspace/Final_lInux_allgpio/export/Final_lInux_allgpio/hw/Final_lInux_allgpio.xsa -regs
configparams mdm-detect-bscan-mask 2
targets -set -nocase -filter {name =~ "*microblaze*#0" && bscan=="USER2" }
rst -system
after 3000
targets -set -nocase -filter {name =~ "*microblaze*#0" && bscan=="USER2" }
dow C:/Users/doluwamu.kaye/Documents/GitHub/Linux_Microblaze_Final/Linux_Vitis_workspace/Gpiotest/Debug/Gpiotest.elf
----------------End of Script----------------

22:46:34 INFO  : Context for processor 'microblaze_0' is selected.
22:46:34 INFO  : 'con' command is executed.
22:46:34 INFO  : ----------------XSDB Script (After Launch)----------------
targets -set -nocase -filter {name =~ "*microblaze*#0" && bscan=="USER2" }
con
----------------End of Script----------------

22:46:34 INFO  : Launch script is exported to file 'C:\Users\doluwamu.kaye\Documents\GitHub\Linux_Microblaze_Final\Linux_Vitis_workspace\Gpiotest_system\_ide\scripts\debugger_gpiotest-default.tcl'
22:53:12 INFO  : Checking for BSP changes to sync application flags for project 'Gpiotest'...
23:07:50 INFO  : Checking for BSP changes to sync application flags for project 'Gpiotest'...
23:08:59 INFO  : Checking for BSP changes to sync application flags for project 'Gpiotest'...
23:09:23 INFO  : Disconnected from the channel tcfchan#9.
23:09:24 INFO  : Connected to target on host '127.0.0.1' and port '3121'.
23:09:24 INFO  : Jtag cable 'Digilent Nexys A7 -100T 210292B61CF1A' is selected.
23:09:24 INFO  : 'jtag frequency' command is executed.
23:09:25 INFO  : 'targets -set -filter {jtag_cable_name =~ "Digilent Nexys A7 -100T 210292B61CF1A" && level==0 && jtag_device_ctx=="jsn-Nexys A7 -100T-210292B61CF1A-13631093-0"}' command is executed.
23:09:27 INFO  : Device configured successfully with "C:/Users/doluwamu.kaye/Documents/GitHub/Linux_Microblaze_Final/Linux_Vitis_workspace/Gpiotest/_ide/bitstream/Final_lInux_allgpio.bit"
23:09:27 INFO  : Context for processor 'microblaze_0' is selected.
23:09:27 INFO  : Hardware design and registers information is loaded from 'C:/Users/doluwamu.kaye/Documents/GitHub/Linux_Microblaze_Final/Linux_Vitis_workspace/Final_lInux_allgpio/export/Final_lInux_allgpio/hw/Final_lInux_allgpio.xsa'.
23:09:27 INFO  : 'configparams mdm-detect-bscan-mask 2' command is executed.
23:09:27 INFO  : Context for processor 'microblaze_0' is selected.
23:09:27 INFO  : System reset is completed.
23:09:30 INFO  : 'after 3000' command is executed.
23:09:31 INFO  : Context for processor 'microblaze_0' is selected.
23:09:31 INFO  : The application 'C:/Users/doluwamu.kaye/Documents/GitHub/Linux_Microblaze_Final/Linux_Vitis_workspace/Gpiotest/Debug/Gpiotest.elf' is downloaded to processor 'microblaze_0'.
23:09:31 INFO  : ----------------XSDB Script----------------
connect -url tcp:127.0.0.1:3121
targets -set -filter {jtag_cable_name =~ "Digilent Nexys A7 -100T 210292B61CF1A" && level==0 && jtag_device_ctx=="jsn-Nexys A7 -100T-210292B61CF1A-13631093-0"}
fpga -file C:/Users/doluwamu.kaye/Documents/GitHub/Linux_Microblaze_Final/Linux_Vitis_workspace/Gpiotest/_ide/bitstream/Final_lInux_allgpio.bit
targets -set -nocase -filter {name =~ "*microblaze*#0" && bscan=="USER2" }
loadhw -hw C:/Users/doluwamu.kaye/Documents/GitHub/Linux_Microblaze_Final/Linux_Vitis_workspace/Final_lInux_allgpio/export/Final_lInux_allgpio/hw/Final_lInux_allgpio.xsa -regs
configparams mdm-detect-bscan-mask 2
targets -set -nocase -filter {name =~ "*microblaze*#0" && bscan=="USER2" }
rst -system
after 3000
targets -set -nocase -filter {name =~ "*microblaze*#0" && bscan=="USER2" }
dow C:/Users/doluwamu.kaye/Documents/GitHub/Linux_Microblaze_Final/Linux_Vitis_workspace/Gpiotest/Debug/Gpiotest.elf
----------------End of Script----------------

23:09:31 INFO  : Context for processor 'microblaze_0' is selected.
23:09:31 INFO  : 'con' command is executed.
23:09:31 INFO  : ----------------XSDB Script (After Launch)----------------
targets -set -nocase -filter {name =~ "*microblaze*#0" && bscan=="USER2" }
con
----------------End of Script----------------

23:09:31 INFO  : Launch script is exported to file 'C:\Users\doluwamu.kaye\Documents\GitHub\Linux_Microblaze_Final\Linux_Vitis_workspace\Gpiotest_system\_ide\scripts\debugger_gpiotest-default.tcl'
23:10:02 INFO  : Disconnected from the channel tcfchan#10.
