11:16:13 DEBUG : Logs will be stored at 'C:/Users/doluwamu.kaye/Documents/GitHub/Linux_Microblaze_V1.0/IDE.log'.
11:16:17 INFO  : Platform repository initialization has completed.
11:16:17 INFO  : Launching XSCT server: xsct.bat -n  -interactive C:\Users\doluwamu.kaye\Documents\GitHub\Linux_Microblaze_V1.0\temp_xsdb_launch_script.tcl
11:16:17 INFO  : Registering command handlers for Vitis TCF services
11:16:22 INFO  : XSCT server has started successfully.
11:16:26 INFO  : Successfully done setting XSCT server connection channel  
11:16:26 INFO  : plnx-install-location is set to ''
11:16:26 INFO  : Successfully done query RDI_DATADIR 
11:16:26 INFO  : Successfully done setting workspace for the tool. 
11:17:31 INFO  : Result from executing command 'getProjects': Linux_bd_wrapper
11:17:31 INFO  : Result from executing command 'getPlatforms': 
11:17:31 WARN  : An unexpected exception occurred in the module 'platform project logging'
11:17:31 INFO  : Platform 'Linux_bd_wrapper' is added to custom repositories.
11:17:35 INFO  : Platform 'Linux_bd_wrapper' is added to custom repositories.
11:20:16 INFO  : Result from executing command 'getProjects': Linux_bd_wrapper
11:20:16 INFO  : Result from executing command 'getPlatforms': Linux_bd_wrapper|C:/Users/doluwamu.kaye/Documents/GitHub/Linux_Microblaze_V1.0/Linux_bd_wrapper/export/Linux_bd_wrapper/Linux_bd_wrapper.xpfm
11:20:16 INFO  : Checking for BSP changes to sync application flags for project 'Linux_mb'...
11:23:45 INFO  : Checking for BSP changes to sync application flags for project 'Linux_mb'...
11:23:59 INFO  : Connected to target on host '127.0.0.1' and port '3121'.
11:23:59 INFO  : Jtag cable 'Digilent Nexys A7 -100T 210292B61CF1A' is selected.
11:23:59 INFO  : 'jtag frequency' command is executed.
11:23:59 INFO  : 'targets -set -filter {jtag_cable_name =~ "Digilent Nexys A7 -100T 210292B61CF1A" && level==0 && jtag_device_ctx=="jsn-Nexys A7 -100T-210292B61CF1A-13631093-0"}' command is executed.
11:24:01 INFO  : Device configured successfully with "C:/Users/doluwamu.kaye/Documents/GitHub/Linux_Microblaze_V1.0/Linux_mb/_ide/bitstream/Linux_bd_wrapper.bit"
11:24:01 INFO  : Context for processor 'microblaze_0' is selected.
11:24:02 INFO  : Hardware design and registers information is loaded from 'C:/Users/doluwamu.kaye/Documents/GitHub/Linux_Microblaze_V1.0/Linux_bd_wrapper/export/Linux_bd_wrapper/hw/Linux_bd_wrapper.xsa'.
11:24:02 INFO  : 'configparams mdm-detect-bscan-mask 2' command is executed.
11:24:02 INFO  : Context for processor 'microblaze_0' is selected.
11:24:02 INFO  : System reset is completed.
11:24:05 INFO  : 'after 3000' command is executed.
11:24:05 INFO  : Context for processor 'microblaze_0' is selected.
11:24:05 INFO  : The application 'C:/Users/doluwamu.kaye/Documents/GitHub/Linux_Microblaze_V1.0/Linux_mb/Debug/Linux_mb.elf' is downloaded to processor 'microblaze_0'.
11:24:05 INFO  : ----------------XSDB Script----------------
connect -url tcp:127.0.0.1:3121
targets -set -filter {jtag_cable_name =~ "Digilent Nexys A7 -100T 210292B61CF1A" && level==0 && jtag_device_ctx=="jsn-Nexys A7 -100T-210292B61CF1A-13631093-0"}
fpga -file C:/Users/doluwamu.kaye/Documents/GitHub/Linux_Microblaze_V1.0/Linux_mb/_ide/bitstream/Linux_bd_wrapper.bit
targets -set -nocase -filter {name =~ "*microblaze*#0" && bscan=="USER2" }
loadhw -hw C:/Users/doluwamu.kaye/Documents/GitHub/Linux_Microblaze_V1.0/Linux_bd_wrapper/export/Linux_bd_wrapper/hw/Linux_bd_wrapper.xsa -regs
configparams mdm-detect-bscan-mask 2
targets -set -nocase -filter {name =~ "*microblaze*#0" && bscan=="USER2" }
rst -system
after 3000
targets -set -nocase -filter {name =~ "*microblaze*#0" && bscan=="USER2" }
dow C:/Users/doluwamu.kaye/Documents/GitHub/Linux_Microblaze_V1.0/Linux_mb/Debug/Linux_mb.elf
----------------End of Script----------------

11:24:05 INFO  : Context for processor 'microblaze_0' is selected.
11:24:05 INFO  : 'con' command is executed.
11:24:05 INFO  : ----------------XSDB Script (After Launch)----------------
targets -set -nocase -filter {name =~ "*microblaze*#0" && bscan=="USER2" }
con
----------------End of Script----------------

11:24:05 INFO  : Launch script is exported to file 'C:\Users\doluwamu.kaye\Documents\GitHub\Linux_Microblaze_V1.0\Linux_mb_system\_ide\scripts\debugger_linux_mb-default.tcl'
11:27:06 INFO  : Checking for BSP changes to sync application flags for project 'Linux_mb'...
11:30:53 INFO  : Checking for BSP changes to sync application flags for project 'Linux_mb'...
11:31:16 INFO  : Disconnected from the channel tcfchan#2.
11:31:17 INFO  : Connected to target on host '127.0.0.1' and port '3121'.
11:31:17 INFO  : Jtag cable 'Digilent Nexys A7 -100T 210292B61CF1A' is selected.
11:31:17 INFO  : 'jtag frequency' command is executed.
11:31:17 INFO  : 'targets -set -filter {jtag_cable_name =~ "Digilent Nexys A7 -100T 210292B61CF1A" && level==0 && jtag_device_ctx=="jsn-Nexys A7 -100T-210292B61CF1A-13631093-0"}' command is executed.
11:31:19 INFO  : Device configured successfully with "C:/Users/doluwamu.kaye/Documents/GitHub/Linux_Microblaze_V1.0/Linux_mb/_ide/bitstream/Linux_bd_wrapper.bit"
11:31:19 INFO  : Context for processor 'microblaze_0' is selected.
11:31:19 INFO  : Hardware design and registers information is loaded from 'C:/Users/doluwamu.kaye/Documents/GitHub/Linux_Microblaze_V1.0/Linux_bd_wrapper/export/Linux_bd_wrapper/hw/Linux_bd_wrapper.xsa'.
11:31:19 INFO  : 'configparams mdm-detect-bscan-mask 2' command is executed.
11:31:19 INFO  : Context for processor 'microblaze_0' is selected.
11:31:19 INFO  : System reset is completed.
11:31:22 INFO  : 'after 3000' command is executed.
11:31:23 INFO  : Context for processor 'microblaze_0' is selected.
11:31:23 INFO  : The application 'C:/Users/doluwamu.kaye/Documents/GitHub/Linux_Microblaze_V1.0/Linux_mb/Debug/Linux_mb.elf' is downloaded to processor 'microblaze_0'.
11:31:23 INFO  : ----------------XSDB Script----------------
connect -url tcp:127.0.0.1:3121
targets -set -filter {jtag_cable_name =~ "Digilent Nexys A7 -100T 210292B61CF1A" && level==0 && jtag_device_ctx=="jsn-Nexys A7 -100T-210292B61CF1A-13631093-0"}
fpga -file C:/Users/doluwamu.kaye/Documents/GitHub/Linux_Microblaze_V1.0/Linux_mb/_ide/bitstream/Linux_bd_wrapper.bit
targets -set -nocase -filter {name =~ "*microblaze*#0" && bscan=="USER2" }
loadhw -hw C:/Users/doluwamu.kaye/Documents/GitHub/Linux_Microblaze_V1.0/Linux_bd_wrapper/export/Linux_bd_wrapper/hw/Linux_bd_wrapper.xsa -regs
configparams mdm-detect-bscan-mask 2
targets -set -nocase -filter {name =~ "*microblaze*#0" && bscan=="USER2" }
rst -system
after 3000
targets -set -nocase -filter {name =~ "*microblaze*#0" && bscan=="USER2" }
dow C:/Users/doluwamu.kaye/Documents/GitHub/Linux_Microblaze_V1.0/Linux_mb/Debug/Linux_mb.elf
----------------End of Script----------------

11:31:23 INFO  : Context for processor 'microblaze_0' is selected.
11:31:23 INFO  : 'con' command is executed.
11:31:23 INFO  : ----------------XSDB Script (After Launch)----------------
targets -set -nocase -filter {name =~ "*microblaze*#0" && bscan=="USER2" }
con
----------------End of Script----------------

11:31:23 INFO  : Launch script is exported to file 'C:\Users\doluwamu.kaye\Documents\GitHub\Linux_Microblaze_V1.0\Linux_mb_system\_ide\scripts\debugger_linux_mb-default.tcl'
11:33:16 INFO  : Checking for BSP changes to sync application flags for project 'Linux_mb'...
11:33:24 INFO  : Disconnected from the channel tcfchan#3.
11:33:25 INFO  : Connected to target on host '127.0.0.1' and port '3121'.
11:33:25 INFO  : Jtag cable 'Digilent Nexys A7 -100T 210292B61CF1A' is selected.
11:33:25 INFO  : 'jtag frequency' command is executed.
11:33:25 INFO  : 'targets -set -filter {jtag_cable_name =~ "Digilent Nexys A7 -100T 210292B61CF1A" && level==0 && jtag_device_ctx=="jsn-Nexys A7 -100T-210292B61CF1A-13631093-0"}' command is executed.
11:33:27 INFO  : Device configured successfully with "C:/Users/doluwamu.kaye/Documents/GitHub/Linux_Microblaze_V1.0/Linux_mb/_ide/bitstream/Linux_bd_wrapper.bit"
11:33:28 INFO  : Context for processor 'microblaze_0' is selected.
11:33:28 INFO  : Hardware design and registers information is loaded from 'C:/Users/doluwamu.kaye/Documents/GitHub/Linux_Microblaze_V1.0/Linux_bd_wrapper/export/Linux_bd_wrapper/hw/Linux_bd_wrapper.xsa'.
11:33:28 INFO  : 'configparams mdm-detect-bscan-mask 2' command is executed.
11:33:28 INFO  : Context for processor 'microblaze_0' is selected.
11:33:28 INFO  : System reset is completed.
11:33:31 INFO  : 'after 3000' command is executed.
11:33:31 INFO  : Context for processor 'microblaze_0' is selected.
11:33:31 INFO  : The application 'C:/Users/doluwamu.kaye/Documents/GitHub/Linux_Microblaze_V1.0/Linux_mb/Debug/Linux_mb.elf' is downloaded to processor 'microblaze_0'.
11:33:31 INFO  : ----------------XSDB Script----------------
connect -url tcp:127.0.0.1:3121
targets -set -filter {jtag_cable_name =~ "Digilent Nexys A7 -100T 210292B61CF1A" && level==0 && jtag_device_ctx=="jsn-Nexys A7 -100T-210292B61CF1A-13631093-0"}
fpga -file C:/Users/doluwamu.kaye/Documents/GitHub/Linux_Microblaze_V1.0/Linux_mb/_ide/bitstream/Linux_bd_wrapper.bit
targets -set -nocase -filter {name =~ "*microblaze*#0" && bscan=="USER2" }
loadhw -hw C:/Users/doluwamu.kaye/Documents/GitHub/Linux_Microblaze_V1.0/Linux_bd_wrapper/export/Linux_bd_wrapper/hw/Linux_bd_wrapper.xsa -regs
configparams mdm-detect-bscan-mask 2
targets -set -nocase -filter {name =~ "*microblaze*#0" && bscan=="USER2" }
rst -system
after 3000
targets -set -nocase -filter {name =~ "*microblaze*#0" && bscan=="USER2" }
dow C:/Users/doluwamu.kaye/Documents/GitHub/Linux_Microblaze_V1.0/Linux_mb/Debug/Linux_mb.elf
----------------End of Script----------------

11:33:31 INFO  : Context for processor 'microblaze_0' is selected.
11:33:31 INFO  : 'con' command is executed.
11:33:31 INFO  : ----------------XSDB Script (After Launch)----------------
targets -set -nocase -filter {name =~ "*microblaze*#0" && bscan=="USER2" }
con
----------------End of Script----------------

11:33:31 INFO  : Launch script is exported to file 'C:\Users\doluwamu.kaye\Documents\GitHub\Linux_Microblaze_V1.0\Linux_mb_system\_ide\scripts\debugger_linux_mb-default.tcl'
11:49:16 INFO  : Checking for BSP changes to sync application flags for project 'Linux_mb'...
11:49:33 INFO  : Disconnected from the channel tcfchan#4.
11:49:34 INFO  : Connected to target on host '127.0.0.1' and port '3121'.
11:49:43 INFO  : ----------------XSDB Script----------------
connect -url tcp:127.0.0.1:3121
----------------End of Script----------------

11:49:43 ERROR : Could not find FPGA device on the board for connection 'Local'.


Troubleshooting hints:
1. Check whether board is connected to system properly.
2. In case of zynq board, check whether Digilent/Xilinx cable switch settings are correct.
3. If you are using Xilinx Platform Cable USB, ensure that status LED is green.
11:50:39 INFO  : Connected to target on host '127.0.0.1' and port '3121'.
11:50:39 INFO  : Jtag cable 'Digilent Nexys A7 -100T 210292B61CF1A' is selected.
11:50:39 INFO  : 'jtag frequency' command is executed.
11:50:39 INFO  : 'targets -set -filter {jtag_cable_name =~ "Digilent Nexys A7 -100T 210292B61CF1A" && level==0 && jtag_device_ctx=="jsn-Nexys A7 -100T-210292B61CF1A-13631093-0"}' command is executed.
11:50:41 INFO  : Device configured successfully with "C:/Users/doluwamu.kaye/Documents/GitHub/Linux_Microblaze_V1.0/Linux_mb/_ide/bitstream/Linux_bd_wrapper.bit"
11:50:41 INFO  : Context for processor 'microblaze_0' is selected.
11:50:41 INFO  : Hardware design and registers information is loaded from 'C:/Users/doluwamu.kaye/Documents/GitHub/Linux_Microblaze_V1.0/Linux_bd_wrapper/export/Linux_bd_wrapper/hw/Linux_bd_wrapper.xsa'.
11:50:41 INFO  : 'configparams mdm-detect-bscan-mask 2' command is executed.
11:50:41 INFO  : Context for processor 'microblaze_0' is selected.
11:50:41 INFO  : System reset is completed.
11:50:44 INFO  : 'after 3000' command is executed.
11:50:44 INFO  : Context for processor 'microblaze_0' is selected.
11:50:44 INFO  : The application 'C:/Users/doluwamu.kaye/Documents/GitHub/Linux_Microblaze_V1.0/Linux_mb/Debug/Linux_mb.elf' is downloaded to processor 'microblaze_0'.
11:50:44 INFO  : ----------------XSDB Script----------------
connect -url tcp:127.0.0.1:3121
targets -set -filter {jtag_cable_name =~ "Digilent Nexys A7 -100T 210292B61CF1A" && level==0 && jtag_device_ctx=="jsn-Nexys A7 -100T-210292B61CF1A-13631093-0"}
fpga -file C:/Users/doluwamu.kaye/Documents/GitHub/Linux_Microblaze_V1.0/Linux_mb/_ide/bitstream/Linux_bd_wrapper.bit
targets -set -nocase -filter {name =~ "*microblaze*#0" && bscan=="USER2" }
loadhw -hw C:/Users/doluwamu.kaye/Documents/GitHub/Linux_Microblaze_V1.0/Linux_bd_wrapper/export/Linux_bd_wrapper/hw/Linux_bd_wrapper.xsa -regs
configparams mdm-detect-bscan-mask 2
targets -set -nocase -filter {name =~ "*microblaze*#0" && bscan=="USER2" }
rst -system
after 3000
targets -set -nocase -filter {name =~ "*microblaze*#0" && bscan=="USER2" }
dow C:/Users/doluwamu.kaye/Documents/GitHub/Linux_Microblaze_V1.0/Linux_mb/Debug/Linux_mb.elf
----------------End of Script----------------

11:50:44 INFO  : Context for processor 'microblaze_0' is selected.
11:50:44 INFO  : 'con' command is executed.
11:50:44 INFO  : ----------------XSDB Script (After Launch)----------------
targets -set -nocase -filter {name =~ "*microblaze*#0" && bscan=="USER2" }
con
----------------End of Script----------------

11:50:44 INFO  : Launch script is exported to file 'C:\Users\doluwamu.kaye\Documents\GitHub\Linux_Microblaze_V1.0\Linux_mb_system\_ide\scripts\debugger_linux_mb-default.tcl'
12:08:30 INFO  : Checking for BSP changes to sync application flags for project 'Linux_mb'...
12:08:41 INFO  : Disconnected from the channel tcfchan#5.
12:08:42 INFO  : Connected to target on host '127.0.0.1' and port '3121'.
12:08:42 INFO  : Jtag cable 'Digilent Nexys A7 -100T 210292B61CF1A' is selected.
12:08:42 INFO  : 'jtag frequency' command is executed.
12:08:42 INFO  : 'targets -set -filter {jtag_cable_name =~ "Digilent Nexys A7 -100T 210292B61CF1A" && level==0 && jtag_device_ctx=="jsn-Nexys A7 -100T-210292B61CF1A-13631093-0"}' command is executed.
12:08:45 INFO  : Device configured successfully with "C:/Users/doluwamu.kaye/Documents/GitHub/Linux_Microblaze_V1.0/Linux_mb/_ide/bitstream/Linux_bd_wrapper.bit"
12:08:45 INFO  : Context for processor 'microblaze_0' is selected.
12:08:45 INFO  : Hardware design and registers information is loaded from 'C:/Users/doluwamu.kaye/Documents/GitHub/Linux_Microblaze_V1.0/Linux_bd_wrapper/export/Linux_bd_wrapper/hw/Linux_bd_wrapper.xsa'.
12:08:45 INFO  : 'configparams mdm-detect-bscan-mask 2' command is executed.
12:08:45 INFO  : Context for processor 'microblaze_0' is selected.
12:08:45 INFO  : System reset is completed.
12:08:48 INFO  : 'after 3000' command is executed.
12:08:48 INFO  : Context for processor 'microblaze_0' is selected.
12:08:48 INFO  : The application 'C:/Users/doluwamu.kaye/Documents/GitHub/Linux_Microblaze_V1.0/Linux_mb/Debug/Linux_mb.elf' is downloaded to processor 'microblaze_0'.
12:08:48 INFO  : ----------------XSDB Script----------------
connect -url tcp:127.0.0.1:3121
targets -set -filter {jtag_cable_name =~ "Digilent Nexys A7 -100T 210292B61CF1A" && level==0 && jtag_device_ctx=="jsn-Nexys A7 -100T-210292B61CF1A-13631093-0"}
fpga -file C:/Users/doluwamu.kaye/Documents/GitHub/Linux_Microblaze_V1.0/Linux_mb/_ide/bitstream/Linux_bd_wrapper.bit
targets -set -nocase -filter {name =~ "*microblaze*#0" && bscan=="USER2" }
loadhw -hw C:/Users/doluwamu.kaye/Documents/GitHub/Linux_Microblaze_V1.0/Linux_bd_wrapper/export/Linux_bd_wrapper/hw/Linux_bd_wrapper.xsa -regs
configparams mdm-detect-bscan-mask 2
targets -set -nocase -filter {name =~ "*microblaze*#0" && bscan=="USER2" }
rst -system
after 3000
targets -set -nocase -filter {name =~ "*microblaze*#0" && bscan=="USER2" }
dow C:/Users/doluwamu.kaye/Documents/GitHub/Linux_Microblaze_V1.0/Linux_mb/Debug/Linux_mb.elf
----------------End of Script----------------

12:08:48 INFO  : Context for processor 'microblaze_0' is selected.
12:08:48 INFO  : 'con' command is executed.
12:08:48 INFO  : ----------------XSDB Script (After Launch)----------------
targets -set -nocase -filter {name =~ "*microblaze*#0" && bscan=="USER2" }
con
----------------End of Script----------------

12:08:48 INFO  : Launch script is exported to file 'C:\Users\doluwamu.kaye\Documents\GitHub\Linux_Microblaze_V1.0\Linux_mb_system\_ide\scripts\debugger_linux_mb-default.tcl'
12:19:49 INFO  : Checking for BSP changes to sync application flags for project 'Linux_mb'...
12:22:26 INFO  : Checking for BSP changes to sync application flags for project 'Linux_mb'...
12:22:42 INFO  : Disconnected from the channel tcfchan#6.
12:22:43 INFO  : Connected to target on host '127.0.0.1' and port '3121'.
12:22:52 INFO  : ----------------XSDB Script----------------
connect -url tcp:127.0.0.1:3121
----------------End of Script----------------

12:22:52 ERROR : Could not find FPGA device on the board for connection 'Local'.


Troubleshooting hints:
1. Check whether board is connected to system properly.
2. In case of zynq board, check whether Digilent/Xilinx cable switch settings are correct.
3. If you are using Xilinx Platform Cable USB, ensure that status LED is green.
12:22:58 INFO  : Connected to target on host '127.0.0.1' and port '3121'.
12:22:58 INFO  : Jtag cable 'Digilent Nexys A7 -100T 210292B61CF1A' is selected.
12:22:58 INFO  : 'jtag frequency' command is executed.
12:22:58 INFO  : 'targets -set -filter {jtag_cable_name =~ "Digilent Nexys A7 -100T 210292B61CF1A" && level==0 && jtag_device_ctx=="jsn-Nexys A7 -100T-210292B61CF1A-13631093-0"}' command is executed.
12:23:01 INFO  : Device configured successfully with "C:/Users/doluwamu.kaye/Documents/GitHub/Linux_Microblaze_V1.0/Linux_mb/_ide/bitstream/Linux_bd_wrapper.bit"
12:23:01 INFO  : Context for processor 'microblaze_0' is selected.
12:23:01 INFO  : Hardware design and registers information is loaded from 'C:/Users/doluwamu.kaye/Documents/GitHub/Linux_Microblaze_V1.0/Linux_bd_wrapper/export/Linux_bd_wrapper/hw/Linux_bd_wrapper.xsa'.
12:23:01 INFO  : 'configparams mdm-detect-bscan-mask 2' command is executed.
12:23:01 INFO  : Context for processor 'microblaze_0' is selected.
12:23:01 INFO  : System reset is completed.
12:23:04 INFO  : 'after 3000' command is executed.
12:23:04 INFO  : Context for processor 'microblaze_0' is selected.
12:23:04 INFO  : The application 'C:/Users/doluwamu.kaye/Documents/GitHub/Linux_Microblaze_V1.0/Linux_mb/Debug/Linux_mb.elf' is downloaded to processor 'microblaze_0'.
12:23:04 INFO  : ----------------XSDB Script----------------
connect -url tcp:127.0.0.1:3121
targets -set -filter {jtag_cable_name =~ "Digilent Nexys A7 -100T 210292B61CF1A" && level==0 && jtag_device_ctx=="jsn-Nexys A7 -100T-210292B61CF1A-13631093-0"}
fpga -file C:/Users/doluwamu.kaye/Documents/GitHub/Linux_Microblaze_V1.0/Linux_mb/_ide/bitstream/Linux_bd_wrapper.bit
targets -set -nocase -filter {name =~ "*microblaze*#0" && bscan=="USER2" }
loadhw -hw C:/Users/doluwamu.kaye/Documents/GitHub/Linux_Microblaze_V1.0/Linux_bd_wrapper/export/Linux_bd_wrapper/hw/Linux_bd_wrapper.xsa -regs
configparams mdm-detect-bscan-mask 2
targets -set -nocase -filter {name =~ "*microblaze*#0" && bscan=="USER2" }
rst -system
after 3000
targets -set -nocase -filter {name =~ "*microblaze*#0" && bscan=="USER2" }
dow C:/Users/doluwamu.kaye/Documents/GitHub/Linux_Microblaze_V1.0/Linux_mb/Debug/Linux_mb.elf
----------------End of Script----------------

12:23:04 INFO  : Context for processor 'microblaze_0' is selected.
12:23:04 INFO  : 'con' command is executed.
12:23:04 INFO  : ----------------XSDB Script (After Launch)----------------
targets -set -nocase -filter {name =~ "*microblaze*#0" && bscan=="USER2" }
con
----------------End of Script----------------

12:23:04 INFO  : Launch script is exported to file 'C:\Users\doluwamu.kaye\Documents\GitHub\Linux_Microblaze_V1.0\Linux_mb_system\_ide\scripts\debugger_linux_mb-default.tcl'
12:25:16 INFO  : Checking for BSP changes to sync application flags for project 'Linux_mb'...
12:25:25 INFO  : Disconnected from the channel tcfchan#7.
12:25:26 INFO  : Connected to target on host '127.0.0.1' and port '3121'.
12:25:35 INFO  : ----------------XSDB Script----------------
connect -url tcp:127.0.0.1:3121
----------------End of Script----------------

12:25:35 ERROR : Could not find FPGA device on the board for connection 'Local'.


Troubleshooting hints:
1. Check whether board is connected to system properly.
2. In case of zynq board, check whether Digilent/Xilinx cable switch settings are correct.
3. If you are using Xilinx Platform Cable USB, ensure that status LED is green.
12:25:51 INFO  : Connected to target on host '127.0.0.1' and port '3121'.
12:25:52 INFO  : Jtag cable 'Digilent Nexys A7 -100T 210292B61CF1A' is selected.
12:25:52 INFO  : 'jtag frequency' command is executed.
12:25:52 INFO  : 'targets -set -filter {jtag_cable_name =~ "Digilent Nexys A7 -100T 210292B61CF1A" && level==0 && jtag_device_ctx=="jsn-Nexys A7 -100T-210292B61CF1A-13631093-0"}' command is executed.
12:25:54 INFO  : Device configured successfully with "C:/Users/doluwamu.kaye/Documents/GitHub/Linux_Microblaze_V1.0/Linux_mb/_ide/bitstream/Linux_bd_wrapper.bit"
12:25:54 INFO  : Context for processor 'microblaze_0' is selected.
12:25:54 INFO  : Hardware design and registers information is loaded from 'C:/Users/doluwamu.kaye/Documents/GitHub/Linux_Microblaze_V1.0/Linux_bd_wrapper/export/Linux_bd_wrapper/hw/Linux_bd_wrapper.xsa'.
12:25:54 INFO  : 'configparams mdm-detect-bscan-mask 2' command is executed.
12:25:54 INFO  : Context for processor 'microblaze_0' is selected.
12:25:54 INFO  : System reset is completed.
12:25:57 INFO  : 'after 3000' command is executed.
12:25:57 INFO  : Context for processor 'microblaze_0' is selected.
12:25:57 INFO  : The application 'C:/Users/doluwamu.kaye/Documents/GitHub/Linux_Microblaze_V1.0/Linux_mb/Debug/Linux_mb.elf' is downloaded to processor 'microblaze_0'.
12:25:57 INFO  : ----------------XSDB Script----------------
connect -url tcp:127.0.0.1:3121
targets -set -filter {jtag_cable_name =~ "Digilent Nexys A7 -100T 210292B61CF1A" && level==0 && jtag_device_ctx=="jsn-Nexys A7 -100T-210292B61CF1A-13631093-0"}
fpga -file C:/Users/doluwamu.kaye/Documents/GitHub/Linux_Microblaze_V1.0/Linux_mb/_ide/bitstream/Linux_bd_wrapper.bit
targets -set -nocase -filter {name =~ "*microblaze*#0" && bscan=="USER2" }
loadhw -hw C:/Users/doluwamu.kaye/Documents/GitHub/Linux_Microblaze_V1.0/Linux_bd_wrapper/export/Linux_bd_wrapper/hw/Linux_bd_wrapper.xsa -regs
configparams mdm-detect-bscan-mask 2
targets -set -nocase -filter {name =~ "*microblaze*#0" && bscan=="USER2" }
rst -system
after 3000
targets -set -nocase -filter {name =~ "*microblaze*#0" && bscan=="USER2" }
dow C:/Users/doluwamu.kaye/Documents/GitHub/Linux_Microblaze_V1.0/Linux_mb/Debug/Linux_mb.elf
----------------End of Script----------------

12:25:57 INFO  : Context for processor 'microblaze_0' is selected.
12:25:57 INFO  : 'con' command is executed.
12:25:57 INFO  : ----------------XSDB Script (After Launch)----------------
targets -set -nocase -filter {name =~ "*microblaze*#0" && bscan=="USER2" }
con
----------------End of Script----------------

12:25:57 INFO  : Launch script is exported to file 'C:\Users\doluwamu.kaye\Documents\GitHub\Linux_Microblaze_V1.0\Linux_mb_system\_ide\scripts\debugger_linux_mb-default.tcl'
12:28:50 INFO  : Checking for BSP changes to sync application flags for project 'Linux_mb'...
12:29:41 INFO  : Disconnected from the channel tcfchan#8.
12:29:42 INFO  : Connected to target on host '127.0.0.1' and port '3121'.
12:29:51 INFO  : ----------------XSDB Script----------------
connect -url tcp:127.0.0.1:3121
----------------End of Script----------------

12:29:51 ERROR : Could not find FPGA device on the board for connection 'Local'.


Troubleshooting hints:
1. Check whether board is connected to system properly.
2. In case of zynq board, check whether Digilent/Xilinx cable switch settings are correct.
3. If you are using Xilinx Platform Cable USB, ensure that status LED is green.
12:29:57 INFO  : Connected to target on host '127.0.0.1' and port '3121'.
12:29:57 INFO  : Jtag cable 'Digilent Nexys A7 -100T 210292B61CF1A' is selected.
12:29:57 INFO  : 'jtag frequency' command is executed.
12:29:57 INFO  : 'targets -set -filter {jtag_cable_name =~ "Digilent Nexys A7 -100T 210292B61CF1A" && level==0 && jtag_device_ctx=="jsn-Nexys A7 -100T-210292B61CF1A-13631093-0"}' command is executed.
12:29:59 INFO  : Device configured successfully with "C:/Users/doluwamu.kaye/Documents/GitHub/Linux_Microblaze_V1.0/Linux_mb/_ide/bitstream/Linux_bd_wrapper.bit"
12:29:59 INFO  : Context for processor 'microblaze_0' is selected.
12:29:59 INFO  : Hardware design and registers information is loaded from 'C:/Users/doluwamu.kaye/Documents/GitHub/Linux_Microblaze_V1.0/Linux_bd_wrapper/export/Linux_bd_wrapper/hw/Linux_bd_wrapper.xsa'.
12:29:59 INFO  : 'configparams mdm-detect-bscan-mask 2' command is executed.
12:29:59 INFO  : Context for processor 'microblaze_0' is selected.
12:30:00 INFO  : System reset is completed.
12:30:03 INFO  : 'after 3000' command is executed.
12:30:03 INFO  : Context for processor 'microblaze_0' is selected.
12:30:03 INFO  : The application 'C:/Users/doluwamu.kaye/Documents/GitHub/Linux_Microblaze_V1.0/Linux_mb/Debug/Linux_mb.elf' is downloaded to processor 'microblaze_0'.
12:30:03 INFO  : ----------------XSDB Script----------------
connect -url tcp:127.0.0.1:3121
targets -set -filter {jtag_cable_name =~ "Digilent Nexys A7 -100T 210292B61CF1A" && level==0 && jtag_device_ctx=="jsn-Nexys A7 -100T-210292B61CF1A-13631093-0"}
fpga -file C:/Users/doluwamu.kaye/Documents/GitHub/Linux_Microblaze_V1.0/Linux_mb/_ide/bitstream/Linux_bd_wrapper.bit
targets -set -nocase -filter {name =~ "*microblaze*#0" && bscan=="USER2" }
loadhw -hw C:/Users/doluwamu.kaye/Documents/GitHub/Linux_Microblaze_V1.0/Linux_bd_wrapper/export/Linux_bd_wrapper/hw/Linux_bd_wrapper.xsa -regs
configparams mdm-detect-bscan-mask 2
targets -set -nocase -filter {name =~ "*microblaze*#0" && bscan=="USER2" }
rst -system
after 3000
targets -set -nocase -filter {name =~ "*microblaze*#0" && bscan=="USER2" }
dow C:/Users/doluwamu.kaye/Documents/GitHub/Linux_Microblaze_V1.0/Linux_mb/Debug/Linux_mb.elf
----------------End of Script----------------

12:30:03 INFO  : Context for processor 'microblaze_0' is selected.
12:30:03 INFO  : 'con' command is executed.
12:30:03 INFO  : ----------------XSDB Script (After Launch)----------------
targets -set -nocase -filter {name =~ "*microblaze*#0" && bscan=="USER2" }
con
----------------End of Script----------------

12:30:03 INFO  : Launch script is exported to file 'C:\Users\doluwamu.kaye\Documents\GitHub\Linux_Microblaze_V1.0\Linux_mb_system\_ide\scripts\debugger_linux_mb-default.tcl'
13:07:49 INFO  : Checking for BSP changes to sync application flags for project 'Linux_mb'...
13:08:03 INFO  : Disconnected from the channel tcfchan#9.
13:08:04 INFO  : Connected to target on host '127.0.0.1' and port '3121'.
13:08:04 INFO  : Jtag cable 'Digilent Nexys A7 -100T 210292B61CF1A' is selected.
13:08:04 INFO  : 'jtag frequency' command is executed.
13:08:05 INFO  : 'targets -set -filter {jtag_cable_name =~ "Digilent Nexys A7 -100T 210292B61CF1A" && level==0 && jtag_device_ctx=="jsn-Nexys A7 -100T-210292B61CF1A-13631093-0"}' command is executed.
13:08:07 INFO  : Device configured successfully with "C:/Users/doluwamu.kaye/Documents/GitHub/Linux_Microblaze_V1.0/Linux_mb/_ide/bitstream/Linux_bd_wrapper.bit"
13:08:07 INFO  : Context for processor 'microblaze_0' is selected.
13:08:07 INFO  : Hardware design and registers information is loaded from 'C:/Users/doluwamu.kaye/Documents/GitHub/Linux_Microblaze_V1.0/Linux_bd_wrapper/export/Linux_bd_wrapper/hw/Linux_bd_wrapper.xsa'.
13:08:07 INFO  : 'configparams mdm-detect-bscan-mask 2' command is executed.
13:08:07 INFO  : Context for processor 'microblaze_0' is selected.
13:08:07 INFO  : System reset is completed.
13:08:10 INFO  : 'after 3000' command is executed.
13:08:10 INFO  : Context for processor 'microblaze_0' is selected.
13:08:10 INFO  : The application 'C:/Users/doluwamu.kaye/Documents/GitHub/Linux_Microblaze_V1.0/Linux_mb/Debug/Linux_mb.elf' is downloaded to processor 'microblaze_0'.
13:08:10 INFO  : ----------------XSDB Script----------------
connect -url tcp:127.0.0.1:3121
targets -set -filter {jtag_cable_name =~ "Digilent Nexys A7 -100T 210292B61CF1A" && level==0 && jtag_device_ctx=="jsn-Nexys A7 -100T-210292B61CF1A-13631093-0"}
fpga -file C:/Users/doluwamu.kaye/Documents/GitHub/Linux_Microblaze_V1.0/Linux_mb/_ide/bitstream/Linux_bd_wrapper.bit
targets -set -nocase -filter {name =~ "*microblaze*#0" && bscan=="USER2" }
loadhw -hw C:/Users/doluwamu.kaye/Documents/GitHub/Linux_Microblaze_V1.0/Linux_bd_wrapper/export/Linux_bd_wrapper/hw/Linux_bd_wrapper.xsa -regs
configparams mdm-detect-bscan-mask 2
targets -set -nocase -filter {name =~ "*microblaze*#0" && bscan=="USER2" }
rst -system
after 3000
targets -set -nocase -filter {name =~ "*microblaze*#0" && bscan=="USER2" }
dow C:/Users/doluwamu.kaye/Documents/GitHub/Linux_Microblaze_V1.0/Linux_mb/Debug/Linux_mb.elf
----------------End of Script----------------

13:08:10 INFO  : Context for processor 'microblaze_0' is selected.
13:08:10 INFO  : 'con' command is executed.
13:08:10 INFO  : ----------------XSDB Script (After Launch)----------------
targets -set -nocase -filter {name =~ "*microblaze*#0" && bscan=="USER2" }
con
----------------End of Script----------------

13:08:10 INFO  : Launch script is exported to file 'C:\Users\doluwamu.kaye\Documents\GitHub\Linux_Microblaze_V1.0\Linux_mb_system\_ide\scripts\debugger_linux_mb-default.tcl'
13:08:48 INFO  : Disconnected from the channel tcfchan#10.
13:08:49 INFO  : Connected to target on host '127.0.0.1' and port '3121'.
13:08:49 INFO  : Jtag cable 'Digilent Nexys A7 -100T 210292B61CF1A' is selected.
13:08:49 INFO  : 'jtag frequency' command is executed.
13:08:49 INFO  : 'targets -set -filter {jtag_cable_name =~ "Digilent Nexys A7 -100T 210292B61CF1A" && level==0 && jtag_device_ctx=="jsn-Nexys A7 -100T-210292B61CF1A-13631093-0"}' command is executed.
13:08:52 INFO  : Device configured successfully with "C:/Users/doluwamu.kaye/Documents/GitHub/Linux_Microblaze_V1.0/Linux_mb/_ide/bitstream/Linux_bd_wrapper.bit"
13:08:52 INFO  : Context for processor 'microblaze_0' is selected.
13:08:52 INFO  : Hardware design and registers information is loaded from 'C:/Users/doluwamu.kaye/Documents/GitHub/Linux_Microblaze_V1.0/Linux_bd_wrapper/export/Linux_bd_wrapper/hw/Linux_bd_wrapper.xsa'.
13:08:52 INFO  : 'configparams mdm-detect-bscan-mask 2' command is executed.
13:08:52 INFO  : Context for processor 'microblaze_0' is selected.
13:08:52 INFO  : System reset is completed.
13:08:55 INFO  : 'after 3000' command is executed.
13:08:55 INFO  : Context for processor 'microblaze_0' is selected.
13:08:55 INFO  : The application 'C:/Users/doluwamu.kaye/Documents/GitHub/Linux_Microblaze_V1.0/Linux_mb/Debug/Linux_mb.elf' is downloaded to processor 'microblaze_0'.
13:08:55 INFO  : ----------------XSDB Script----------------
connect -url tcp:127.0.0.1:3121
targets -set -filter {jtag_cable_name =~ "Digilent Nexys A7 -100T 210292B61CF1A" && level==0 && jtag_device_ctx=="jsn-Nexys A7 -100T-210292B61CF1A-13631093-0"}
fpga -file C:/Users/doluwamu.kaye/Documents/GitHub/Linux_Microblaze_V1.0/Linux_mb/_ide/bitstream/Linux_bd_wrapper.bit
targets -set -nocase -filter {name =~ "*microblaze*#0" && bscan=="USER2" }
loadhw -hw C:/Users/doluwamu.kaye/Documents/GitHub/Linux_Microblaze_V1.0/Linux_bd_wrapper/export/Linux_bd_wrapper/hw/Linux_bd_wrapper.xsa -regs
configparams mdm-detect-bscan-mask 2
targets -set -nocase -filter {name =~ "*microblaze*#0" && bscan=="USER2" }
rst -system
after 3000
targets -set -nocase -filter {name =~ "*microblaze*#0" && bscan=="USER2" }
dow C:/Users/doluwamu.kaye/Documents/GitHub/Linux_Microblaze_V1.0/Linux_mb/Debug/Linux_mb.elf
----------------End of Script----------------

13:08:55 INFO  : Context for processor 'microblaze_0' is selected.
13:08:55 INFO  : 'con' command is executed.
13:08:55 INFO  : ----------------XSDB Script (After Launch)----------------
targets -set -nocase -filter {name =~ "*microblaze*#0" && bscan=="USER2" }
con
----------------End of Script----------------

13:08:55 INFO  : Launch script is exported to file 'C:\Users\doluwamu.kaye\Documents\GitHub\Linux_Microblaze_V1.0\Linux_mb_system\_ide\scripts\debugger_linux_mb-default.tcl'
13:11:25 INFO  : Checking for BSP changes to sync application flags for project 'Linux_mb'...
13:11:40 INFO  : Disconnected from the channel tcfchan#11.
13:11:41 INFO  : Connected to target on host '127.0.0.1' and port '3121'.
13:11:50 INFO  : ----------------XSDB Script----------------
connect -url tcp:127.0.0.1:3121
----------------End of Script----------------

13:11:50 ERROR : Could not find FPGA device on the board for connection 'Local'.


Troubleshooting hints:
1. Check whether board is connected to system properly.
2. In case of zynq board, check whether Digilent/Xilinx cable switch settings are correct.
3. If you are using Xilinx Platform Cable USB, ensure that status LED is green.
13:11:56 INFO  : Connected to target on host '127.0.0.1' and port '3121'.
13:11:56 INFO  : Jtag cable 'Digilent Nexys A7 -100T 210292B61CF1A' is selected.
13:11:56 INFO  : 'jtag frequency' command is executed.
13:11:56 INFO  : 'targets -set -filter {jtag_cable_name =~ "Digilent Nexys A7 -100T 210292B61CF1A" && level==0 && jtag_device_ctx=="jsn-Nexys A7 -100T-210292B61CF1A-13631093-0"}' command is executed.
13:11:58 INFO  : Device configured successfully with "C:/Users/doluwamu.kaye/Documents/GitHub/Linux_Microblaze_V1.0/Linux_mb/_ide/bitstream/Linux_bd_wrapper.bit"
13:11:58 INFO  : Context for processor 'microblaze_0' is selected.
13:11:58 INFO  : Hardware design and registers information is loaded from 'C:/Users/doluwamu.kaye/Documents/GitHub/Linux_Microblaze_V1.0/Linux_bd_wrapper/export/Linux_bd_wrapper/hw/Linux_bd_wrapper.xsa'.
13:11:58 INFO  : 'configparams mdm-detect-bscan-mask 2' command is executed.
13:11:58 INFO  : Context for processor 'microblaze_0' is selected.
13:11:58 INFO  : System reset is completed.
13:12:01 INFO  : 'after 3000' command is executed.
13:12:01 INFO  : Context for processor 'microblaze_0' is selected.
13:12:01 INFO  : The application 'C:/Users/doluwamu.kaye/Documents/GitHub/Linux_Microblaze_V1.0/Linux_mb/Debug/Linux_mb.elf' is downloaded to processor 'microblaze_0'.
13:12:01 INFO  : ----------------XSDB Script----------------
connect -url tcp:127.0.0.1:3121
targets -set -filter {jtag_cable_name =~ "Digilent Nexys A7 -100T 210292B61CF1A" && level==0 && jtag_device_ctx=="jsn-Nexys A7 -100T-210292B61CF1A-13631093-0"}
fpga -file C:/Users/doluwamu.kaye/Documents/GitHub/Linux_Microblaze_V1.0/Linux_mb/_ide/bitstream/Linux_bd_wrapper.bit
targets -set -nocase -filter {name =~ "*microblaze*#0" && bscan=="USER2" }
loadhw -hw C:/Users/doluwamu.kaye/Documents/GitHub/Linux_Microblaze_V1.0/Linux_bd_wrapper/export/Linux_bd_wrapper/hw/Linux_bd_wrapper.xsa -regs
configparams mdm-detect-bscan-mask 2
targets -set -nocase -filter {name =~ "*microblaze*#0" && bscan=="USER2" }
rst -system
after 3000
targets -set -nocase -filter {name =~ "*microblaze*#0" && bscan=="USER2" }
dow C:/Users/doluwamu.kaye/Documents/GitHub/Linux_Microblaze_V1.0/Linux_mb/Debug/Linux_mb.elf
----------------End of Script----------------

13:12:02 INFO  : Context for processor 'microblaze_0' is selected.
13:12:02 INFO  : 'con' command is executed.
13:12:02 INFO  : ----------------XSDB Script (After Launch)----------------
targets -set -nocase -filter {name =~ "*microblaze*#0" && bscan=="USER2" }
con
----------------End of Script----------------

13:12:02 INFO  : Launch script is exported to file 'C:\Users\doluwamu.kaye\Documents\GitHub\Linux_Microblaze_V1.0\Linux_mb_system\_ide\scripts\debugger_linux_mb-default.tcl'
