TRACE::2023-12-04.11:17:28::SCWPlatform::Trying to open the hw design at C:/Users/doluwamu.kaye/Documents/GitHub/Linux_Microblaze_V1.0/Linux_bd_wrapper/hw/Linux_bd_wrapper.xsa
TRACE::2023-12-04.11:17:28::SCWPlatform::DSA given C:/Users/doluwamu.kaye/Documents/GitHub/Linux_Microblaze_V1.0/Linux_bd_wrapper/hw/Linux_bd_wrapper.xsa
TRACE::2023-12-04.11:17:28::SCWPlatform::DSA absoulate path C:/Users/doluwamu.kaye/Documents/GitHub/Linux_Microblaze_V1.0/Linux_bd_wrapper/hw/Linux_bd_wrapper.xsa
TRACE::2023-12-04.11:17:28::SCWPlatform::DSA directory C:/Users/doluwamu.kaye/Documents/GitHub/Linux_Microblaze_V1.0/Linux_bd_wrapper/hw
TRACE::2023-12-04.11:17:28::SCWPlatform:: Platform Path C:/Users/doluwamu.kaye/Documents/GitHub/Linux_Microblaze_V1.0/Linux_bd_wrapper/hw/Linux_bd_wrapper.xsa
TRACE::2023-12-04.11:17:28::SCWPlatform:: Unique name xilinx:nexys-a7-100t::0.0
TRACE::2023-12-04.11:17:28::SCWPlatform::Do not have an existing db opened. 
TRACE::2023-12-04.11:17:28::SCWPlatform::Opened new HwDB with name Linux_bd_wrapper_0
TRACE::2023-12-04.11:17:28::SCWWriter::formatted JSON is {
	"platformName":	"Linux_bd_wrapper",
	"sprVersion":	"2.0",
	"mode":	"gui",
	"dsaType":	"Fixed",
	"platformDesc":	"Linux_bd_wrapper",
	"platHandOff":	"C:/Users/doluwamu.kaye/Documents/GitHub/Linux_Microblaze_V1.0/Linux_Hw/Linux_bd_wrapper.xsa",
	"platIntHandOff":	"<platformDir>/hw/Linux_bd_wrapper.xsa",
	"deviceType":	"FPGA",
	"platIsPrebuiltAutogen":	"false",
	"platIsNoBootBsp":	"false",
	"hasFsblMakeHasChanges":	"false",
	"hasPmufwMakeHasChanges":	"false",
	"platPreBuiltFlag":	false,
	"platformSamplesDir":	""
}
TRACE::2023-12-04.11:17:28::SCWWriter::formatted JSON is {
	"platformName":	"Linux_bd_wrapper",
	"sprVersion":	"2.0",
	"mode":	"gui",
	"dsaType":	"Fixed",
	"platformDesc":	"Linux_bd_wrapper",
	"platHandOff":	"C:/Users/doluwamu.kaye/Documents/GitHub/Linux_Microblaze_V1.0/Linux_Hw/Linux_bd_wrapper.xsa",
	"platIntHandOff":	"<platformDir>/hw/Linux_bd_wrapper.xsa",
	"deviceType":	"FPGA",
	"platIsPrebuiltAutogen":	"false",
	"platIsNoBootBsp":	"false",
	"hasFsblMakeHasChanges":	"false",
	"hasPmufwMakeHasChanges":	"false",
	"platPreBuiltFlag":	false,
	"platformSamplesDir":	"",
	"platActiveSys":	"Linux_bd_wrapper",
	"systems":	[{
			"systemName":	"Linux_bd_wrapper",
			"systemDesc":	"Linux_bd_wrapper",
			"sysIsBootAutoGen":	"true",
			"systemDispName":	"Linux_bd_wrapper"
		}]
}
TRACE::2023-12-04.11:17:28::SCWPlatform::Boot application domains not present, creating them
TRACE::2023-12-04.11:17:28::SCWPlatform::Pure FPGA device, no boot application will be created.
TRACE::2023-12-04.11:17:28::SCWWriter::formatted JSON is {
	"platformName":	"Linux_bd_wrapper",
	"sprVersion":	"2.0",
	"mode":	"gui",
	"dsaType":	"Fixed",
	"platformDesc":	"Linux_bd_wrapper",
	"platHandOff":	"C:/Users/doluwamu.kaye/Documents/GitHub/Linux_Microblaze_V1.0/Linux_Hw/Linux_bd_wrapper.xsa",
	"platIntHandOff":	"<platformDir>/hw/Linux_bd_wrapper.xsa",
	"deviceType":	"FPGA",
	"platIsPrebuiltAutogen":	"false",
	"platIsNoBootBsp":	"false",
	"hasFsblMakeHasChanges":	"false",
	"hasPmufwMakeHasChanges":	"false",
	"platPreBuiltFlag":	false,
	"platformSamplesDir":	"",
	"platActiveSys":	"Linux_bd_wrapper",
	"systems":	[{
			"systemName":	"Linux_bd_wrapper",
			"systemDesc":	"Linux_bd_wrapper",
			"sysIsBootAutoGen":	"true",
			"systemDispName":	"Linux_bd_wrapper"
		}]
}
TRACE::2023-12-04.11:17:28::SCWWriter::formatted JSON is {
	"platformName":	"Linux_bd_wrapper",
	"sprVersion":	"2.0",
	"mode":	"gui",
	"dsaType":	"Fixed",
	"platformDesc":	"Linux_bd_wrapper",
	"platHandOff":	"C:/Users/doluwamu.kaye/Documents/GitHub/Linux_Microblaze_V1.0/Linux_Hw/Linux_bd_wrapper.xsa",
	"platIntHandOff":	"<platformDir>/hw/Linux_bd_wrapper.xsa",
	"deviceType":	"FPGA",
	"platIsPrebuiltAutogen":	"false",
	"platIsNoBootBsp":	"false",
	"hasFsblMakeHasChanges":	"false",
	"hasPmufwMakeHasChanges":	"false",
	"platPreBuiltFlag":	false,
	"platformSamplesDir":	"",
	"platActiveSys":	"Linux_bd_wrapper",
	"systems":	[{
			"systemName":	"Linux_bd_wrapper",
			"systemDesc":	"Linux_bd_wrapper",
			"sysIsBootAutoGen":	"true",
			"systemDispName":	"Linux_bd_wrapper"
		}]
}
TRACE::2023-12-04.11:17:28::SCWPlatform::Trying to open the hw design at C:/Users/doluwamu.kaye/Documents/GitHub/Linux_Microblaze_V1.0/Linux_bd_wrapper/hw/Linux_bd_wrapper.xsa
TRACE::2023-12-04.11:17:28::SCWPlatform::DSA given C:/Users/doluwamu.kaye/Documents/GitHub/Linux_Microblaze_V1.0/Linux_bd_wrapper/hw/Linux_bd_wrapper.xsa
TRACE::2023-12-04.11:17:28::SCWPlatform::DSA absoulate path C:/Users/doluwamu.kaye/Documents/GitHub/Linux_Microblaze_V1.0/Linux_bd_wrapper/hw/Linux_bd_wrapper.xsa
TRACE::2023-12-04.11:17:28::SCWPlatform::DSA directory C:/Users/doluwamu.kaye/Documents/GitHub/Linux_Microblaze_V1.0/Linux_bd_wrapper/hw
TRACE::2023-12-04.11:17:28::SCWPlatform:: Platform Path C:/Users/doluwamu.kaye/Documents/GitHub/Linux_Microblaze_V1.0/Linux_bd_wrapper/hw/Linux_bd_wrapper.xsa
TRACE::2023-12-04.11:17:28::SCWPlatform:: Unique name xilinx:nexys-a7-100t::0.0
TRACE::2023-12-04.11:17:28::SCWPlatform::Trying to set the existing hwdb with name Linux_bd_wrapper_0
TRACE::2023-12-04.11:17:28::SCWPlatform::Opened existing hwdb Linux_bd_wrapper_0
TRACE::2023-12-04.11:17:28::SCWPlatform::Found the Hw Db part of the input DSA
TRACE::2023-12-04.11:17:28::SCWPlatform::Trying to open the hw design at C:/Users/doluwamu.kaye/Documents/GitHub/Linux_Microblaze_V1.0/Linux_bd_wrapper/hw/Linux_bd_wrapper.xsa
TRACE::2023-12-04.11:17:28::SCWPlatform::DSA given C:/Users/doluwamu.kaye/Documents/GitHub/Linux_Microblaze_V1.0/Linux_bd_wrapper/hw/Linux_bd_wrapper.xsa
TRACE::2023-12-04.11:17:28::SCWPlatform::DSA absoulate path C:/Users/doluwamu.kaye/Documents/GitHub/Linux_Microblaze_V1.0/Linux_bd_wrapper/hw/Linux_bd_wrapper.xsa
TRACE::2023-12-04.11:17:28::SCWPlatform::DSA directory C:/Users/doluwamu.kaye/Documents/GitHub/Linux_Microblaze_V1.0/Linux_bd_wrapper/hw
TRACE::2023-12-04.11:17:28::SCWPlatform:: Platform Path C:/Users/doluwamu.kaye/Documents/GitHub/Linux_Microblaze_V1.0/Linux_bd_wrapper/hw/Linux_bd_wrapper.xsa
TRACE::2023-12-04.11:17:28::SCWPlatform:: Unique name xilinx:nexys-a7-100t::0.0
TRACE::2023-12-04.11:17:28::SCWPlatform::Trying to set the existing hwdb with name Linux_bd_wrapper_0
TRACE::2023-12-04.11:17:28::SCWPlatform::Opened existing hwdb Linux_bd_wrapper_0
TRACE::2023-12-04.11:17:28::SCWPlatform::Found the Hw Db part of the input DSA
TRACE::2023-12-04.11:17:28::SCWDomain::checking for install qemu data   : 
TRACE::2023-12-04.11:17:28::SCWPlatform::Trying to open the hw design at C:/Users/doluwamu.kaye/Documents/GitHub/Linux_Microblaze_V1.0/Linux_bd_wrapper/hw/Linux_bd_wrapper.xsa
TRACE::2023-12-04.11:17:28::SCWPlatform::DSA given C:/Users/doluwamu.kaye/Documents/GitHub/Linux_Microblaze_V1.0/Linux_bd_wrapper/hw/Linux_bd_wrapper.xsa
TRACE::2023-12-04.11:17:28::SCWPlatform::DSA absoulate path C:/Users/doluwamu.kaye/Documents/GitHub/Linux_Microblaze_V1.0/Linux_bd_wrapper/hw/Linux_bd_wrapper.xsa
TRACE::2023-12-04.11:17:28::SCWPlatform::DSA directory C:/Users/doluwamu.kaye/Documents/GitHub/Linux_Microblaze_V1.0/Linux_bd_wrapper/hw
TRACE::2023-12-04.11:17:28::SCWPlatform:: Platform Path C:/Users/doluwamu.kaye/Documents/GitHub/Linux_Microblaze_V1.0/Linux_bd_wrapper/hw/Linux_bd_wrapper.xsa
TRACE::2023-12-04.11:17:28::SCWPlatform:: Unique name xilinx:nexys-a7-100t::0.0
TRACE::2023-12-04.11:17:28::SCWPlatform::Trying to set the existing hwdb with name Linux_bd_wrapper_0
TRACE::2023-12-04.11:17:28::SCWPlatform::Opened existing hwdb Linux_bd_wrapper_0
TRACE::2023-12-04.11:17:28::SCWPlatform::Found the Hw Db part of the input DSA
TRACE::2023-12-04.11:17:28::SCWPlatform::Trying to open the hw design at C:/Users/doluwamu.kaye/Documents/GitHub/Linux_Microblaze_V1.0/Linux_bd_wrapper/hw/Linux_bd_wrapper.xsa
TRACE::2023-12-04.11:17:28::SCWPlatform::DSA given C:/Users/doluwamu.kaye/Documents/GitHub/Linux_Microblaze_V1.0/Linux_bd_wrapper/hw/Linux_bd_wrapper.xsa
TRACE::2023-12-04.11:17:28::SCWPlatform::DSA absoulate path C:/Users/doluwamu.kaye/Documents/GitHub/Linux_Microblaze_V1.0/Linux_bd_wrapper/hw/Linux_bd_wrapper.xsa
TRACE::2023-12-04.11:17:28::SCWPlatform::DSA directory C:/Users/doluwamu.kaye/Documents/GitHub/Linux_Microblaze_V1.0/Linux_bd_wrapper/hw
TRACE::2023-12-04.11:17:28::SCWPlatform:: Platform Path C:/Users/doluwamu.kaye/Documents/GitHub/Linux_Microblaze_V1.0/Linux_bd_wrapper/hw/Linux_bd_wrapper.xsa
TRACE::2023-12-04.11:17:28::SCWPlatform:: Unique name xilinx:nexys-a7-100t::0.0
TRACE::2023-12-04.11:17:28::SCWPlatform::Trying to set the existing hwdb with name Linux_bd_wrapper_0
TRACE::2023-12-04.11:17:28::SCWPlatform::Opened existing hwdb Linux_bd_wrapper_0
TRACE::2023-12-04.11:17:28::SCWPlatform::Found the Hw Db part of the input DSA
TRACE::2023-12-04.11:17:28::SCWPlatform::Trying to open the hw design at C:/Users/doluwamu.kaye/Documents/GitHub/Linux_Microblaze_V1.0/Linux_bd_wrapper/hw/Linux_bd_wrapper.xsa
TRACE::2023-12-04.11:17:28::SCWPlatform::DSA given C:/Users/doluwamu.kaye/Documents/GitHub/Linux_Microblaze_V1.0/Linux_bd_wrapper/hw/Linux_bd_wrapper.xsa
TRACE::2023-12-04.11:17:28::SCWPlatform::DSA absoulate path C:/Users/doluwamu.kaye/Documents/GitHub/Linux_Microblaze_V1.0/Linux_bd_wrapper/hw/Linux_bd_wrapper.xsa
TRACE::2023-12-04.11:17:28::SCWPlatform::DSA directory C:/Users/doluwamu.kaye/Documents/GitHub/Linux_Microblaze_V1.0/Linux_bd_wrapper/hw
TRACE::2023-12-04.11:17:28::SCWPlatform:: Platform Path C:/Users/doluwamu.kaye/Documents/GitHub/Linux_Microblaze_V1.0/Linux_bd_wrapper/hw/Linux_bd_wrapper.xsa
TRACE::2023-12-04.11:17:28::SCWPlatform:: Unique name xilinx:nexys-a7-100t::0.0
TRACE::2023-12-04.11:17:28::SCWPlatform::Trying to set the existing hwdb with name Linux_bd_wrapper_0
TRACE::2023-12-04.11:17:28::SCWPlatform::Opened existing hwdb Linux_bd_wrapper_0
TRACE::2023-12-04.11:17:28::SCWPlatform::Found the Hw Db part of the input DSA
TRACE::2023-12-04.11:17:28::SCWMssOS::Checking the sw design at  C:/Users/doluwamu.kaye/Documents/GitHub/Linux_Microblaze_V1.0/Linux_bd_wrapper/microblaze_0/standalone_microblaze_0/bsp/system.mss
TRACE::2023-12-04.11:17:28::SCWMssOS::DEBUG:  swdes dump  
TRACE::2023-12-04.11:17:28::SCWMssOS::No sw design opened at  C:/Users/doluwamu.kaye/Documents/GitHub/Linux_Microblaze_V1.0/Linux_bd_wrapper/microblaze_0/standalone_microblaze_0/bsp/system.mss
TRACE::2023-12-04.11:17:28::SCWMssOS::mss does not exists at C:/Users/doluwamu.kaye/Documents/GitHub/Linux_Microblaze_V1.0/Linux_bd_wrapper/microblaze_0/standalone_microblaze_0/bsp/system.mss
TRACE::2023-12-04.11:17:28::SCWMssOS::Creating sw design at  C:/Users/doluwamu.kaye/Documents/GitHub/Linux_Microblaze_V1.0/Linux_bd_wrapper/microblaze_0/standalone_microblaze_0/bsp/system.mss
TRACE::2023-12-04.11:17:28::SCWMssOS::Adding the swdes entry, created swdb C:/Users/doluwamu.kaye/Documents/GitHub/Linux_Microblaze_V1.0/Linux_bd_wrapper/microblaze_0/standalone_microblaze_0/bsp/system.mss with des name C:/Users/doluwamu.kaye/Documents/GitHub/Linux_Microblaze_V1.0/Linux_bd_wrapper/microblaze_0/standalone_microblaze_0/bsp/system.mss
TRACE::2023-12-04.11:17:28::SCWMssOS::updating the scw layer changes to swdes at   C:/Users/doluwamu.kaye/Documents/GitHub/Linux_Microblaze_V1.0/Linux_bd_wrapper/microblaze_0/standalone_microblaze_0/bsp/system.mss
TRACE::2023-12-04.11:17:28::SCWMssOS::Writing mss at C:/Users/doluwamu.kaye/Documents/GitHub/Linux_Microblaze_V1.0/Linux_bd_wrapper/microblaze_0/standalone_microblaze_0/bsp/system.mss
TRACE::2023-12-04.11:17:28::SCWMssOS::Completed writing the mss file at C:/Users/doluwamu.kaye/Documents/GitHub/Linux_Microblaze_V1.0/Linux_bd_wrapper/microblaze_0/standalone_microblaze_0/bsp
TRACE::2023-12-04.11:17:28::SCWMssOS::Picking up changes from newly written mss file into SCW Layer. 
TRACE::2023-12-04.11:17:28::SCWMssOS::Updated the changes from newly written mss file into SCW Layer. 
TRACE::2023-12-04.11:17:28::SCWMssOS::Completed writing the mss file at C:/Users/doluwamu.kaye/Documents/GitHub/Linux_Microblaze_V1.0/Linux_bd_wrapper/microblaze_0/standalone_microblaze_0/bsp
TRACE::2023-12-04.11:17:28::SCWMssOS::Forcing BSP Sources regeneration.
TRACE::2023-12-04.11:17:31::SCWMssOS::Saving the mss changes C:/Users/doluwamu.kaye/Documents/GitHub/Linux_Microblaze_V1.0/Linux_bd_wrapper/microblaze_0/standalone_microblaze_0/bsp/system.mss
TRACE::2023-12-04.11:17:31::SCWMssOS::Adding the swdes entry, mss present, able to open swdb C:/Users/doluwamu.kaye/Documents/GitHub/Linux_Microblaze_V1.0/Linux_bd_wrapper/microblaze_0/standalone_microblaze_0/bsp/system.mss with des name system
TRACE::2023-12-04.11:17:31::SCWMssOS::Writing the mss file completed C:/Users/doluwamu.kaye/Documents/GitHub/Linux_Microblaze_V1.0/Linux_bd_wrapper/microblaze_0/standalone_microblaze_0/bsp/system.mss
TRACE::2023-12-04.11:17:31::SCWMssOS::Commit changes completed.
TRACE::2023-12-04.11:17:31::SCWPlatform::Trying to open the hw design at C:/Users/doluwamu.kaye/Documents/GitHub/Linux_Microblaze_V1.0/Linux_bd_wrapper/hw/Linux_bd_wrapper.xsa
TRACE::2023-12-04.11:17:31::SCWPlatform::DSA given C:/Users/doluwamu.kaye/Documents/GitHub/Linux_Microblaze_V1.0/Linux_bd_wrapper/hw/Linux_bd_wrapper.xsa
TRACE::2023-12-04.11:17:31::SCWPlatform::DSA absoulate path C:/Users/doluwamu.kaye/Documents/GitHub/Linux_Microblaze_V1.0/Linux_bd_wrapper/hw/Linux_bd_wrapper.xsa
TRACE::2023-12-04.11:17:31::SCWPlatform::DSA directory C:/Users/doluwamu.kaye/Documents/GitHub/Linux_Microblaze_V1.0/Linux_bd_wrapper/hw
TRACE::2023-12-04.11:17:31::SCWPlatform:: Platform Path C:/Users/doluwamu.kaye/Documents/GitHub/Linux_Microblaze_V1.0/Linux_bd_wrapper/hw/Linux_bd_wrapper.xsa
TRACE::2023-12-04.11:17:31::SCWPlatform:: Unique name xilinx:nexys-a7-100t::0.0
TRACE::2023-12-04.11:17:31::SCWPlatform::Trying to set the existing hwdb with name Linux_bd_wrapper_0
TRACE::2023-12-04.11:17:31::SCWPlatform::Opened existing hwdb Linux_bd_wrapper_0
TRACE::2023-12-04.11:17:31::SCWPlatform::Found the Hw Db part of the input DSA
TRACE::2023-12-04.11:17:31::SCWMssOS::Checking the sw design at  C:/Users/doluwamu.kaye/Documents/GitHub/Linux_Microblaze_V1.0/Linux_bd_wrapper/microblaze_0/standalone_microblaze_0/bsp/system.mss
TRACE::2023-12-04.11:17:31::SCWMssOS::DEBUG:  swdes dump  C:/Users/doluwamu.kaye/Documents/GitHub/Linux_Microblaze_V1.0/Linux_bd_wrapper/microblaze_0/standalone_microblaze_0/bsp/system.mss|system||

TRACE::2023-12-04.11:17:31::SCWMssOS::Sw design exists and opened at  C:/Users/doluwamu.kaye/Documents/GitHub/Linux_Microblaze_V1.0/Linux_bd_wrapper/microblaze_0/standalone_microblaze_0/bsp/system.mss
TRACE::2023-12-04.11:17:31::SCWPlatform::Trying to open the hw design at C:/Users/doluwamu.kaye/Documents/GitHub/Linux_Microblaze_V1.0/Linux_bd_wrapper/hw/Linux_bd_wrapper.xsa
TRACE::2023-12-04.11:17:31::SCWPlatform::DSA given C:/Users/doluwamu.kaye/Documents/GitHub/Linux_Microblaze_V1.0/Linux_bd_wrapper/hw/Linux_bd_wrapper.xsa
TRACE::2023-12-04.11:17:31::SCWPlatform::DSA absoulate path C:/Users/doluwamu.kaye/Documents/GitHub/Linux_Microblaze_V1.0/Linux_bd_wrapper/hw/Linux_bd_wrapper.xsa
TRACE::2023-12-04.11:17:31::SCWPlatform::DSA directory C:/Users/doluwamu.kaye/Documents/GitHub/Linux_Microblaze_V1.0/Linux_bd_wrapper/hw
TRACE::2023-12-04.11:17:31::SCWPlatform:: Platform Path C:/Users/doluwamu.kaye/Documents/GitHub/Linux_Microblaze_V1.0/Linux_bd_wrapper/hw/Linux_bd_wrapper.xsa
TRACE::2023-12-04.11:17:31::SCWPlatform:: Unique name xilinx:nexys-a7-100t::0.0
TRACE::2023-12-04.11:17:31::SCWPlatform::Trying to set the existing hwdb with name Linux_bd_wrapper_0
TRACE::2023-12-04.11:17:31::SCWPlatform::Opened existing hwdb Linux_bd_wrapper_0
TRACE::2023-12-04.11:17:31::SCWPlatform::Found the Hw Db part of the input DSA
TRACE::2023-12-04.11:17:31::SCWMssOS::Checking the sw design at  C:/Users/doluwamu.kaye/Documents/GitHub/Linux_Microblaze_V1.0/Linux_bd_wrapper/microblaze_0/standalone_microblaze_0/bsp/system.mss
TRACE::2023-12-04.11:17:31::SCWMssOS::DEBUG:  swdes dump  C:/Users/doluwamu.kaye/Documents/GitHub/Linux_Microblaze_V1.0/Linux_bd_wrapper/microblaze_0/standalone_microblaze_0/bsp/system.mss|system||

TRACE::2023-12-04.11:17:31::SCWMssOS::Sw design exists and opened at  C:/Users/doluwamu.kaye/Documents/GitHub/Linux_Microblaze_V1.0/Linux_bd_wrapper/microblaze_0/standalone_microblaze_0/bsp/system.mss
TRACE::2023-12-04.11:17:31::SCWPlatform::Trying to open the hw design at C:/Users/doluwamu.kaye/Documents/GitHub/Linux_Microblaze_V1.0/Linux_bd_wrapper/hw/Linux_bd_wrapper.xsa
TRACE::2023-12-04.11:17:31::SCWPlatform::DSA given C:/Users/doluwamu.kaye/Documents/GitHub/Linux_Microblaze_V1.0/Linux_bd_wrapper/hw/Linux_bd_wrapper.xsa
TRACE::2023-12-04.11:17:31::SCWPlatform::DSA absoulate path C:/Users/doluwamu.kaye/Documents/GitHub/Linux_Microblaze_V1.0/Linux_bd_wrapper/hw/Linux_bd_wrapper.xsa
TRACE::2023-12-04.11:17:31::SCWPlatform::DSA directory C:/Users/doluwamu.kaye/Documents/GitHub/Linux_Microblaze_V1.0/Linux_bd_wrapper/hw
TRACE::2023-12-04.11:17:31::SCWPlatform:: Platform Path C:/Users/doluwamu.kaye/Documents/GitHub/Linux_Microblaze_V1.0/Linux_bd_wrapper/hw/Linux_bd_wrapper.xsa
TRACE::2023-12-04.11:17:31::SCWPlatform:: Unique name xilinx:nexys-a7-100t::0.0
TRACE::2023-12-04.11:17:31::SCWPlatform::Trying to set the existing hwdb with name Linux_bd_wrapper_0
TRACE::2023-12-04.11:17:31::SCWPlatform::Opened existing hwdb Linux_bd_wrapper_0
TRACE::2023-12-04.11:17:31::SCWPlatform::Found the Hw Db part of the input DSA
TRACE::2023-12-04.11:17:31::SCWMssOS::Checking the sw design at  C:/Users/doluwamu.kaye/Documents/GitHub/Linux_Microblaze_V1.0/Linux_bd_wrapper/microblaze_0/standalone_microblaze_0/bsp/system.mss
TRACE::2023-12-04.11:17:31::SCWMssOS::DEBUG:  swdes dump  C:/Users/doluwamu.kaye/Documents/GitHub/Linux_Microblaze_V1.0/Linux_bd_wrapper/microblaze_0/standalone_microblaze_0/bsp/system.mss|system||

TRACE::2023-12-04.11:17:31::SCWMssOS::Sw design exists and opened at  C:/Users/doluwamu.kaye/Documents/GitHub/Linux_Microblaze_V1.0/Linux_bd_wrapper/microblaze_0/standalone_microblaze_0/bsp/system.mss
TRACE::2023-12-04.11:17:31::SCWWriter::formatted JSON is {
	"platformName":	"Linux_bd_wrapper",
	"sprVersion":	"2.0",
	"mode":	"gui",
	"dsaType":	"Fixed",
	"platformDesc":	"Linux_bd_wrapper",
	"platHandOff":	"C:/Users/doluwamu.kaye/Documents/GitHub/Linux_Microblaze_V1.0/Linux_Hw/Linux_bd_wrapper.xsa",
	"platIntHandOff":	"<platformDir>/hw/Linux_bd_wrapper.xsa",
	"deviceType":	"FPGA",
	"platIsPrebuiltAutogen":	"false",
	"platIsNoBootBsp":	"false",
	"hasFsblMakeHasChanges":	"false",
	"hasPmufwMakeHasChanges":	"false",
	"platPreBuiltFlag":	false,
	"platformSamplesDir":	"",
	"platActiveSys":	"Linux_bd_wrapper",
	"systems":	[{
			"systemName":	"Linux_bd_wrapper",
			"systemDesc":	"Linux_bd_wrapper",
			"sysIsBootAutoGen":	"true",
			"systemDispName":	"Linux_bd_wrapper",
			"sysActiveDom":	"standalone_microblaze_0",
			"sysDefaultDom":	"standalone_microblaze_0",
			"domains":	[{
					"domainName":	"standalone_microblaze_0",
					"domainDispName":	"standalone_microblaze_0",
					"domainDesc":	"standalone_microblaze_0",
					"processors":	"microblaze_0",
					"os":	"standalone",
					"sdxOs":	"standalone",
					"debugEnable":	"False",
					"domRuntimes":	["cpp"],
					"swRepo":	"",
					"mssOsVer":	"8.0",
					"mssFile":	"",
					"md5Digest":	"e0546c7861b98e65b4e8e0d54a127ad2",
					"compatibleApp":	"empty_application",
					"domType":	"mssDomain",
					"arch":	"32-bit",
					"appSettings":	{
						"appCompilerFlags":	"",
						"appLinkerFlags":	""
					},
					"addedLibs":	[],
					"libOptions":	{
						"libsContainingOptions":	[]
					},
					"prebuiltLibs":	{
						"prebuiltIncPath":	[],
						"prebuiltLibPath":	[]
					},
					"isolation":	{
					}
				}]
		}]
}
LOG::2023-12-04.11:17:31::SCWPlatform::Started generating the artifacts platform Linux_bd_wrapper
TRACE::2023-12-04.11:17:31::SCWPlatform::Sanity checking of platform is completed
LOG::2023-12-04.11:17:31::SCWPlatform::Started generating the artifacts for system configuration Linux_bd_wrapper
LOG::2023-12-04.11:17:31::SCWSystem::Checking the domain standalone_microblaze_0
LOG::2023-12-04.11:17:31::SCWSystem::Not a boot domain 
LOG::2023-12-04.11:17:31::SCWSystem::Started Processing the domain standalone_microblaze_0
TRACE::2023-12-04.11:17:31::SCWDomain::Generating domain artifcats
TRACE::2023-12-04.11:17:31::SCWMssOS::Generating standalone artifcats
TRACE::2023-12-04.11:17:31::SCWMssOS:: Copying the user libraries. 
TRACE::2023-12-04.11:17:31::SCWPlatform::Trying to open the hw design at C:/Users/doluwamu.kaye/Documents/GitHub/Linux_Microblaze_V1.0/Linux_bd_wrapper/hw/Linux_bd_wrapper.xsa
TRACE::2023-12-04.11:17:31::SCWPlatform::DSA given C:/Users/doluwamu.kaye/Documents/GitHub/Linux_Microblaze_V1.0/Linux_bd_wrapper/hw/Linux_bd_wrapper.xsa
TRACE::2023-12-04.11:17:31::SCWPlatform::DSA absoulate path C:/Users/doluwamu.kaye/Documents/GitHub/Linux_Microblaze_V1.0/Linux_bd_wrapper/hw/Linux_bd_wrapper.xsa
TRACE::2023-12-04.11:17:31::SCWPlatform::DSA directory C:/Users/doluwamu.kaye/Documents/GitHub/Linux_Microblaze_V1.0/Linux_bd_wrapper/hw
TRACE::2023-12-04.11:17:31::SCWPlatform:: Platform Path C:/Users/doluwamu.kaye/Documents/GitHub/Linux_Microblaze_V1.0/Linux_bd_wrapper/hw/Linux_bd_wrapper.xsa
TRACE::2023-12-04.11:17:31::SCWPlatform:: Unique name xilinx:nexys-a7-100t::0.0
TRACE::2023-12-04.11:17:31::SCWPlatform::Trying to set the existing hwdb with name Linux_bd_wrapper_0
TRACE::2023-12-04.11:17:31::SCWPlatform::Opened existing hwdb Linux_bd_wrapper_0
TRACE::2023-12-04.11:17:31::SCWPlatform::Found the Hw Db part of the input DSA
TRACE::2023-12-04.11:17:31::SCWMssOS::Checking the sw design at  C:/Users/doluwamu.kaye/Documents/GitHub/Linux_Microblaze_V1.0/Linux_bd_wrapper/microblaze_0/standalone_microblaze_0/bsp/system.mss
TRACE::2023-12-04.11:17:31::SCWMssOS::DEBUG:  swdes dump  C:/Users/doluwamu.kaye/Documents/GitHub/Linux_Microblaze_V1.0/Linux_bd_wrapper/microblaze_0/standalone_microblaze_0/bsp/system.mss|system||

TRACE::2023-12-04.11:17:31::SCWMssOS::Sw design exists and opened at  C:/Users/doluwamu.kaye/Documents/GitHub/Linux_Microblaze_V1.0/Linux_bd_wrapper/microblaze_0/standalone_microblaze_0/bsp/system.mss
TRACE::2023-12-04.11:17:31::SCWMssOS::Completed writing the mss file at C:/Users/doluwamu.kaye/Documents/GitHub/Linux_Microblaze_V1.0/Linux_bd_wrapper/microblaze_0/standalone_microblaze_0/bsp
TRACE::2023-12-04.11:17:31::SCWMssOS::Mss edits present, copying mssfile into export location C:/Users/doluwamu.kaye/Documents/GitHub/Linux_Microblaze_V1.0/Linux_bd_wrapper/microblaze_0/standalone_microblaze_0/bsp/system.mss
TRACE::2023-12-04.11:17:31::SCWMssOS::bsp generated is upto date with the mss file. Skipping bsp generation.
TRACE::2023-12-04.11:17:31::SCWMssOS::BSP is already built. skipping the bsp build ... 
TRACE::2023-12-04.11:17:31::SCWDomain::Skipping the build for domain :  standalone_microblaze_0
TRACE::2023-12-04.11:17:31::SCWMssOS::skipping the bsp build ... 
TRACE::2023-12-04.11:17:31::SCWMssOS::Copying to export directory.
TRACE::2023-12-04.11:17:31::SCWMssOS:: Checking if to create the Supporting Applications
TRACE::2023-12-04.11:17:31::SCWMssOS:: No Linux domain exists, trying to generate FSBL 
LOG::2023-12-04.11:17:31::SCWSystem::Completed Processing the domain standalone_microblaze_0
LOG::2023-12-04.11:17:31::SCWSystem::Completed Processing the sysconfig Linux_bd_wrapper
LOG::2023-12-04.11:17:31::SCWPlatform::Completed generating the artifacts for system configuration Linux_bd_wrapper
TRACE::2023-12-04.11:17:31::SCWPlatform::Started preparing the platform 
TRACE::2023-12-04.11:17:31::SCWSystem::Writing the bif file for system config Linux_bd_wrapper
TRACE::2023-12-04.11:17:31::SCWSystem::dir created 
TRACE::2023-12-04.11:17:31::SCWSystem::Writing the bif 
TRACE::2023-12-04.11:17:31::SCWPlatform::Started writing the spfm file 
TRACE::2023-12-04.11:17:31::SCWPlatform::Started writing the xpfm file 
TRACE::2023-12-04.11:17:31::SCWPlatform::Completed generating the platform
TRACE::2023-12-04.11:17:31::SCWMssOS::Saving the mss changes C:/Users/doluwamu.kaye/Documents/GitHub/Linux_Microblaze_V1.0/Linux_bd_wrapper/microblaze_0/standalone_microblaze_0/bsp/system.mss
TRACE::2023-12-04.11:17:31::SCWMssOS::Found a swdesign opened with the mssfile.
TRACE::2023-12-04.11:17:31::SCWMssOS::Completed writemss as part of save.
TRACE::2023-12-04.11:17:31::SCWMssOS::Commit changes completed.
TRACE::2023-12-04.11:17:31::SCWPlatform::Trying to open the hw design at C:/Users/doluwamu.kaye/Documents/GitHub/Linux_Microblaze_V1.0/Linux_bd_wrapper/hw/Linux_bd_wrapper.xsa
TRACE::2023-12-04.11:17:31::SCWPlatform::DSA given C:/Users/doluwamu.kaye/Documents/GitHub/Linux_Microblaze_V1.0/Linux_bd_wrapper/hw/Linux_bd_wrapper.xsa
TRACE::2023-12-04.11:17:31::SCWPlatform::DSA absoulate path C:/Users/doluwamu.kaye/Documents/GitHub/Linux_Microblaze_V1.0/Linux_bd_wrapper/hw/Linux_bd_wrapper.xsa
TRACE::2023-12-04.11:17:31::SCWPlatform::DSA directory C:/Users/doluwamu.kaye/Documents/GitHub/Linux_Microblaze_V1.0/Linux_bd_wrapper/hw
TRACE::2023-12-04.11:17:31::SCWPlatform:: Platform Path C:/Users/doluwamu.kaye/Documents/GitHub/Linux_Microblaze_V1.0/Linux_bd_wrapper/hw/Linux_bd_wrapper.xsa
TRACE::2023-12-04.11:17:31::SCWPlatform:: Unique name xilinx:nexys-a7-100t::0.0
TRACE::2023-12-04.11:17:31::SCWPlatform::Trying to set the existing hwdb with name Linux_bd_wrapper_0
TRACE::2023-12-04.11:17:31::SCWPlatform::Opened existing hwdb Linux_bd_wrapper_0
TRACE::2023-12-04.11:17:31::SCWPlatform::Found the Hw Db part of the input DSA
TRACE::2023-12-04.11:17:31::SCWMssOS::Checking the sw design at  C:/Users/doluwamu.kaye/Documents/GitHub/Linux_Microblaze_V1.0/Linux_bd_wrapper/microblaze_0/standalone_microblaze_0/bsp/system.mss
TRACE::2023-12-04.11:17:31::SCWMssOS::DEBUG:  swdes dump  C:/Users/doluwamu.kaye/Documents/GitHub/Linux_Microblaze_V1.0/Linux_bd_wrapper/microblaze_0/standalone_microblaze_0/bsp/system.mss|system||

TRACE::2023-12-04.11:17:31::SCWMssOS::Sw design exists and opened at  C:/Users/doluwamu.kaye/Documents/GitHub/Linux_Microblaze_V1.0/Linux_bd_wrapper/microblaze_0/standalone_microblaze_0/bsp/system.mss
TRACE::2023-12-04.11:17:31::SCWPlatform::Trying to open the hw design at C:/Users/doluwamu.kaye/Documents/GitHub/Linux_Microblaze_V1.0/Linux_bd_wrapper/hw/Linux_bd_wrapper.xsa
TRACE::2023-12-04.11:17:31::SCWPlatform::DSA given C:/Users/doluwamu.kaye/Documents/GitHub/Linux_Microblaze_V1.0/Linux_bd_wrapper/hw/Linux_bd_wrapper.xsa
TRACE::2023-12-04.11:17:31::SCWPlatform::DSA absoulate path C:/Users/doluwamu.kaye/Documents/GitHub/Linux_Microblaze_V1.0/Linux_bd_wrapper/hw/Linux_bd_wrapper.xsa
TRACE::2023-12-04.11:17:31::SCWPlatform::DSA directory C:/Users/doluwamu.kaye/Documents/GitHub/Linux_Microblaze_V1.0/Linux_bd_wrapper/hw
TRACE::2023-12-04.11:17:31::SCWPlatform:: Platform Path C:/Users/doluwamu.kaye/Documents/GitHub/Linux_Microblaze_V1.0/Linux_bd_wrapper/hw/Linux_bd_wrapper.xsa
TRACE::2023-12-04.11:17:31::SCWPlatform:: Unique name xilinx:nexys-a7-100t::0.0
TRACE::2023-12-04.11:17:31::SCWPlatform::Trying to set the existing hwdb with name Linux_bd_wrapper_0
TRACE::2023-12-04.11:17:31::SCWPlatform::Opened existing hwdb Linux_bd_wrapper_0
TRACE::2023-12-04.11:17:31::SCWPlatform::Found the Hw Db part of the input DSA
TRACE::2023-12-04.11:17:31::SCWMssOS::Checking the sw design at  C:/Users/doluwamu.kaye/Documents/GitHub/Linux_Microblaze_V1.0/Linux_bd_wrapper/microblaze_0/standalone_microblaze_0/bsp/system.mss
TRACE::2023-12-04.11:17:31::SCWMssOS::DEBUG:  swdes dump  C:/Users/doluwamu.kaye/Documents/GitHub/Linux_Microblaze_V1.0/Linux_bd_wrapper/microblaze_0/standalone_microblaze_0/bsp/system.mss|system||

TRACE::2023-12-04.11:17:31::SCWMssOS::Sw design exists and opened at  C:/Users/doluwamu.kaye/Documents/GitHub/Linux_Microblaze_V1.0/Linux_bd_wrapper/microblaze_0/standalone_microblaze_0/bsp/system.mss
TRACE::2023-12-04.11:17:31::SCWPlatform::Trying to open the hw design at C:/Users/doluwamu.kaye/Documents/GitHub/Linux_Microblaze_V1.0/Linux_bd_wrapper/hw/Linux_bd_wrapper.xsa
TRACE::2023-12-04.11:17:31::SCWPlatform::DSA given C:/Users/doluwamu.kaye/Documents/GitHub/Linux_Microblaze_V1.0/Linux_bd_wrapper/hw/Linux_bd_wrapper.xsa
TRACE::2023-12-04.11:17:31::SCWPlatform::DSA absoulate path C:/Users/doluwamu.kaye/Documents/GitHub/Linux_Microblaze_V1.0/Linux_bd_wrapper/hw/Linux_bd_wrapper.xsa
TRACE::2023-12-04.11:17:31::SCWPlatform::DSA directory C:/Users/doluwamu.kaye/Documents/GitHub/Linux_Microblaze_V1.0/Linux_bd_wrapper/hw
TRACE::2023-12-04.11:17:31::SCWPlatform:: Platform Path C:/Users/doluwamu.kaye/Documents/GitHub/Linux_Microblaze_V1.0/Linux_bd_wrapper/hw/Linux_bd_wrapper.xsa
TRACE::2023-12-04.11:17:31::SCWPlatform:: Unique name xilinx:nexys-a7-100t::0.0
TRACE::2023-12-04.11:17:31::SCWPlatform::Trying to set the existing hwdb with name Linux_bd_wrapper_0
TRACE::2023-12-04.11:17:31::SCWPlatform::Opened existing hwdb Linux_bd_wrapper_0
TRACE::2023-12-04.11:17:31::SCWPlatform::Found the Hw Db part of the input DSA
TRACE::2023-12-04.11:17:31::SCWMssOS::Checking the sw design at  C:/Users/doluwamu.kaye/Documents/GitHub/Linux_Microblaze_V1.0/Linux_bd_wrapper/microblaze_0/standalone_microblaze_0/bsp/system.mss
TRACE::2023-12-04.11:17:31::SCWMssOS::DEBUG:  swdes dump  C:/Users/doluwamu.kaye/Documents/GitHub/Linux_Microblaze_V1.0/Linux_bd_wrapper/microblaze_0/standalone_microblaze_0/bsp/system.mss|system||

TRACE::2023-12-04.11:17:31::SCWMssOS::Sw design exists and opened at  C:/Users/doluwamu.kaye/Documents/GitHub/Linux_Microblaze_V1.0/Linux_bd_wrapper/microblaze_0/standalone_microblaze_0/bsp/system.mss
TRACE::2023-12-04.11:17:31::SCWWriter::formatted JSON is {
	"platformName":	"Linux_bd_wrapper",
	"sprVersion":	"2.0",
	"mode":	"gui",
	"dsaType":	"Fixed",
	"platformDesc":	"Linux_bd_wrapper",
	"platHandOff":	"C:/Users/doluwamu.kaye/Documents/GitHub/Linux_Microblaze_V1.0/Linux_Hw/Linux_bd_wrapper.xsa",
	"platIntHandOff":	"<platformDir>/hw/Linux_bd_wrapper.xsa",
	"deviceType":	"FPGA",
	"platIsPrebuiltAutogen":	"false",
	"platIsNoBootBsp":	"false",
	"hasFsblMakeHasChanges":	"false",
	"hasPmufwMakeHasChanges":	"false",
	"platPreBuiltFlag":	false,
	"platformSamplesDir":	"",
	"platActiveSys":	"Linux_bd_wrapper",
	"systems":	[{
			"systemName":	"Linux_bd_wrapper",
			"systemDesc":	"Linux_bd_wrapper",
			"sysIsBootAutoGen":	"true",
			"systemDispName":	"Linux_bd_wrapper",
			"sysActiveDom":	"standalone_microblaze_0",
			"sysDefaultDom":	"standalone_microblaze_0",
			"domains":	[{
					"domainName":	"standalone_microblaze_0",
					"domainDispName":	"standalone_microblaze_0",
					"domainDesc":	"standalone_microblaze_0",
					"processors":	"microblaze_0",
					"os":	"standalone",
					"sdxOs":	"standalone",
					"debugEnable":	"False",
					"domRuntimes":	["cpp"],
					"swRepo":	"",
					"mssOsVer":	"8.0",
					"mssFile":	"",
					"md5Digest":	"e0546c7861b98e65b4e8e0d54a127ad2",
					"compatibleApp":	"empty_application",
					"domType":	"mssDomain",
					"arch":	"32-bit",
					"appSettings":	{
						"appCompilerFlags":	"",
						"appLinkerFlags":	""
					},
					"addedLibs":	[],
					"libOptions":	{
						"libsContainingOptions":	[]
					},
					"prebuiltLibs":	{
						"prebuiltIncPath":	[],
						"prebuiltLibPath":	[]
					},
					"isolation":	{
					}
				}]
		}]
}
KEYINFO::2023-12-04.11:17:31::SCWPlatform::updated the xpfm file.
TRACE::2023-12-04.11:17:31::SCWPlatform::Trying to open the hw design at C:/Users/doluwamu.kaye/Documents/GitHub/Linux_Microblaze_V1.0/Linux_bd_wrapper/hw/Linux_bd_wrapper.xsa
TRACE::2023-12-04.11:17:31::SCWPlatform::DSA given C:/Users/doluwamu.kaye/Documents/GitHub/Linux_Microblaze_V1.0/Linux_bd_wrapper/hw/Linux_bd_wrapper.xsa
TRACE::2023-12-04.11:17:31::SCWPlatform::DSA absoulate path C:/Users/doluwamu.kaye/Documents/GitHub/Linux_Microblaze_V1.0/Linux_bd_wrapper/hw/Linux_bd_wrapper.xsa
TRACE::2023-12-04.11:17:31::SCWPlatform::DSA directory C:/Users/doluwamu.kaye/Documents/GitHub/Linux_Microblaze_V1.0/Linux_bd_wrapper/hw
TRACE::2023-12-04.11:17:31::SCWPlatform:: Platform Path C:/Users/doluwamu.kaye/Documents/GitHub/Linux_Microblaze_V1.0/Linux_bd_wrapper/hw/Linux_bd_wrapper.xsa
TRACE::2023-12-04.11:17:31::SCWPlatform:: Unique name xilinx:nexys-a7-100t::0.0
TRACE::2023-12-04.11:17:31::SCWPlatform::Trying to set the existing hwdb with name Linux_bd_wrapper_0
TRACE::2023-12-04.11:17:31::SCWPlatform::Opened existing hwdb Linux_bd_wrapper_0
TRACE::2023-12-04.11:17:31::SCWPlatform::Found the Hw Db part of the input DSA
TRACE::2023-12-04.11:17:31::SCWMssOS::Checking the sw design at  C:/Users/doluwamu.kaye/Documents/GitHub/Linux_Microblaze_V1.0/Linux_bd_wrapper/microblaze_0/standalone_microblaze_0/bsp/system.mss
TRACE::2023-12-04.11:17:31::SCWMssOS::DEBUG:  swdes dump  C:/Users/doluwamu.kaye/Documents/GitHub/Linux_Microblaze_V1.0/Linux_bd_wrapper/microblaze_0/standalone_microblaze_0/bsp/system.mss|system||

TRACE::2023-12-04.11:17:31::SCWMssOS::Sw design exists and opened at  C:/Users/doluwamu.kaye/Documents/GitHub/Linux_Microblaze_V1.0/Linux_bd_wrapper/microblaze_0/standalone_microblaze_0/bsp/system.mss
TRACE::2023-12-04.11:17:31::SCWMssOS::Saving the mss changes C:/Users/doluwamu.kaye/Documents/GitHub/Linux_Microblaze_V1.0/Linux_bd_wrapper/microblaze_0/standalone_microblaze_0/bsp/system.mss
TRACE::2023-12-04.11:17:31::SCWMssOS::Found a swdesign opened with the mssfile.
TRACE::2023-12-04.11:17:31::SCWMssOS::Completed writemss as part of save.
TRACE::2023-12-04.11:17:31::SCWMssOS::Commit changes completed.
TRACE::2023-12-04.11:17:31::SCWPlatform::Trying to open the hw design at C:/Users/doluwamu.kaye/Documents/GitHub/Linux_Microblaze_V1.0/Linux_bd_wrapper/hw/Linux_bd_wrapper.xsa
TRACE::2023-12-04.11:17:31::SCWPlatform::DSA given C:/Users/doluwamu.kaye/Documents/GitHub/Linux_Microblaze_V1.0/Linux_bd_wrapper/hw/Linux_bd_wrapper.xsa
TRACE::2023-12-04.11:17:31::SCWPlatform::DSA absoulate path C:/Users/doluwamu.kaye/Documents/GitHub/Linux_Microblaze_V1.0/Linux_bd_wrapper/hw/Linux_bd_wrapper.xsa
TRACE::2023-12-04.11:17:31::SCWPlatform::DSA directory C:/Users/doluwamu.kaye/Documents/GitHub/Linux_Microblaze_V1.0/Linux_bd_wrapper/hw
TRACE::2023-12-04.11:17:31::SCWPlatform:: Platform Path C:/Users/doluwamu.kaye/Documents/GitHub/Linux_Microblaze_V1.0/Linux_bd_wrapper/hw/Linux_bd_wrapper.xsa
TRACE::2023-12-04.11:17:31::SCWPlatform:: Unique name xilinx:nexys-a7-100t::0.0
TRACE::2023-12-04.11:17:31::SCWPlatform::Trying to set the existing hwdb with name Linux_bd_wrapper_0
TRACE::2023-12-04.11:17:31::SCWPlatform::Opened existing hwdb Linux_bd_wrapper_0
TRACE::2023-12-04.11:17:31::SCWPlatform::Found the Hw Db part of the input DSA
TRACE::2023-12-04.11:17:31::SCWMssOS::Checking the sw design at  C:/Users/doluwamu.kaye/Documents/GitHub/Linux_Microblaze_V1.0/Linux_bd_wrapper/microblaze_0/standalone_microblaze_0/bsp/system.mss
TRACE::2023-12-04.11:17:31::SCWMssOS::DEBUG:  swdes dump  C:/Users/doluwamu.kaye/Documents/GitHub/Linux_Microblaze_V1.0/Linux_bd_wrapper/microblaze_0/standalone_microblaze_0/bsp/system.mss|system||

TRACE::2023-12-04.11:17:31::SCWMssOS::Sw design exists and opened at  C:/Users/doluwamu.kaye/Documents/GitHub/Linux_Microblaze_V1.0/Linux_bd_wrapper/microblaze_0/standalone_microblaze_0/bsp/system.mss
TRACE::2023-12-04.11:17:31::SCWPlatform::Trying to open the hw design at C:/Users/doluwamu.kaye/Documents/GitHub/Linux_Microblaze_V1.0/Linux_bd_wrapper/hw/Linux_bd_wrapper.xsa
TRACE::2023-12-04.11:17:31::SCWPlatform::DSA given C:/Users/doluwamu.kaye/Documents/GitHub/Linux_Microblaze_V1.0/Linux_bd_wrapper/hw/Linux_bd_wrapper.xsa
TRACE::2023-12-04.11:17:31::SCWPlatform::DSA absoulate path C:/Users/doluwamu.kaye/Documents/GitHub/Linux_Microblaze_V1.0/Linux_bd_wrapper/hw/Linux_bd_wrapper.xsa
TRACE::2023-12-04.11:17:31::SCWPlatform::DSA directory C:/Users/doluwamu.kaye/Documents/GitHub/Linux_Microblaze_V1.0/Linux_bd_wrapper/hw
TRACE::2023-12-04.11:17:31::SCWPlatform:: Platform Path C:/Users/doluwamu.kaye/Documents/GitHub/Linux_Microblaze_V1.0/Linux_bd_wrapper/hw/Linux_bd_wrapper.xsa
TRACE::2023-12-04.11:17:31::SCWPlatform:: Unique name xilinx:nexys-a7-100t::0.0
TRACE::2023-12-04.11:17:31::SCWPlatform::Trying to set the existing hwdb with name Linux_bd_wrapper_0
TRACE::2023-12-04.11:17:31::SCWPlatform::Opened existing hwdb Linux_bd_wrapper_0
TRACE::2023-12-04.11:17:31::SCWPlatform::Found the Hw Db part of the input DSA
TRACE::2023-12-04.11:17:31::SCWMssOS::Checking the sw design at  C:/Users/doluwamu.kaye/Documents/GitHub/Linux_Microblaze_V1.0/Linux_bd_wrapper/microblaze_0/standalone_microblaze_0/bsp/system.mss
TRACE::2023-12-04.11:17:31::SCWMssOS::DEBUG:  swdes dump  C:/Users/doluwamu.kaye/Documents/GitHub/Linux_Microblaze_V1.0/Linux_bd_wrapper/microblaze_0/standalone_microblaze_0/bsp/system.mss|system||

TRACE::2023-12-04.11:17:31::SCWMssOS::Sw design exists and opened at  C:/Users/doluwamu.kaye/Documents/GitHub/Linux_Microblaze_V1.0/Linux_bd_wrapper/microblaze_0/standalone_microblaze_0/bsp/system.mss
TRACE::2023-12-04.11:17:31::SCWPlatform::Trying to open the hw design at C:/Users/doluwamu.kaye/Documents/GitHub/Linux_Microblaze_V1.0/Linux_bd_wrapper/hw/Linux_bd_wrapper.xsa
TRACE::2023-12-04.11:17:31::SCWPlatform::DSA given C:/Users/doluwamu.kaye/Documents/GitHub/Linux_Microblaze_V1.0/Linux_bd_wrapper/hw/Linux_bd_wrapper.xsa
TRACE::2023-12-04.11:17:31::SCWPlatform::DSA absoulate path C:/Users/doluwamu.kaye/Documents/GitHub/Linux_Microblaze_V1.0/Linux_bd_wrapper/hw/Linux_bd_wrapper.xsa
TRACE::2023-12-04.11:17:31::SCWPlatform::DSA directory C:/Users/doluwamu.kaye/Documents/GitHub/Linux_Microblaze_V1.0/Linux_bd_wrapper/hw
TRACE::2023-12-04.11:17:31::SCWPlatform:: Platform Path C:/Users/doluwamu.kaye/Documents/GitHub/Linux_Microblaze_V1.0/Linux_bd_wrapper/hw/Linux_bd_wrapper.xsa
TRACE::2023-12-04.11:17:31::SCWPlatform:: Unique name xilinx:nexys-a7-100t::0.0
TRACE::2023-12-04.11:17:31::SCWPlatform::Trying to set the existing hwdb with name Linux_bd_wrapper_0
TRACE::2023-12-04.11:17:31::SCWPlatform::Opened existing hwdb Linux_bd_wrapper_0
TRACE::2023-12-04.11:17:31::SCWPlatform::Found the Hw Db part of the input DSA
TRACE::2023-12-04.11:17:31::SCWMssOS::Checking the sw design at  C:/Users/doluwamu.kaye/Documents/GitHub/Linux_Microblaze_V1.0/Linux_bd_wrapper/microblaze_0/standalone_microblaze_0/bsp/system.mss
TRACE::2023-12-04.11:17:31::SCWMssOS::DEBUG:  swdes dump  C:/Users/doluwamu.kaye/Documents/GitHub/Linux_Microblaze_V1.0/Linux_bd_wrapper/microblaze_0/standalone_microblaze_0/bsp/system.mss|system||

TRACE::2023-12-04.11:17:31::SCWMssOS::Sw design exists and opened at  C:/Users/doluwamu.kaye/Documents/GitHub/Linux_Microblaze_V1.0/Linux_bd_wrapper/microblaze_0/standalone_microblaze_0/bsp/system.mss
TRACE::2023-12-04.11:17:31::SCWWriter::formatted JSON is {
	"platformName":	"Linux_bd_wrapper",
	"sprVersion":	"2.0",
	"mode":	"gui",
	"dsaType":	"Fixed",
	"platformDesc":	"Linux_bd_wrapper",
	"platHandOff":	"C:/Users/doluwamu.kaye/Documents/GitHub/Linux_Microblaze_V1.0/Linux_Hw/Linux_bd_wrapper.xsa",
	"platIntHandOff":	"<platformDir>/hw/Linux_bd_wrapper.xsa",
	"deviceType":	"FPGA",
	"platIsPrebuiltAutogen":	"false",
	"platIsNoBootBsp":	"false",
	"hasFsblMakeHasChanges":	"false",
	"hasPmufwMakeHasChanges":	"false",
	"platPreBuiltFlag":	false,
	"platformSamplesDir":	"",
	"platActiveSys":	"Linux_bd_wrapper",
	"systems":	[{
			"systemName":	"Linux_bd_wrapper",
			"systemDesc":	"Linux_bd_wrapper",
			"sysIsBootAutoGen":	"true",
			"systemDispName":	"Linux_bd_wrapper",
			"sysActiveDom":	"standalone_microblaze_0",
			"sysDefaultDom":	"standalone_microblaze_0",
			"domains":	[{
					"domainName":	"standalone_microblaze_0",
					"domainDispName":	"standalone_microblaze_0",
					"domainDesc":	"standalone_microblaze_0",
					"processors":	"microblaze_0",
					"os":	"standalone",
					"sdxOs":	"standalone",
					"debugEnable":	"False",
					"domRuntimes":	["cpp"],
					"swRepo":	"",
					"mssOsVer":	"8.0",
					"mssFile":	"",
					"md5Digest":	"e0546c7861b98e65b4e8e0d54a127ad2",
					"compatibleApp":	"empty_application",
					"domType":	"mssDomain",
					"arch":	"32-bit",
					"appSettings":	{
						"appCompilerFlags":	"",
						"appLinkerFlags":	""
					},
					"addedLibs":	[],
					"libOptions":	{
						"libsContainingOptions":	[]
					},
					"prebuiltLibs":	{
						"prebuiltIncPath":	[],
						"prebuiltLibPath":	[]
					},
					"isolation":	{
					}
				}]
		}]
}
TRACE::2023-12-04.11:17:31::SCWPlatform::Trying to open the hw design at C:/Users/doluwamu.kaye/Documents/GitHub/Linux_Microblaze_V1.0/Linux_bd_wrapper/hw/Linux_bd_wrapper.xsa
TRACE::2023-12-04.11:17:31::SCWPlatform::DSA given C:/Users/doluwamu.kaye/Documents/GitHub/Linux_Microblaze_V1.0/Linux_bd_wrapper/hw/Linux_bd_wrapper.xsa
TRACE::2023-12-04.11:17:31::SCWPlatform::DSA absoulate path C:/Users/doluwamu.kaye/Documents/GitHub/Linux_Microblaze_V1.0/Linux_bd_wrapper/hw/Linux_bd_wrapper.xsa
TRACE::2023-12-04.11:17:31::SCWPlatform::DSA directory C:/Users/doluwamu.kaye/Documents/GitHub/Linux_Microblaze_V1.0/Linux_bd_wrapper/hw
TRACE::2023-12-04.11:17:31::SCWPlatform:: Platform Path C:/Users/doluwamu.kaye/Documents/GitHub/Linux_Microblaze_V1.0/Linux_bd_wrapper/hw/Linux_bd_wrapper.xsa
TRACE::2023-12-04.11:17:31::SCWPlatform:: Unique name xilinx:nexys-a7-100t::0.0
TRACE::2023-12-04.11:17:31::SCWPlatform::Trying to set the existing hwdb with name Linux_bd_wrapper_0
TRACE::2023-12-04.11:17:31::SCWPlatform::Opened existing hwdb Linux_bd_wrapper_0
TRACE::2023-12-04.11:17:31::SCWPlatform::Found the Hw Db part of the input DSA
TRACE::2023-12-04.11:17:31::SCWMssOS::Checking the sw design at  C:/Users/doluwamu.kaye/Documents/GitHub/Linux_Microblaze_V1.0/Linux_bd_wrapper/microblaze_0/standalone_microblaze_0/bsp/system.mss
TRACE::2023-12-04.11:17:31::SCWMssOS::DEBUG:  swdes dump  C:/Users/doluwamu.kaye/Documents/GitHub/Linux_Microblaze_V1.0/Linux_bd_wrapper/microblaze_0/standalone_microblaze_0/bsp/system.mss|system||

TRACE::2023-12-04.11:17:31::SCWMssOS::Sw design exists and opened at  C:/Users/doluwamu.kaye/Documents/GitHub/Linux_Microblaze_V1.0/Linux_bd_wrapper/microblaze_0/standalone_microblaze_0/bsp/system.mss
TRACE::2023-12-04.11:17:31::SCWPlatform::Trying to open the hw design at C:/Users/doluwamu.kaye/Documents/GitHub/Linux_Microblaze_V1.0/Linux_bd_wrapper/hw/Linux_bd_wrapper.xsa
TRACE::2023-12-04.11:17:31::SCWPlatform::DSA given C:/Users/doluwamu.kaye/Documents/GitHub/Linux_Microblaze_V1.0/Linux_bd_wrapper/hw/Linux_bd_wrapper.xsa
TRACE::2023-12-04.11:17:31::SCWPlatform::DSA absoulate path C:/Users/doluwamu.kaye/Documents/GitHub/Linux_Microblaze_V1.0/Linux_bd_wrapper/hw/Linux_bd_wrapper.xsa
TRACE::2023-12-04.11:17:31::SCWPlatform::DSA directory C:/Users/doluwamu.kaye/Documents/GitHub/Linux_Microblaze_V1.0/Linux_bd_wrapper/hw
TRACE::2023-12-04.11:17:31::SCWPlatform:: Platform Path C:/Users/doluwamu.kaye/Documents/GitHub/Linux_Microblaze_V1.0/Linux_bd_wrapper/hw/Linux_bd_wrapper.xsa
TRACE::2023-12-04.11:17:31::SCWPlatform:: Unique name xilinx:nexys-a7-100t::0.0
TRACE::2023-12-04.11:17:31::SCWPlatform::Trying to set the existing hwdb with name Linux_bd_wrapper_0
TRACE::2023-12-04.11:17:31::SCWPlatform::Opened existing hwdb Linux_bd_wrapper_0
TRACE::2023-12-04.11:17:31::SCWPlatform::Found the Hw Db part of the input DSA
TRACE::2023-12-04.11:17:31::SCWMssOS::Checking the sw design at  C:/Users/doluwamu.kaye/Documents/GitHub/Linux_Microblaze_V1.0/Linux_bd_wrapper/microblaze_0/standalone_microblaze_0/bsp/system.mss
TRACE::2023-12-04.11:17:31::SCWMssOS::DEBUG:  swdes dump  C:/Users/doluwamu.kaye/Documents/GitHub/Linux_Microblaze_V1.0/Linux_bd_wrapper/microblaze_0/standalone_microblaze_0/bsp/system.mss|system||

TRACE::2023-12-04.11:17:31::SCWMssOS::Sw design exists and opened at  C:/Users/doluwamu.kaye/Documents/GitHub/Linux_Microblaze_V1.0/Linux_bd_wrapper/microblaze_0/standalone_microblaze_0/bsp/system.mss
TRACE::2023-12-04.11:17:31::SCWMssOS::Saving the mss changes C:/Users/doluwamu.kaye/Documents/GitHub/Linux_Microblaze_V1.0/Linux_bd_wrapper/microblaze_0/standalone_microblaze_0/bsp/system.mss
TRACE::2023-12-04.11:17:31::SCWMssOS::Found a swdesign opened with the mssfile.
TRACE::2023-12-04.11:17:31::SCWMssOS::Completed writemss as part of save.
TRACE::2023-12-04.11:17:31::SCWMssOS::Commit changes completed.
TRACE::2023-12-04.11:17:31::SCWPlatform::Trying to open the hw design at C:/Users/doluwamu.kaye/Documents/GitHub/Linux_Microblaze_V1.0/Linux_bd_wrapper/hw/Linux_bd_wrapper.xsa
TRACE::2023-12-04.11:17:31::SCWPlatform::DSA given C:/Users/doluwamu.kaye/Documents/GitHub/Linux_Microblaze_V1.0/Linux_bd_wrapper/hw/Linux_bd_wrapper.xsa
TRACE::2023-12-04.11:17:31::SCWPlatform::DSA absoulate path C:/Users/doluwamu.kaye/Documents/GitHub/Linux_Microblaze_V1.0/Linux_bd_wrapper/hw/Linux_bd_wrapper.xsa
TRACE::2023-12-04.11:17:31::SCWPlatform::DSA directory C:/Users/doluwamu.kaye/Documents/GitHub/Linux_Microblaze_V1.0/Linux_bd_wrapper/hw
TRACE::2023-12-04.11:17:31::SCWPlatform:: Platform Path C:/Users/doluwamu.kaye/Documents/GitHub/Linux_Microblaze_V1.0/Linux_bd_wrapper/hw/Linux_bd_wrapper.xsa
TRACE::2023-12-04.11:17:31::SCWPlatform:: Unique name xilinx:nexys-a7-100t::0.0
TRACE::2023-12-04.11:17:31::SCWPlatform::Trying to set the existing hwdb with name Linux_bd_wrapper_0
TRACE::2023-12-04.11:17:31::SCWPlatform::Opened existing hwdb Linux_bd_wrapper_0
TRACE::2023-12-04.11:17:31::SCWPlatform::Found the Hw Db part of the input DSA
TRACE::2023-12-04.11:17:31::SCWMssOS::Checking the sw design at  C:/Users/doluwamu.kaye/Documents/GitHub/Linux_Microblaze_V1.0/Linux_bd_wrapper/microblaze_0/standalone_microblaze_0/bsp/system.mss
TRACE::2023-12-04.11:17:31::SCWMssOS::DEBUG:  swdes dump  C:/Users/doluwamu.kaye/Documents/GitHub/Linux_Microblaze_V1.0/Linux_bd_wrapper/microblaze_0/standalone_microblaze_0/bsp/system.mss|system||

TRACE::2023-12-04.11:17:31::SCWMssOS::Sw design exists and opened at  C:/Users/doluwamu.kaye/Documents/GitHub/Linux_Microblaze_V1.0/Linux_bd_wrapper/microblaze_0/standalone_microblaze_0/bsp/system.mss
TRACE::2023-12-04.11:17:31::SCWPlatform::Trying to open the hw design at C:/Users/doluwamu.kaye/Documents/GitHub/Linux_Microblaze_V1.0/Linux_bd_wrapper/hw/Linux_bd_wrapper.xsa
TRACE::2023-12-04.11:17:31::SCWPlatform::DSA given C:/Users/doluwamu.kaye/Documents/GitHub/Linux_Microblaze_V1.0/Linux_bd_wrapper/hw/Linux_bd_wrapper.xsa
TRACE::2023-12-04.11:17:31::SCWPlatform::DSA absoulate path C:/Users/doluwamu.kaye/Documents/GitHub/Linux_Microblaze_V1.0/Linux_bd_wrapper/hw/Linux_bd_wrapper.xsa
TRACE::2023-12-04.11:17:31::SCWPlatform::DSA directory C:/Users/doluwamu.kaye/Documents/GitHub/Linux_Microblaze_V1.0/Linux_bd_wrapper/hw
TRACE::2023-12-04.11:17:31::SCWPlatform:: Platform Path C:/Users/doluwamu.kaye/Documents/GitHub/Linux_Microblaze_V1.0/Linux_bd_wrapper/hw/Linux_bd_wrapper.xsa
TRACE::2023-12-04.11:17:31::SCWPlatform:: Unique name xilinx:nexys-a7-100t::0.0
TRACE::2023-12-04.11:17:31::SCWPlatform::Trying to set the existing hwdb with name Linux_bd_wrapper_0
TRACE::2023-12-04.11:17:31::SCWPlatform::Opened existing hwdb Linux_bd_wrapper_0
TRACE::2023-12-04.11:17:31::SCWPlatform::Found the Hw Db part of the input DSA
TRACE::2023-12-04.11:17:31::SCWMssOS::Checking the sw design at  C:/Users/doluwamu.kaye/Documents/GitHub/Linux_Microblaze_V1.0/Linux_bd_wrapper/microblaze_0/standalone_microblaze_0/bsp/system.mss
TRACE::2023-12-04.11:17:31::SCWMssOS::DEBUG:  swdes dump  C:/Users/doluwamu.kaye/Documents/GitHub/Linux_Microblaze_V1.0/Linux_bd_wrapper/microblaze_0/standalone_microblaze_0/bsp/system.mss|system||

TRACE::2023-12-04.11:17:31::SCWMssOS::Sw design exists and opened at  C:/Users/doluwamu.kaye/Documents/GitHub/Linux_Microblaze_V1.0/Linux_bd_wrapper/microblaze_0/standalone_microblaze_0/bsp/system.mss
TRACE::2023-12-04.11:17:31::SCWPlatform::Trying to open the hw design at C:/Users/doluwamu.kaye/Documents/GitHub/Linux_Microblaze_V1.0/Linux_bd_wrapper/hw/Linux_bd_wrapper.xsa
TRACE::2023-12-04.11:17:31::SCWPlatform::DSA given C:/Users/doluwamu.kaye/Documents/GitHub/Linux_Microblaze_V1.0/Linux_bd_wrapper/hw/Linux_bd_wrapper.xsa
TRACE::2023-12-04.11:17:31::SCWPlatform::DSA absoulate path C:/Users/doluwamu.kaye/Documents/GitHub/Linux_Microblaze_V1.0/Linux_bd_wrapper/hw/Linux_bd_wrapper.xsa
TRACE::2023-12-04.11:17:31::SCWPlatform::DSA directory C:/Users/doluwamu.kaye/Documents/GitHub/Linux_Microblaze_V1.0/Linux_bd_wrapper/hw
TRACE::2023-12-04.11:17:31::SCWPlatform:: Platform Path C:/Users/doluwamu.kaye/Documents/GitHub/Linux_Microblaze_V1.0/Linux_bd_wrapper/hw/Linux_bd_wrapper.xsa
TRACE::2023-12-04.11:17:31::SCWPlatform:: Unique name xilinx:nexys-a7-100t::0.0
TRACE::2023-12-04.11:17:31::SCWPlatform::Trying to set the existing hwdb with name Linux_bd_wrapper_0
TRACE::2023-12-04.11:17:31::SCWPlatform::Opened existing hwdb Linux_bd_wrapper_0
TRACE::2023-12-04.11:17:31::SCWPlatform::Found the Hw Db part of the input DSA
TRACE::2023-12-04.11:17:31::SCWMssOS::Checking the sw design at  C:/Users/doluwamu.kaye/Documents/GitHub/Linux_Microblaze_V1.0/Linux_bd_wrapper/microblaze_0/standalone_microblaze_0/bsp/system.mss
TRACE::2023-12-04.11:17:31::SCWMssOS::DEBUG:  swdes dump  C:/Users/doluwamu.kaye/Documents/GitHub/Linux_Microblaze_V1.0/Linux_bd_wrapper/microblaze_0/standalone_microblaze_0/bsp/system.mss|system||

TRACE::2023-12-04.11:17:31::SCWMssOS::Sw design exists and opened at  C:/Users/doluwamu.kaye/Documents/GitHub/Linux_Microblaze_V1.0/Linux_bd_wrapper/microblaze_0/standalone_microblaze_0/bsp/system.mss
TRACE::2023-12-04.11:17:31::SCWWriter::formatted JSON is {
	"platformName":	"Linux_bd_wrapper",
	"sprVersion":	"2.0",
	"mode":	"gui",
	"dsaType":	"Fixed",
	"platformDesc":	"Linux_bd_wrapper",
	"platHandOff":	"C:/Users/doluwamu.kaye/Documents/GitHub/Linux_Microblaze_V1.0/Linux_Hw/Linux_bd_wrapper.xsa",
	"platIntHandOff":	"<platformDir>/hw/Linux_bd_wrapper.xsa",
	"deviceType":	"FPGA",
	"platIsPrebuiltAutogen":	"false",
	"platIsNoBootBsp":	"false",
	"hasFsblMakeHasChanges":	"false",
	"hasPmufwMakeHasChanges":	"false",
	"platPreBuiltFlag":	false,
	"platformSamplesDir":	"",
	"platActiveSys":	"Linux_bd_wrapper",
	"systems":	[{
			"systemName":	"Linux_bd_wrapper",
			"systemDesc":	"Linux_bd_wrapper",
			"sysIsBootAutoGen":	"true",
			"systemDispName":	"Linux_bd_wrapper",
			"sysActiveDom":	"standalone_microblaze_0",
			"sysDefaultDom":	"standalone_microblaze_0",
			"domains":	[{
					"domainName":	"standalone_microblaze_0",
					"domainDispName":	"standalone_microblaze_0",
					"domainDesc":	"standalone_microblaze_0",
					"processors":	"microblaze_0",
					"os":	"standalone",
					"sdxOs":	"standalone",
					"debugEnable":	"False",
					"domRuntimes":	["cpp"],
					"swRepo":	"",
					"mssOsVer":	"8.0",
					"mssFile":	"",
					"md5Digest":	"e0546c7861b98e65b4e8e0d54a127ad2",
					"compatibleApp":	"empty_application",
					"domType":	"mssDomain",
					"arch":	"32-bit",
					"appSettings":	{
						"appCompilerFlags":	"",
						"appLinkerFlags":	""
					},
					"addedLibs":	[],
					"libOptions":	{
						"libsContainingOptions":	[]
					},
					"prebuiltLibs":	{
						"prebuiltIncPath":	[],
						"prebuiltLibPath":	[]
					},
					"isolation":	{
					}
				}]
		}]
}
LOG::2023-12-04.11:17:31::SCWPlatform::Started generating the artifacts platform Linux_bd_wrapper
TRACE::2023-12-04.11:17:31::SCWPlatform::Sanity checking of platform is completed
LOG::2023-12-04.11:17:31::SCWPlatform::Started generating the artifacts for system configuration Linux_bd_wrapper
LOG::2023-12-04.11:17:31::SCWSystem::Started Processing the domain standalone_microblaze_0
TRACE::2023-12-04.11:17:31::SCWDomain::Generating domain artifcats
TRACE::2023-12-04.11:17:31::SCWMssOS::Generating standalone artifcats
TRACE::2023-12-04.11:17:31::SCWMssOS:: Copying the user libraries. 
TRACE::2023-12-04.11:17:31::SCWPlatform::Trying to open the hw design at C:/Users/doluwamu.kaye/Documents/GitHub/Linux_Microblaze_V1.0/Linux_bd_wrapper/hw/Linux_bd_wrapper.xsa
TRACE::2023-12-04.11:17:31::SCWPlatform::DSA given C:/Users/doluwamu.kaye/Documents/GitHub/Linux_Microblaze_V1.0/Linux_bd_wrapper/hw/Linux_bd_wrapper.xsa
TRACE::2023-12-04.11:17:31::SCWPlatform::DSA absoulate path C:/Users/doluwamu.kaye/Documents/GitHub/Linux_Microblaze_V1.0/Linux_bd_wrapper/hw/Linux_bd_wrapper.xsa
TRACE::2023-12-04.11:17:31::SCWPlatform::DSA directory C:/Users/doluwamu.kaye/Documents/GitHub/Linux_Microblaze_V1.0/Linux_bd_wrapper/hw
TRACE::2023-12-04.11:17:31::SCWPlatform:: Platform Path C:/Users/doluwamu.kaye/Documents/GitHub/Linux_Microblaze_V1.0/Linux_bd_wrapper/hw/Linux_bd_wrapper.xsa
TRACE::2023-12-04.11:17:31::SCWPlatform:: Unique name xilinx:nexys-a7-100t::0.0
TRACE::2023-12-04.11:17:31::SCWPlatform::Trying to set the existing hwdb with name Linux_bd_wrapper_0
TRACE::2023-12-04.11:17:31::SCWPlatform::Opened existing hwdb Linux_bd_wrapper_0
TRACE::2023-12-04.11:17:31::SCWPlatform::Found the Hw Db part of the input DSA
TRACE::2023-12-04.11:17:31::SCWMssOS::Checking the sw design at  C:/Users/doluwamu.kaye/Documents/GitHub/Linux_Microblaze_V1.0/Linux_bd_wrapper/microblaze_0/standalone_microblaze_0/bsp/system.mss
TRACE::2023-12-04.11:17:31::SCWMssOS::DEBUG:  swdes dump  C:/Users/doluwamu.kaye/Documents/GitHub/Linux_Microblaze_V1.0/Linux_bd_wrapper/microblaze_0/standalone_microblaze_0/bsp/system.mss|system||

TRACE::2023-12-04.11:17:31::SCWMssOS::Sw design exists and opened at  C:/Users/doluwamu.kaye/Documents/GitHub/Linux_Microblaze_V1.0/Linux_bd_wrapper/microblaze_0/standalone_microblaze_0/bsp/system.mss
TRACE::2023-12-04.11:17:31::SCWMssOS::Completed writing the mss file at C:/Users/doluwamu.kaye/Documents/GitHub/Linux_Microblaze_V1.0/Linux_bd_wrapper/microblaze_0/standalone_microblaze_0/bsp
TRACE::2023-12-04.11:17:31::SCWMssOS::Mss edits present, copying mssfile into export location C:/Users/doluwamu.kaye/Documents/GitHub/Linux_Microblaze_V1.0/Linux_bd_wrapper/microblaze_0/standalone_microblaze_0/bsp/system.mss
TRACE::2023-12-04.11:17:31::SCWMssOS::bsp generated is upto date with the mss file. Skipping bsp generation.
TRACE::2023-12-04.11:17:31::SCWMssOS::BSP is already built. skipping the bsp build ... 
TRACE::2023-12-04.11:17:31::SCWDomain::Building the domain as part of full build :  standalone_microblaze_0
TRACE::2023-12-04.11:17:31::SCWMssOS::skipping the bsp build ... 
TRACE::2023-12-04.11:17:31::SCWMssOS::Copying to export directory.
TRACE::2023-12-04.11:17:31::SCWMssOS:: Checking if to create the Supporting Applications
TRACE::2023-12-04.11:17:31::SCWMssOS:: No Linux domain exists, trying to generate FSBL 
LOG::2023-12-04.11:17:31::SCWSystem::Completed Processing the domain standalone_microblaze_0
LOG::2023-12-04.11:17:31::SCWSystem::Completed Processing the sysconfig Linux_bd_wrapper
LOG::2023-12-04.11:17:31::SCWPlatform::Completed generating the artifacts for system configuration Linux_bd_wrapper
TRACE::2023-12-04.11:17:31::SCWPlatform::Started preparing the platform 
TRACE::2023-12-04.11:17:31::SCWSystem::Writing the bif file for system config Linux_bd_wrapper
TRACE::2023-12-04.11:17:31::SCWSystem::dir created 
TRACE::2023-12-04.11:17:31::SCWSystem::Writing the bif 
TRACE::2023-12-04.11:17:31::SCWPlatform::Started writing the spfm file 
TRACE::2023-12-04.11:17:31::SCWPlatform::Started writing the xpfm file 
TRACE::2023-12-04.11:17:31::SCWPlatform::Completed generating the platform
TRACE::2023-12-04.11:17:31::SCWMssOS::Saving the mss changes C:/Users/doluwamu.kaye/Documents/GitHub/Linux_Microblaze_V1.0/Linux_bd_wrapper/microblaze_0/standalone_microblaze_0/bsp/system.mss
TRACE::2023-12-04.11:17:31::SCWMssOS::Found a swdesign opened with the mssfile.
TRACE::2023-12-04.11:17:31::SCWMssOS::Completed writemss as part of save.
TRACE::2023-12-04.11:17:31::SCWMssOS::Commit changes completed.
TRACE::2023-12-04.11:17:31::SCWPlatform::Trying to open the hw design at C:/Users/doluwamu.kaye/Documents/GitHub/Linux_Microblaze_V1.0/Linux_bd_wrapper/hw/Linux_bd_wrapper.xsa
TRACE::2023-12-04.11:17:31::SCWPlatform::DSA given C:/Users/doluwamu.kaye/Documents/GitHub/Linux_Microblaze_V1.0/Linux_bd_wrapper/hw/Linux_bd_wrapper.xsa
TRACE::2023-12-04.11:17:31::SCWPlatform::DSA absoulate path C:/Users/doluwamu.kaye/Documents/GitHub/Linux_Microblaze_V1.0/Linux_bd_wrapper/hw/Linux_bd_wrapper.xsa
TRACE::2023-12-04.11:17:31::SCWPlatform::DSA directory C:/Users/doluwamu.kaye/Documents/GitHub/Linux_Microblaze_V1.0/Linux_bd_wrapper/hw
TRACE::2023-12-04.11:17:31::SCWPlatform:: Platform Path C:/Users/doluwamu.kaye/Documents/GitHub/Linux_Microblaze_V1.0/Linux_bd_wrapper/hw/Linux_bd_wrapper.xsa
TRACE::2023-12-04.11:17:31::SCWPlatform:: Unique name xilinx:nexys-a7-100t::0.0
TRACE::2023-12-04.11:17:31::SCWPlatform::Trying to set the existing hwdb with name Linux_bd_wrapper_0
TRACE::2023-12-04.11:17:31::SCWPlatform::Opened existing hwdb Linux_bd_wrapper_0
TRACE::2023-12-04.11:17:31::SCWPlatform::Found the Hw Db part of the input DSA
TRACE::2023-12-04.11:17:31::SCWMssOS::Checking the sw design at  C:/Users/doluwamu.kaye/Documents/GitHub/Linux_Microblaze_V1.0/Linux_bd_wrapper/microblaze_0/standalone_microblaze_0/bsp/system.mss
TRACE::2023-12-04.11:17:31::SCWMssOS::DEBUG:  swdes dump  C:/Users/doluwamu.kaye/Documents/GitHub/Linux_Microblaze_V1.0/Linux_bd_wrapper/microblaze_0/standalone_microblaze_0/bsp/system.mss|system||

TRACE::2023-12-04.11:17:31::SCWMssOS::Sw design exists and opened at  C:/Users/doluwamu.kaye/Documents/GitHub/Linux_Microblaze_V1.0/Linux_bd_wrapper/microblaze_0/standalone_microblaze_0/bsp/system.mss
TRACE::2023-12-04.11:17:31::SCWPlatform::Trying to open the hw design at C:/Users/doluwamu.kaye/Documents/GitHub/Linux_Microblaze_V1.0/Linux_bd_wrapper/hw/Linux_bd_wrapper.xsa
TRACE::2023-12-04.11:17:31::SCWPlatform::DSA given C:/Users/doluwamu.kaye/Documents/GitHub/Linux_Microblaze_V1.0/Linux_bd_wrapper/hw/Linux_bd_wrapper.xsa
TRACE::2023-12-04.11:17:31::SCWPlatform::DSA absoulate path C:/Users/doluwamu.kaye/Documents/GitHub/Linux_Microblaze_V1.0/Linux_bd_wrapper/hw/Linux_bd_wrapper.xsa
TRACE::2023-12-04.11:17:31::SCWPlatform::DSA directory C:/Users/doluwamu.kaye/Documents/GitHub/Linux_Microblaze_V1.0/Linux_bd_wrapper/hw
TRACE::2023-12-04.11:17:31::SCWPlatform:: Platform Path C:/Users/doluwamu.kaye/Documents/GitHub/Linux_Microblaze_V1.0/Linux_bd_wrapper/hw/Linux_bd_wrapper.xsa
TRACE::2023-12-04.11:17:31::SCWPlatform:: Unique name xilinx:nexys-a7-100t::0.0
TRACE::2023-12-04.11:17:31::SCWPlatform::Trying to set the existing hwdb with name Linux_bd_wrapper_0
TRACE::2023-12-04.11:17:31::SCWPlatform::Opened existing hwdb Linux_bd_wrapper_0
TRACE::2023-12-04.11:17:31::SCWPlatform::Found the Hw Db part of the input DSA
TRACE::2023-12-04.11:17:31::SCWMssOS::Checking the sw design at  C:/Users/doluwamu.kaye/Documents/GitHub/Linux_Microblaze_V1.0/Linux_bd_wrapper/microblaze_0/standalone_microblaze_0/bsp/system.mss
TRACE::2023-12-04.11:17:31::SCWMssOS::DEBUG:  swdes dump  C:/Users/doluwamu.kaye/Documents/GitHub/Linux_Microblaze_V1.0/Linux_bd_wrapper/microblaze_0/standalone_microblaze_0/bsp/system.mss|system||

TRACE::2023-12-04.11:17:31::SCWMssOS::Sw design exists and opened at  C:/Users/doluwamu.kaye/Documents/GitHub/Linux_Microblaze_V1.0/Linux_bd_wrapper/microblaze_0/standalone_microblaze_0/bsp/system.mss
TRACE::2023-12-04.11:17:31::SCWPlatform::Trying to open the hw design at C:/Users/doluwamu.kaye/Documents/GitHub/Linux_Microblaze_V1.0/Linux_bd_wrapper/hw/Linux_bd_wrapper.xsa
TRACE::2023-12-04.11:17:31::SCWPlatform::DSA given C:/Users/doluwamu.kaye/Documents/GitHub/Linux_Microblaze_V1.0/Linux_bd_wrapper/hw/Linux_bd_wrapper.xsa
TRACE::2023-12-04.11:17:31::SCWPlatform::DSA absoulate path C:/Users/doluwamu.kaye/Documents/GitHub/Linux_Microblaze_V1.0/Linux_bd_wrapper/hw/Linux_bd_wrapper.xsa
TRACE::2023-12-04.11:17:31::SCWPlatform::DSA directory C:/Users/doluwamu.kaye/Documents/GitHub/Linux_Microblaze_V1.0/Linux_bd_wrapper/hw
TRACE::2023-12-04.11:17:31::SCWPlatform:: Platform Path C:/Users/doluwamu.kaye/Documents/GitHub/Linux_Microblaze_V1.0/Linux_bd_wrapper/hw/Linux_bd_wrapper.xsa
TRACE::2023-12-04.11:17:31::SCWPlatform:: Unique name xilinx:nexys-a7-100t::0.0
TRACE::2023-12-04.11:17:31::SCWPlatform::Trying to set the existing hwdb with name Linux_bd_wrapper_0
TRACE::2023-12-04.11:17:31::SCWPlatform::Opened existing hwdb Linux_bd_wrapper_0
TRACE::2023-12-04.11:17:31::SCWPlatform::Found the Hw Db part of the input DSA
TRACE::2023-12-04.11:17:31::SCWMssOS::Checking the sw design at  C:/Users/doluwamu.kaye/Documents/GitHub/Linux_Microblaze_V1.0/Linux_bd_wrapper/microblaze_0/standalone_microblaze_0/bsp/system.mss
TRACE::2023-12-04.11:17:31::SCWMssOS::DEBUG:  swdes dump  C:/Users/doluwamu.kaye/Documents/GitHub/Linux_Microblaze_V1.0/Linux_bd_wrapper/microblaze_0/standalone_microblaze_0/bsp/system.mss|system||

TRACE::2023-12-04.11:17:31::SCWMssOS::Sw design exists and opened at  C:/Users/doluwamu.kaye/Documents/GitHub/Linux_Microblaze_V1.0/Linux_bd_wrapper/microblaze_0/standalone_microblaze_0/bsp/system.mss
TRACE::2023-12-04.11:17:31::SCWWriter::formatted JSON is {
	"platformName":	"Linux_bd_wrapper",
	"sprVersion":	"2.0",
	"mode":	"gui",
	"dsaType":	"Fixed",
	"platformDesc":	"Linux_bd_wrapper",
	"platHandOff":	"C:/Users/doluwamu.kaye/Documents/GitHub/Linux_Microblaze_V1.0/Linux_Hw/Linux_bd_wrapper.xsa",
	"platIntHandOff":	"<platformDir>/hw/Linux_bd_wrapper.xsa",
	"deviceType":	"FPGA",
	"platIsPrebuiltAutogen":	"false",
	"platIsNoBootBsp":	"false",
	"hasFsblMakeHasChanges":	"false",
	"hasPmufwMakeHasChanges":	"false",
	"platPreBuiltFlag":	false,
	"platformSamplesDir":	"",
	"platActiveSys":	"Linux_bd_wrapper",
	"systems":	[{
			"systemName":	"Linux_bd_wrapper",
			"systemDesc":	"Linux_bd_wrapper",
			"sysIsBootAutoGen":	"true",
			"systemDispName":	"Linux_bd_wrapper",
			"sysActiveDom":	"standalone_microblaze_0",
			"sysDefaultDom":	"standalone_microblaze_0",
			"domains":	[{
					"domainName":	"standalone_microblaze_0",
					"domainDispName":	"standalone_microblaze_0",
					"domainDesc":	"standalone_microblaze_0",
					"processors":	"microblaze_0",
					"os":	"standalone",
					"sdxOs":	"standalone",
					"debugEnable":	"False",
					"domRuntimes":	["cpp"],
					"swRepo":	"",
					"mssOsVer":	"8.0",
					"mssFile":	"",
					"md5Digest":	"e0546c7861b98e65b4e8e0d54a127ad2",
					"compatibleApp":	"empty_application",
					"domType":	"mssDomain",
					"arch":	"32-bit",
					"appSettings":	{
						"appCompilerFlags":	"",
						"appLinkerFlags":	""
					},
					"addedLibs":	[],
					"libOptions":	{
						"libsContainingOptions":	[]
					},
					"prebuiltLibs":	{
						"prebuiltIncPath":	[],
						"prebuiltLibPath":	[]
					},
					"isolation":	{
					}
				}]
		}]
}
KEYINFO::2023-12-04.11:17:31::SCWPlatform::updated the xpfm file.
LOG::2023-12-04.11:20:09::SCWPlatform::Started generating the artifacts platform Linux_bd_wrapper
TRACE::2023-12-04.11:20:09::SCWPlatform::Sanity checking of platform is completed
LOG::2023-12-04.11:20:09::SCWPlatform::Started generating the artifacts for system configuration Linux_bd_wrapper
LOG::2023-12-04.11:20:09::SCWSystem::Checking the domain standalone_microblaze_0
LOG::2023-12-04.11:20:09::SCWSystem::Not a boot domain 
LOG::2023-12-04.11:20:09::SCWSystem::Started Processing the domain standalone_microblaze_0
TRACE::2023-12-04.11:20:09::SCWDomain::Generating domain artifcats
TRACE::2023-12-04.11:20:09::SCWMssOS::Generating standalone artifcats
TRACE::2023-12-04.11:20:09::SCWMssOS:: Copying the user libraries. 
TRACE::2023-12-04.11:20:09::SCWPlatform::Trying to open the hw design at C:/Users/doluwamu.kaye/Documents/GitHub/Linux_Microblaze_V1.0/Linux_bd_wrapper/hw/Linux_bd_wrapper.xsa
TRACE::2023-12-04.11:20:09::SCWPlatform::DSA given C:/Users/doluwamu.kaye/Documents/GitHub/Linux_Microblaze_V1.0/Linux_bd_wrapper/hw/Linux_bd_wrapper.xsa
TRACE::2023-12-04.11:20:09::SCWPlatform::DSA absoulate path C:/Users/doluwamu.kaye/Documents/GitHub/Linux_Microblaze_V1.0/Linux_bd_wrapper/hw/Linux_bd_wrapper.xsa
TRACE::2023-12-04.11:20:09::SCWPlatform::DSA directory C:/Users/doluwamu.kaye/Documents/GitHub/Linux_Microblaze_V1.0/Linux_bd_wrapper/hw
TRACE::2023-12-04.11:20:09::SCWPlatform:: Platform Path C:/Users/doluwamu.kaye/Documents/GitHub/Linux_Microblaze_V1.0/Linux_bd_wrapper/hw/Linux_bd_wrapper.xsa
TRACE::2023-12-04.11:20:09::SCWPlatform:: Unique name xilinx:nexys-a7-100t::0.0
TRACE::2023-12-04.11:20:09::SCWPlatform::Trying to set the existing hwdb with name Linux_bd_wrapper_0
TRACE::2023-12-04.11:20:09::SCWPlatform::Opened existing hwdb Linux_bd_wrapper_0
TRACE::2023-12-04.11:20:09::SCWPlatform::Found the Hw Db part of the input DSA
TRACE::2023-12-04.11:20:09::SCWMssOS::Checking the sw design at  C:/Users/doluwamu.kaye/Documents/GitHub/Linux_Microblaze_V1.0/Linux_bd_wrapper/microblaze_0/standalone_microblaze_0/bsp/system.mss
TRACE::2023-12-04.11:20:09::SCWMssOS::DEBUG:  swdes dump  C:/Users/doluwamu.kaye/Documents/GitHub/Linux_Microblaze_V1.0/Linux_bd_wrapper/microblaze_0/standalone_microblaze_0/bsp/system.mss|system||

TRACE::2023-12-04.11:20:09::SCWMssOS::Sw design exists and opened at  C:/Users/doluwamu.kaye/Documents/GitHub/Linux_Microblaze_V1.0/Linux_bd_wrapper/microblaze_0/standalone_microblaze_0/bsp/system.mss
TRACE::2023-12-04.11:20:09::SCWMssOS::Completed writing the mss file at C:/Users/doluwamu.kaye/Documents/GitHub/Linux_Microblaze_V1.0/Linux_bd_wrapper/microblaze_0/standalone_microblaze_0/bsp
TRACE::2023-12-04.11:20:09::SCWMssOS::Mss edits present, copying mssfile into export location C:/Users/doluwamu.kaye/Documents/GitHub/Linux_Microblaze_V1.0/Linux_bd_wrapper/microblaze_0/standalone_microblaze_0/bsp/system.mss
TRACE::2023-12-04.11:20:09::SCWMssOS::bsp generated is upto date with the mss file. Skipping bsp generation.
TRACE::2023-12-04.11:20:09::SCWMssOS::BSP is already built. skipping the bsp build ... 
TRACE::2023-12-04.11:20:09::SCWDomain::Building the domain as part of full build :  standalone_microblaze_0
TRACE::2023-12-04.11:20:09::SCWMssOS::doing bsp build ... 
TRACE::2023-12-04.11:20:09::SCWMssOS::System Command Ran  C: & cd  C:/Users/doluwamu.kaye/Documents/GitHub/Linux_Microblaze_V1.0/Linux_bd_wrapper/microblaze_0/standalone_microblaze_0/bsp & make 
TRACE::2023-12-04.11:20:09::SCWMssOS::make --no-print-directory seq_libs

TRACE::2023-12-04.11:20:09::SCWMssOS::'Finished building libraries sequentially.'

TRACE::2023-12-04.11:20:09::SCWMssOS::make -j 4 --no-print-directory par_libs

TRACE::2023-12-04.11:20:10::SCWMssOS::"Running Make include in microblaze_0/libsrc/bram_v4_8/src"

TRACE::2023-12-04.11:20:10::SCWMssOS::make -C microblaze_0/libsrc/bram_v4_8/src -s include  "SHELL=CMD" "COMPILER=mb-gcc" "ASSEMBLER=mb-as" "ARCHIVER=mb-ar" "COMPILE
TRACE::2023-12-04.11:20:10::SCWMssOS::R_FLAGS=  -O2 -c -mcpu=v11.0 -mhard-float -mlittle-endian -mno-xl-soft-div -mno-xl-soft-mul -mxl-barrel-shift -mxl-multiply-hig
TRACE::2023-12-04.11:20:10::SCWMssOS::h -mxl-pattern-compare" "EXTRA_COMPILER_FLAGS=-g -ffunction-sections -fdata-sections -Wall -Wextra -fno-tree-loop-distribute-pa
TRACE::2023-12-04.11:20:10::SCWMssOS::tterns"

TRACE::2023-12-04.11:20:10::SCWMssOS::"Running Make include in microblaze_0/libsrc/cpu_v2_16/src"

TRACE::2023-12-04.11:20:10::SCWMssOS::make -C microblaze_0/libsrc/cpu_v2_16/src -s include  "SHELL=CMD" "COMPILER=mb-gcc" "ASSEMBLER=mb-as" "ARCHIVER=mb-ar" "COMPILE
TRACE::2023-12-04.11:20:10::SCWMssOS::R_FLAGS=  -O2 -c -mcpu=v11.0 -mhard-float -mlittle-endian -mno-xl-soft-div -mno-xl-soft-mul -mxl-barrel-shift -mxl-multiply-hig
TRACE::2023-12-04.11:20:10::SCWMssOS::h -mxl-pattern-compare" "EXTRA_COMPILER_FLAGS=-g -ffunction-sections -fdata-sections -Wall -Wextra -fno-tree-loop-distribute-pa
TRACE::2023-12-04.11:20:10::SCWMssOS::tterns"

TRACE::2023-12-04.11:20:10::SCWMssOS::"Running Make include in microblaze_0/libsrc/gpio_v4_9/src"

TRACE::2023-12-04.11:20:10::SCWMssOS::make -C microblaze_0/libsrc/gpio_v4_9/src -s include  "SHELL=CMD" "COMPILER=mb-gcc" "ASSEMBLER=mb-as" "ARCHIVER=mb-ar" "COMPILE
TRACE::2023-12-04.11:20:10::SCWMssOS::R_FLAGS=  -O2 -c -mcpu=v11.0 -mhard-float -mlittle-endian -mno-xl-soft-div -mno-xl-soft-mul -mxl-barrel-shift -mxl-multiply-hig
TRACE::2023-12-04.11:20:10::SCWMssOS::h -mxl-pattern-compare" "EXTRA_COMPILER_FLAGS=-g -ffunction-sections -fdata-sections -Wall -Wextra -fno-tree-loop-distribute-pa
TRACE::2023-12-04.11:20:10::SCWMssOS::tterns"

TRACE::2023-12-04.11:20:10::SCWMssOS::"Running Make include in microblaze_0/libsrc/iic_v3_9/src"

TRACE::2023-12-04.11:20:10::SCWMssOS::make -C microblaze_0/libsrc/iic_v3_9/src -s include  "SHELL=CMD" "COMPILER=mb-gcc" "ASSEMBLER=mb-as" "ARCHIVER=mb-ar" "COMPILER
TRACE::2023-12-04.11:20:10::SCWMssOS::_FLAGS=  -O2 -c -mcpu=v11.0 -mhard-float -mlittle-endian -mno-xl-soft-div -mno-xl-soft-mul -mxl-barrel-shift -mxl-multiply-high
TRACE::2023-12-04.11:20:10::SCWMssOS:: -mxl-pattern-compare" "EXTRA_COMPILER_FLAGS=-g -ffunction-sections -fdata-sections -Wall -Wextra -fno-tree-loop-distribute-pat
TRACE::2023-12-04.11:20:10::SCWMssOS::terns"

TRACE::2023-12-04.11:20:10::SCWMssOS::"Running Make include in microblaze_0/libsrc/intc_v3_15/src"

TRACE::2023-12-04.11:20:10::SCWMssOS::make -C microblaze_0/libsrc/intc_v3_15/src -s include  "SHELL=CMD" "COMPILER=mb-gcc" "ASSEMBLER=mb-as" "ARCHIVER=mb-ar" "COMPIL
TRACE::2023-12-04.11:20:10::SCWMssOS::ER_FLAGS=  -O2 -c -mcpu=v11.0 -mhard-float -mlittle-endian -mno-xl-soft-div -mno-xl-soft-mul -mxl-barrel-shift -mxl-multiply-hi
TRACE::2023-12-04.11:20:10::SCWMssOS::gh -mxl-pattern-compare" "EXTRA_COMPILER_FLAGS=-g -ffunction-sections -fdata-sections -Wall -Wextra -fno-tree-loop-distribute-p
TRACE::2023-12-04.11:20:10::SCWMssOS::atterns"

TRACE::2023-12-04.11:20:10::SCWMssOS::"Running Make include in microblaze_0/libsrc/spi_v4_9/src"

TRACE::2023-12-04.11:20:10::SCWMssOS::make -C microblaze_0/libsrc/spi_v4_9/src -s include  "SHELL=CMD" "COMPILER=mb-gcc" "ASSEMBLER=mb-as" "ARCHIVER=mb-ar" "COMPILER
TRACE::2023-12-04.11:20:10::SCWMssOS::_FLAGS=  -O2 -c -mcpu=v11.0 -mhard-float -mlittle-endian -mno-xl-soft-div -mno-xl-soft-mul -mxl-barrel-shift -mxl-multiply-high
TRACE::2023-12-04.11:20:10::SCWMssOS:: -mxl-pattern-compare" "EXTRA_COMPILER_FLAGS=-g -ffunction-sections -fdata-sections -Wall -Wextra -fno-tree-loop-distribute-pat
TRACE::2023-12-04.11:20:10::SCWMssOS::terns"

TRACE::2023-12-04.11:20:10::SCWMssOS::"Running Make include in microblaze_0/libsrc/standalone_v8_0/src"

TRACE::2023-12-04.11:20:10::SCWMssOS::make -C microblaze_0/libsrc/standalone_v8_0/src -s include  "SHELL=CMD" "COMPILER=mb-gcc" "ASSEMBLER=mb-as" "ARCHIVER=mb-ar" "C
TRACE::2023-12-04.11:20:10::SCWMssOS::OMPILER_FLAGS=  -O2 -c -mcpu=v11.0 -mhard-float -mlittle-endian -mno-xl-soft-div -mno-xl-soft-mul -mxl-barrel-shift -mxl-multip
TRACE::2023-12-04.11:20:10::SCWMssOS::ly-high -mxl-pattern-compare" "EXTRA_COMPILER_FLAGS=-g -ffunction-sections -fdata-sections -Wall -Wextra -fno-tree-loop-distrib
TRACE::2023-12-04.11:20:10::SCWMssOS::ute-patterns"

TRACE::2023-12-04.11:20:10::SCWMssOS::"Running Make include in microblaze_0/libsrc/tmrctr_v4_9/src"

TRACE::2023-12-04.11:20:10::SCWMssOS::make -C microblaze_0/libsrc/tmrctr_v4_9/src -s include  "SHELL=CMD" "COMPILER=mb-gcc" "ASSEMBLER=mb-as" "ARCHIVER=mb-ar" "COMPI
TRACE::2023-12-04.11:20:10::SCWMssOS::LER_FLAGS=  -O2 -c -mcpu=v11.0 -mhard-float -mlittle-endian -mno-xl-soft-div -mno-xl-soft-mul -mxl-barrel-shift -mxl-multiply-h
TRACE::2023-12-04.11:20:10::SCWMssOS::igh -mxl-pattern-compare" "EXTRA_COMPILER_FLAGS=-g -ffunction-sections -fdata-sections -Wall -Wextra -fno-tree-loop-distribute-
TRACE::2023-12-04.11:20:10::SCWMssOS::patterns"

TRACE::2023-12-04.11:20:10::SCWMssOS::"Running Make include in microblaze_0/libsrc/uartlite_v3_7/src"

TRACE::2023-12-04.11:20:10::SCWMssOS::make -C microblaze_0/libsrc/uartlite_v3_7/src -s include  "SHELL=CMD" "COMPILER=mb-gcc" "ASSEMBLER=mb-as" "ARCHIVER=mb-ar" "COM
TRACE::2023-12-04.11:20:10::SCWMssOS::PILER_FLAGS=  -O2 -c -mcpu=v11.0 -mhard-float -mlittle-endian -mno-xl-soft-div -mno-xl-soft-mul -mxl-barrel-shift -mxl-multiply
TRACE::2023-12-04.11:20:10::SCWMssOS::-high -mxl-pattern-compare" "EXTRA_COMPILER_FLAGS=-g -ffunction-sections -fdata-sections -Wall -Wextra -fno-tree-loop-distribut
TRACE::2023-12-04.11:20:10::SCWMssOS::e-patterns"

TRACE::2023-12-04.11:20:10::SCWMssOS::"Running Make libs in microblaze_0/libsrc/bram_v4_8/src"

TRACE::2023-12-04.11:20:10::SCWMssOS::make -C microblaze_0/libsrc/bram_v4_8/src -s libs  "SHELL=CMD" "COMPILER=mb-gcc" "ASSEMBLER=mb-as" "ARCHIVER=mb-ar" "COMPILER_F
TRACE::2023-12-04.11:20:10::SCWMssOS::LAGS=  -O2 -c -mcpu=v11.0 -mhard-float -mlittle-endian -mno-xl-soft-div -mno-xl-soft-mul -mxl-barrel-shift -mxl-multiply-high -
TRACE::2023-12-04.11:20:10::SCWMssOS::mxl-pattern-compare" "EXTRA_COMPILER_FLAGS=-g -ffunction-sections -fdata-sections -Wall -Wextra -fno-tree-loop-distribute-patte
TRACE::2023-12-04.11:20:10::SCWMssOS::rns"

TRACE::2023-12-04.11:20:10::SCWMssOS::"Running Make libs in microblaze_0/libsrc/cpu_v2_16/src"

TRACE::2023-12-04.11:20:10::SCWMssOS::make -C microblaze_0/libsrc/cpu_v2_16/src -s libs  "SHELL=CMD" "COMPILER=mb-gcc" "ASSEMBLER=mb-as" "ARCHIVER=mb-ar" "COMPILER_F
TRACE::2023-12-04.11:20:10::SCWMssOS::LAGS=  -O2 -c -mcpu=v11.0 -mhard-float -mlittle-endian -mno-xl-soft-div -mno-xl-soft-mul -mxl-barrel-shift -mxl-multiply-high -
TRACE::2023-12-04.11:20:10::SCWMssOS::mxl-pattern-compare" "EXTRA_COMPILER_FLAGS=-g -ffunction-sections -fdata-sections -Wall -Wextra -fno-tree-loop-distribute-patte
TRACE::2023-12-04.11:20:10::SCWMssOS::rns"

TRACE::2023-12-04.11:20:10::SCWMssOS::"Running Make libs in microblaze_0/libsrc/gpio_v4_9/src"

TRACE::2023-12-04.11:20:10::SCWMssOS::make -C microblaze_0/libsrc/gpio_v4_9/src -s libs  "SHELL=CMD" "COMPILER=mb-gcc" "ASSEMBLER=mb-as" "ARCHIVER=mb-ar" "COMPILER_F
TRACE::2023-12-04.11:20:10::SCWMssOS::LAGS=  -O2 -c -mcpu=v11.0 -mhard-float -mlittle-endian -mno-xl-soft-div -mno-xl-soft-mul -mxl-barrel-shift -mxl-multiply-high -
TRACE::2023-12-04.11:20:10::SCWMssOS::mxl-pattern-compare" "EXTRA_COMPILER_FLAGS=-g -ffunction-sections -fdata-sections -Wall -Wextra -fno-tree-loop-distribute-patte
TRACE::2023-12-04.11:20:10::SCWMssOS::rns"

TRACE::2023-12-04.11:20:10::SCWMssOS::"Running Make libs in microblaze_0/libsrc/iic_v3_9/src"

TRACE::2023-12-04.11:20:10::SCWMssOS::make -C microblaze_0/libsrc/iic_v3_9/src -s libs  "SHELL=CMD" "COMPILER=mb-gcc" "ASSEMBLER=mb-as" "ARCHIVER=mb-ar" "COMPILER_FL
TRACE::2023-12-04.11:20:10::SCWMssOS::AGS=  -O2 -c -mcpu=v11.0 -mhard-float -mlittle-endian -mno-xl-soft-div -mno-xl-soft-mul -mxl-barrel-shift -mxl-multiply-high -m
TRACE::2023-12-04.11:20:10::SCWMssOS::xl-pattern-compare" "EXTRA_COMPILER_FLAGS=-g -ffunction-sections -fdata-sections -Wall -Wextra -fno-tree-loop-distribute-patter
TRACE::2023-12-04.11:20:10::SCWMssOS::ns"

TRACE::2023-12-04.11:20:11::SCWMssOS::"Running Make libs in microblaze_0/libsrc/intc_v3_15/src"

TRACE::2023-12-04.11:20:11::SCWMssOS::make -C microblaze_0/libsrc/intc_v3_15/src -s libs  "SHELL=CMD" "COMPILER=mb-gcc" "ASSEMBLER=mb-as" "ARCHIVER=mb-ar" "COMPILER_
TRACE::2023-12-04.11:20:11::SCWMssOS::FLAGS=  -O2 -c -mcpu=v11.0 -mhard-float -mlittle-endian -mno-xl-soft-div -mno-xl-soft-mul -mxl-barrel-shift -mxl-multiply-high 
TRACE::2023-12-04.11:20:11::SCWMssOS::-mxl-pattern-compare" "EXTRA_COMPILER_FLAGS=-g -ffunction-sections -fdata-sections -Wall -Wextra -fno-tree-loop-distribute-patt
TRACE::2023-12-04.11:20:11::SCWMssOS::erns"

TRACE::2023-12-04.11:20:12::SCWMssOS::"Running Make libs in microblaze_0/libsrc/spi_v4_9/src"

TRACE::2023-12-04.11:20:12::SCWMssOS::make -C microblaze_0/libsrc/spi_v4_9/src -s libs  "SHELL=CMD" "COMPILER=mb-gcc" "ASSEMBLER=mb-as" "ARCHIVER=mb-ar" "COMPILER_FL
TRACE::2023-12-04.11:20:12::SCWMssOS::AGS=  -O2 -c -mcpu=v11.0 -mhard-float -mlittle-endian -mno-xl-soft-div -mno-xl-soft-mul -mxl-barrel-shift -mxl-multiply-high -m
TRACE::2023-12-04.11:20:12::SCWMssOS::xl-pattern-compare" "EXTRA_COMPILER_FLAGS=-g -ffunction-sections -fdata-sections -Wall -Wextra -fno-tree-loop-distribute-patter
TRACE::2023-12-04.11:20:12::SCWMssOS::ns"

TRACE::2023-12-04.11:20:12::SCWMssOS::"Running Make libs in microblaze_0/libsrc/standalone_v8_0/src"

TRACE::2023-12-04.11:20:12::SCWMssOS::make -C microblaze_0/libsrc/standalone_v8_0/src -s libs  "SHELL=CMD" "COMPILER=mb-gcc" "ASSEMBLER=mb-as" "ARCHIVER=mb-ar" "COMP
TRACE::2023-12-04.11:20:12::SCWMssOS::ILER_FLAGS=  -O2 -c -mcpu=v11.0 -mhard-float -mlittle-endian -mno-xl-soft-div -mno-xl-soft-mul -mxl-barrel-shift -mxl-multiply-
TRACE::2023-12-04.11:20:12::SCWMssOS::high -mxl-pattern-compare" "EXTRA_COMPILER_FLAGS=-g -ffunction-sections -fdata-sections -Wall -Wextra -fno-tree-loop-distribute
TRACE::2023-12-04.11:20:12::SCWMssOS::-patterns"

TRACE::2023-12-04.11:20:12::SCWMssOS::"Running Make libs in microblaze_0/libsrc/tmrctr_v4_9/src"

TRACE::2023-12-04.11:20:12::SCWMssOS::make -C microblaze_0/libsrc/tmrctr_v4_9/src -s libs  "SHELL=CMD" "COMPILER=mb-gcc" "ASSEMBLER=mb-as" "ARCHIVER=mb-ar" "COMPILER
TRACE::2023-12-04.11:20:12::SCWMssOS::_FLAGS=  -O2 -c -mcpu=v11.0 -mhard-float -mlittle-endian -mno-xl-soft-div -mno-xl-soft-mul -mxl-barrel-shift -mxl-multiply-high
TRACE::2023-12-04.11:20:12::SCWMssOS:: -mxl-pattern-compare" "EXTRA_COMPILER_FLAGS=-g -ffunction-sections -fdata-sections -Wall -Wextra -fno-tree-loop-distribute-pat
TRACE::2023-12-04.11:20:12::SCWMssOS::terns"

TRACE::2023-12-04.11:20:13::SCWMssOS::"Running Make libs in microblaze_0/libsrc/uartlite_v3_7/src"

TRACE::2023-12-04.11:20:13::SCWMssOS::make -C microblaze_0/libsrc/uartlite_v3_7/src -s libs  "SHELL=CMD" "COMPILER=mb-gcc" "ASSEMBLER=mb-as" "ARCHIVER=mb-ar" "COMPIL
TRACE::2023-12-04.11:20:13::SCWMssOS::ER_FLAGS=  -O2 -c -mcpu=v11.0 -mhard-float -mlittle-endian -mno-xl-soft-div -mno-xl-soft-mul -mxl-barrel-shift -mxl-multiply-hi
TRACE::2023-12-04.11:20:13::SCWMssOS::gh -mxl-pattern-compare" "EXTRA_COMPILER_FLAGS=-g -ffunction-sections -fdata-sections -Wall -Wextra -fno-tree-loop-distribute-p
TRACE::2023-12-04.11:20:13::SCWMssOS::atterns"

TRACE::2023-12-04.11:20:15::SCWMssOS::"DEBUG NON_LTO_OBJECTS is ../../../lib/microblaze_interrupt_handler.o"

TRACE::2023-12-04.11:20:15::SCWMssOS::'Finished building libraries parallelly.'

TRACE::2023-12-04.11:20:15::SCWMssOS::make --no-print-directory archive

TRACE::2023-12-04.11:20:15::SCWMssOS::mb-ar -r  microblaze_0/lib/libxil.a microblaze_0/lib/_exit.o microblaze_0/lib/errno.o microblaze_0/lib/fcntl.o microblaze_0/lib
TRACE::2023-12-04.11:20:15::SCWMssOS::/hw_exception_handler.o microblaze_0/lib/inbyte.o microblaze_0/lib/microblaze_disable_dcache.o microblaze_0/lib/microblaze_disa
TRACE::2023-12-04.11:20:15::SCWMssOS::ble_exceptions.o microblaze_0/lib/microblaze_disable_icache.o microblaze_0/lib/microblaze_disable_interrupts.o microblaze_0/lib
TRACE::2023-12-04.11:20:15::SCWMssOS::/microblaze_enable_dcache.o microblaze_0/lib/microblaze_enable_exceptions.o microblaze_0/lib/microblaze_enable_icache.o microbl
TRACE::2023-12-04.11:20:15::SCWMssOS::aze_0/lib/microblaze_enable_interrupts.o microblaze_0/lib/microblaze_exception_handler.o microblaze_0/lib/microblaze_flush_cach
TRACE::2023-12-04.11:20:15::SCWMssOS::e_ext.o microblaze_0/lib/microblaze_flush_cache_ext_range.o microblaze_0/lib/microblaze_flush_dcache.o microblaze_0/lib/microbl
TRACE::2023-12-04.11:20:15::SCWMssOS::aze_flush_dcache_range.o microblaze_0/lib/microblaze_init_dcache_range.o microblaze_0/lib/microblaze_init_icache_range.o microb
TRACE::2023-12-04.11:20:15::SCWMssOS::laze_0/lib/microblaze_interrupt_handler.o microblaze_0/lib/microblaze_interrupts_g.o microblaze_0/lib/microblaze_invalidate_cac
TRACE::2023-12-04.11:20:15::SCWMssOS::he_ext.o microblaze_0/lib/microblaze_invalidate_cache_ext_range.o microblaze_0/lib/microblaze_invalidate_dcache.o microblaze_0/
TRACE::2023-12-04.11:20:15::SCWMssOS::lib/microblaze_invalidate_dcache_range.o microblaze_0/lib/microblaze_invalidate_icache.o microblaze_0/lib/microblaze_invalidate
TRACE::2023-12-04.11:20:15::SCWMssOS::_icache_range.o microblaze_0/lib/microblaze_scrub.o microblaze_0/lib/microblaze_selftest.o microblaze_0/lib/microblaze_sleep.o 
TRACE::2023-12-04.11:20:15::SCWMssOS::microblaze_0/lib/microblaze_update_dcache.o microblaze_0/lib/microblaze_update_icache.o microblaze_0/lib/outbyte.o microblaze_0
TRACE::2023-12-04.11:20:15::SCWMssOS::/lib/print.o microblaze_0/lib/pvr.o microblaze_0/lib/xbram.o microblaze_0/lib/xbram_g.o microblaze_0/lib/xbram_intr.o microblaz
TRACE::2023-12-04.11:20:15::SCWMssOS::e_0/lib/xbram_selftest.o microblaze_0/lib/xbram_sinit.o microblaze_0/lib/xgpio.o microblaze_0/lib/xgpio_extra.o microblaze_0/li
TRACE::2023-12-04.11:20:15::SCWMssOS::b/xgpio_g.o microblaze_0/lib/xgpio_intr.o microblaze_0/lib/xgpio_selftest.o microblaze_0/lib/xgpio_sinit.o microblaze_0/lib/xii
TRACE::2023-12-04.11:20:15::SCWMssOS::c.o microblaze_0/lib/xiic_dyn_master.o microblaze_0/lib/xiic_g.o microblaze_0/lib/xiic_intr.o microblaze_0/lib/xiic_l.o microbl
TRACE::2023-12-04.11:20:15::SCWMssOS::aze_0/lib/xiic_master.o microblaze_0/lib/xiic_multi_master.o microblaze_0/lib/xiic_options.o microblaze_0/lib/xiic_selftest.o m
TRACE::2023-12-04.11:20:15::SCWMssOS::icroblaze_0/lib/xiic_sinit.o microblaze_0/lib/xiic_slave.o microblaze_0/lib/xiic_stats.o microblaze_0/lib/xil_assert.o microbla
TRACE::2023-12-04.11:20:15::SCWMssOS::ze_0/lib/xil_cache.o microblaze_0/lib/xil_clocking.o microblaze_0/lib/xil_exception.o microblaze_0/lib/xil_mem.o microblaze_0/l
TRACE::2023-12-04.11:20:15::SCWMssOS::ib/xil_misc_psreset_api.o microblaze_0/lib/xil_printf.o microblaze_0/lib/xil_sleepcommon.o microblaze_0/lib/xil_testcache.o mic
TRACE::2023-12-04.11:20:15::SCWMssOS::roblaze_0/lib/xil_testio.o microblaze_0/lib/xil_testmem.o microblaze_0/lib/xil_util.o microblaze_0/lib/xintc.o microblaze_0/lib
TRACE::2023-12-04.11:20:15::SCWMssOS::/xintc_g.o microblaze_0/lib/xintc_intr.o microblaze_0/lib/xintc_l.o microblaze_0/lib/xintc_options.o microblaze_0/lib/xintc_sel
TRACE::2023-12-04.11:20:15::SCWMssOS::ftest.o microblaze_0/lib/xinterrupt_wrap.o microblaze_0/lib/xio.o microblaze_0/lib/xplatform_info.o microblaze_0/lib/xspi.o mic
TRACE::2023-12-04.11:20:15::SCWMssOS::roblaze_0/lib/xspi_g.o microblaze_0/lib/xspi_options.o microblaze_0/lib/xspi_selftest.o microblaze_0/lib/xspi_sinit.o microblaz
TRACE::2023-12-04.11:20:15::SCWMssOS::e_0/lib/xspi_stats.o microblaze_0/lib/xtmrctr.o microblaze_0/lib/xtmrctr_g.o microblaze_0/lib/xtmrctr_intr.o microblaze_0/lib/x
TRACE::2023-12-04.11:20:15::SCWMssOS::tmrctr_l.o microblaze_0/lib/xtmrctr_options.o microblaze_0/lib/xtmrctr_selftest.o microblaze_0/lib/xtmrctr_sinit.o microblaze_0
TRACE::2023-12-04.11:20:15::SCWMssOS::/lib/xtmrctr_stats.o microblaze_0/lib/xuartlite.o microblaze_0/lib/xuartlite_g.o microblaze_0/lib/xuartlite_intr.o microblaze_0
TRACE::2023-12-04.11:20:15::SCWMssOS::/lib/xuartlite_l.o microblaze_0/lib/xuartlite_selftest.o microblaze_0/lib/xuartlite_sinit.o microblaze_0/lib/xuartlite_stats.o

TRACE::2023-12-04.11:20:16::SCWMssOS::'Finished building libraries'

TRACE::2023-12-04.11:20:16::SCWMssOS::Copying to export directory.
TRACE::2023-12-04.11:20:16::SCWMssOS:: Checking if to create the Supporting Applications
TRACE::2023-12-04.11:20:16::SCWMssOS:: No Linux domain exists, trying to generate FSBL 
LOG::2023-12-04.11:20:16::SCWSystem::Completed Processing the domain standalone_microblaze_0
LOG::2023-12-04.11:20:16::SCWSystem::Completed Processing the sysconfig Linux_bd_wrapper
LOG::2023-12-04.11:20:16::SCWPlatform::Completed generating the artifacts for system configuration Linux_bd_wrapper
TRACE::2023-12-04.11:20:16::SCWPlatform::Started preparing the platform 
TRACE::2023-12-04.11:20:16::SCWSystem::Writing the bif file for system config Linux_bd_wrapper
TRACE::2023-12-04.11:20:16::SCWSystem::dir created 
TRACE::2023-12-04.11:20:16::SCWSystem::Writing the bif 
TRACE::2023-12-04.11:20:16::SCWPlatform::Started writing the spfm file 
TRACE::2023-12-04.11:20:16::SCWPlatform::Started writing the xpfm file 
TRACE::2023-12-04.11:20:16::SCWPlatform::Completed generating the platform
TRACE::2023-12-04.11:20:16::SCWMssOS::Saving the mss changes C:/Users/doluwamu.kaye/Documents/GitHub/Linux_Microblaze_V1.0/Linux_bd_wrapper/microblaze_0/standalone_microblaze_0/bsp/system.mss
TRACE::2023-12-04.11:20:16::SCWMssOS::Found a swdesign opened with the mssfile.
TRACE::2023-12-04.11:20:16::SCWMssOS::Completed writemss as part of save.
TRACE::2023-12-04.11:20:16::SCWMssOS::Commit changes completed.
TRACE::2023-12-04.11:20:16::SCWPlatform::Trying to open the hw design at C:/Users/doluwamu.kaye/Documents/GitHub/Linux_Microblaze_V1.0/Linux_bd_wrapper/hw/Linux_bd_wrapper.xsa
TRACE::2023-12-04.11:20:16::SCWPlatform::DSA given C:/Users/doluwamu.kaye/Documents/GitHub/Linux_Microblaze_V1.0/Linux_bd_wrapper/hw/Linux_bd_wrapper.xsa
TRACE::2023-12-04.11:20:16::SCWPlatform::DSA absoulate path C:/Users/doluwamu.kaye/Documents/GitHub/Linux_Microblaze_V1.0/Linux_bd_wrapper/hw/Linux_bd_wrapper.xsa
TRACE::2023-12-04.11:20:16::SCWPlatform::DSA directory C:/Users/doluwamu.kaye/Documents/GitHub/Linux_Microblaze_V1.0/Linux_bd_wrapper/hw
TRACE::2023-12-04.11:20:16::SCWPlatform:: Platform Path C:/Users/doluwamu.kaye/Documents/GitHub/Linux_Microblaze_V1.0/Linux_bd_wrapper/hw/Linux_bd_wrapper.xsa
TRACE::2023-12-04.11:20:16::SCWPlatform:: Unique name xilinx:nexys-a7-100t::0.0
TRACE::2023-12-04.11:20:16::SCWPlatform::Trying to set the existing hwdb with name Linux_bd_wrapper_0
TRACE::2023-12-04.11:20:16::SCWPlatform::Opened existing hwdb Linux_bd_wrapper_0
TRACE::2023-12-04.11:20:16::SCWPlatform::Found the Hw Db part of the input DSA
TRACE::2023-12-04.11:20:16::SCWMssOS::Checking the sw design at  C:/Users/doluwamu.kaye/Documents/GitHub/Linux_Microblaze_V1.0/Linux_bd_wrapper/microblaze_0/standalone_microblaze_0/bsp/system.mss
TRACE::2023-12-04.11:20:16::SCWMssOS::DEBUG:  swdes dump  C:/Users/doluwamu.kaye/Documents/GitHub/Linux_Microblaze_V1.0/Linux_bd_wrapper/microblaze_0/standalone_microblaze_0/bsp/system.mss|system||

TRACE::2023-12-04.11:20:16::SCWMssOS::Sw design exists and opened at  C:/Users/doluwamu.kaye/Documents/GitHub/Linux_Microblaze_V1.0/Linux_bd_wrapper/microblaze_0/standalone_microblaze_0/bsp/system.mss
TRACE::2023-12-04.11:20:16::SCWPlatform::Trying to open the hw design at C:/Users/doluwamu.kaye/Documents/GitHub/Linux_Microblaze_V1.0/Linux_bd_wrapper/hw/Linux_bd_wrapper.xsa
TRACE::2023-12-04.11:20:16::SCWPlatform::DSA given C:/Users/doluwamu.kaye/Documents/GitHub/Linux_Microblaze_V1.0/Linux_bd_wrapper/hw/Linux_bd_wrapper.xsa
TRACE::2023-12-04.11:20:16::SCWPlatform::DSA absoulate path C:/Users/doluwamu.kaye/Documents/GitHub/Linux_Microblaze_V1.0/Linux_bd_wrapper/hw/Linux_bd_wrapper.xsa
TRACE::2023-12-04.11:20:16::SCWPlatform::DSA directory C:/Users/doluwamu.kaye/Documents/GitHub/Linux_Microblaze_V1.0/Linux_bd_wrapper/hw
TRACE::2023-12-04.11:20:16::SCWPlatform:: Platform Path C:/Users/doluwamu.kaye/Documents/GitHub/Linux_Microblaze_V1.0/Linux_bd_wrapper/hw/Linux_bd_wrapper.xsa
TRACE::2023-12-04.11:20:16::SCWPlatform:: Unique name xilinx:nexys-a7-100t::0.0
TRACE::2023-12-04.11:20:16::SCWPlatform::Trying to set the existing hwdb with name Linux_bd_wrapper_0
TRACE::2023-12-04.11:20:16::SCWPlatform::Opened existing hwdb Linux_bd_wrapper_0
TRACE::2023-12-04.11:20:16::SCWPlatform::Found the Hw Db part of the input DSA
TRACE::2023-12-04.11:20:16::SCWMssOS::Checking the sw design at  C:/Users/doluwamu.kaye/Documents/GitHub/Linux_Microblaze_V1.0/Linux_bd_wrapper/microblaze_0/standalone_microblaze_0/bsp/system.mss
TRACE::2023-12-04.11:20:16::SCWMssOS::DEBUG:  swdes dump  C:/Users/doluwamu.kaye/Documents/GitHub/Linux_Microblaze_V1.0/Linux_bd_wrapper/microblaze_0/standalone_microblaze_0/bsp/system.mss|system||

TRACE::2023-12-04.11:20:16::SCWMssOS::Sw design exists and opened at  C:/Users/doluwamu.kaye/Documents/GitHub/Linux_Microblaze_V1.0/Linux_bd_wrapper/microblaze_0/standalone_microblaze_0/bsp/system.mss
TRACE::2023-12-04.11:20:16::SCWPlatform::Trying to open the hw design at C:/Users/doluwamu.kaye/Documents/GitHub/Linux_Microblaze_V1.0/Linux_bd_wrapper/hw/Linux_bd_wrapper.xsa
TRACE::2023-12-04.11:20:16::SCWPlatform::DSA given C:/Users/doluwamu.kaye/Documents/GitHub/Linux_Microblaze_V1.0/Linux_bd_wrapper/hw/Linux_bd_wrapper.xsa
TRACE::2023-12-04.11:20:16::SCWPlatform::DSA absoulate path C:/Users/doluwamu.kaye/Documents/GitHub/Linux_Microblaze_V1.0/Linux_bd_wrapper/hw/Linux_bd_wrapper.xsa
TRACE::2023-12-04.11:20:16::SCWPlatform::DSA directory C:/Users/doluwamu.kaye/Documents/GitHub/Linux_Microblaze_V1.0/Linux_bd_wrapper/hw
TRACE::2023-12-04.11:20:16::SCWPlatform:: Platform Path C:/Users/doluwamu.kaye/Documents/GitHub/Linux_Microblaze_V1.0/Linux_bd_wrapper/hw/Linux_bd_wrapper.xsa
TRACE::2023-12-04.11:20:16::SCWPlatform:: Unique name xilinx:nexys-a7-100t::0.0
TRACE::2023-12-04.11:20:16::SCWPlatform::Trying to set the existing hwdb with name Linux_bd_wrapper_0
TRACE::2023-12-04.11:20:16::SCWPlatform::Opened existing hwdb Linux_bd_wrapper_0
TRACE::2023-12-04.11:20:16::SCWPlatform::Found the Hw Db part of the input DSA
TRACE::2023-12-04.11:20:16::SCWMssOS::Checking the sw design at  C:/Users/doluwamu.kaye/Documents/GitHub/Linux_Microblaze_V1.0/Linux_bd_wrapper/microblaze_0/standalone_microblaze_0/bsp/system.mss
TRACE::2023-12-04.11:20:16::SCWMssOS::DEBUG:  swdes dump  C:/Users/doluwamu.kaye/Documents/GitHub/Linux_Microblaze_V1.0/Linux_bd_wrapper/microblaze_0/standalone_microblaze_0/bsp/system.mss|system||

TRACE::2023-12-04.11:20:16::SCWMssOS::Sw design exists and opened at  C:/Users/doluwamu.kaye/Documents/GitHub/Linux_Microblaze_V1.0/Linux_bd_wrapper/microblaze_0/standalone_microblaze_0/bsp/system.mss
TRACE::2023-12-04.11:20:16::SCWWriter::formatted JSON is {
	"platformName":	"Linux_bd_wrapper",
	"sprVersion":	"2.0",
	"mode":	"gui",
	"dsaType":	"Fixed",
	"platformDesc":	"Linux_bd_wrapper",
	"platHandOff":	"C:/Users/doluwamu.kaye/Documents/GitHub/Linux_Microblaze_V1.0/Linux_Hw/Linux_bd_wrapper.xsa",
	"platIntHandOff":	"<platformDir>/hw/Linux_bd_wrapper.xsa",
	"deviceType":	"FPGA",
	"platIsPrebuiltAutogen":	"false",
	"platIsNoBootBsp":	"false",
	"hasFsblMakeHasChanges":	"false",
	"hasPmufwMakeHasChanges":	"false",
	"platPreBuiltFlag":	false,
	"platformSamplesDir":	"",
	"platActiveSys":	"Linux_bd_wrapper",
	"systems":	[{
			"systemName":	"Linux_bd_wrapper",
			"systemDesc":	"Linux_bd_wrapper",
			"sysIsBootAutoGen":	"true",
			"systemDispName":	"Linux_bd_wrapper",
			"sysActiveDom":	"standalone_microblaze_0",
			"sysDefaultDom":	"standalone_microblaze_0",
			"domains":	[{
					"domainName":	"standalone_microblaze_0",
					"domainDispName":	"standalone_microblaze_0",
					"domainDesc":	"standalone_microblaze_0",
					"processors":	"microblaze_0",
					"os":	"standalone",
					"sdxOs":	"standalone",
					"debugEnable":	"False",
					"domRuntimes":	["cpp"],
					"swRepo":	"",
					"mssOsVer":	"8.0",
					"mssFile":	"",
					"md5Digest":	"e0546c7861b98e65b4e8e0d54a127ad2",
					"compatibleApp":	"empty_application",
					"domType":	"mssDomain",
					"arch":	"32-bit",
					"appSettings":	{
						"appCompilerFlags":	"",
						"appLinkerFlags":	""
					},
					"addedLibs":	[],
					"libOptions":	{
						"libsContainingOptions":	[]
					},
					"prebuiltLibs":	{
						"prebuiltIncPath":	[],
						"prebuiltLibPath":	[]
					},
					"isolation":	{
					}
				}]
		}]
}
KEYINFO::2023-12-04.11:20:16::SCWPlatform::updated the xpfm file.
TRACE::2023-12-04.11:20:16::SCWPlatform::Trying to open the hw design at C:/Users/doluwamu.kaye/Documents/GitHub/Linux_Microblaze_V1.0/Linux_bd_wrapper/hw/Linux_bd_wrapper.xsa
TRACE::2023-12-04.11:20:16::SCWPlatform::DSA given C:/Users/doluwamu.kaye/Documents/GitHub/Linux_Microblaze_V1.0/Linux_bd_wrapper/hw/Linux_bd_wrapper.xsa
TRACE::2023-12-04.11:20:16::SCWPlatform::DSA absoulate path C:/Users/doluwamu.kaye/Documents/GitHub/Linux_Microblaze_V1.0/Linux_bd_wrapper/hw/Linux_bd_wrapper.xsa
TRACE::2023-12-04.11:20:16::SCWPlatform::DSA directory C:/Users/doluwamu.kaye/Documents/GitHub/Linux_Microblaze_V1.0/Linux_bd_wrapper/hw
TRACE::2023-12-04.11:20:16::SCWPlatform:: Platform Path C:/Users/doluwamu.kaye/Documents/GitHub/Linux_Microblaze_V1.0/Linux_bd_wrapper/hw/Linux_bd_wrapper.xsa
TRACE::2023-12-04.11:20:16::SCWPlatform:: Unique name xilinx:nexys-a7-100t::0.0
TRACE::2023-12-04.11:20:16::SCWPlatform::Trying to set the existing hwdb with name Linux_bd_wrapper_0
TRACE::2023-12-04.11:20:16::SCWPlatform::Opened existing hwdb Linux_bd_wrapper_0
TRACE::2023-12-04.11:20:16::SCWPlatform::Found the Hw Db part of the input DSA
TRACE::2023-12-04.11:20:16::SCWMssOS::Checking the sw design at  C:/Users/doluwamu.kaye/Documents/GitHub/Linux_Microblaze_V1.0/Linux_bd_wrapper/microblaze_0/standalone_microblaze_0/bsp/system.mss
TRACE::2023-12-04.11:20:16::SCWMssOS::DEBUG:  swdes dump  C:/Users/doluwamu.kaye/Documents/GitHub/Linux_Microblaze_V1.0/Linux_bd_wrapper/microblaze_0/standalone_microblaze_0/bsp/system.mss|system||

TRACE::2023-12-04.11:20:16::SCWMssOS::Sw design exists and opened at  C:/Users/doluwamu.kaye/Documents/GitHub/Linux_Microblaze_V1.0/Linux_bd_wrapper/microblaze_0/standalone_microblaze_0/bsp/system.mss
