00:53:57 DEBUG : Logs will be stored at 'C:/Users/doluwamu.kaye/Documents/GitHub/Linux_Microblaze_V1.0/RTOSAPP/IDE.log'.
00:54:00 INFO  : Launching XSCT server: xsct.bat -n  -interactive C:\Users\doluwamu.kaye\Documents\GitHub\Linux_Microblaze_V1.0\RTOSAPP\temp_xsdb_launch_script.tcl
00:54:00 INFO  : Registering command handlers for Vitis TCF services
00:54:01 INFO  : Platform repository initialization has completed.
00:54:03 INFO  : XSCT server has started successfully.
00:54:03 INFO  : Successfully done setting XSCT server connection channel  
00:54:03 INFO  : plnx-install-location is set to ''
00:54:03 INFO  : Successfully done setting workspace for the tool. 
00:54:03 INFO  : Successfully done query RDI_DATADIR 
01:04:49 INFO  : Result from executing command 'getProjects': Linux_bd_wrapper
01:04:49 INFO  : Result from executing command 'getPlatforms': 
01:04:49 WARN  : An unexpected exception occurred in the module 'platform project logging'
01:04:49 INFO  : Platform 'Linux_bd_wrapper' is added to custom repositories.
01:04:53 INFO  : Platform 'Linux_bd_wrapper' is added to custom repositories.
01:05:09 INFO  : Result from executing command 'getProjects': Linux_bd_wrapper
01:05:09 INFO  : Result from executing command 'getPlatforms': Linux_bd_wrapper|C:/Users/doluwamu.kaye/Documents/GitHub/Linux_Microblaze_V1.0/RTOSAPP/Linux_bd_wrapper/export/Linux_bd_wrapper/Linux_bd_wrapper.xpfm
01:05:10 INFO  : Checking for BSP changes to sync application flags for project 'rtosapp'...
01:05:49 INFO  : Connected to target on host '127.0.0.1' and port '3121'.
01:05:49 INFO  : Jtag cable 'Digilent Nexys A7 -100T 210292B61CF1A' is selected.
01:05:49 INFO  : 'jtag frequency' command is executed.
01:05:49 INFO  : 'targets -set -filter {jtag_cable_name =~ "Digilent Nexys A7 -100T 210292B61CF1A" && level==0 && jtag_device_ctx=="jsn-Nexys A7 -100T-210292B61CF1A-13631093-0"}' command is executed.
01:05:52 INFO  : Device configured successfully with "C:/Users/doluwamu.kaye/Documents/GitHub/Linux_Microblaze_V1.0/RTOSAPP/rtosapp/_ide/bitstream/Linux_bd_wrapper.bit"
01:05:52 INFO  : Context for processor 'microblaze_0' is selected.
01:05:52 INFO  : Hardware design and registers information is loaded from 'C:/Users/doluwamu.kaye/Documents/GitHub/Linux_Microblaze_V1.0/RTOSAPP/Linux_bd_wrapper/export/Linux_bd_wrapper/hw/Linux_bd_wrapper.xsa'.
01:05:52 INFO  : 'configparams mdm-detect-bscan-mask 2' command is executed.
01:05:52 INFO  : Context for processor 'microblaze_0' is selected.
01:05:52 INFO  : System reset is completed.
01:05:55 INFO  : 'after 3000' command is executed.
01:05:55 INFO  : Context for processor 'microblaze_0' is selected.
01:05:55 INFO  : The application 'C:/Users/doluwamu.kaye/Documents/GitHub/Linux_Microblaze_V1.0/RTOSAPP/rtosapp/Debug/rtosapp.elf' is downloaded to processor 'microblaze_0'.
01:05:55 INFO  : ----------------XSDB Script----------------
connect -url tcp:127.0.0.1:3121
targets -set -filter {jtag_cable_name =~ "Digilent Nexys A7 -100T 210292B61CF1A" && level==0 && jtag_device_ctx=="jsn-Nexys A7 -100T-210292B61CF1A-13631093-0"}
fpga -file C:/Users/doluwamu.kaye/Documents/GitHub/Linux_Microblaze_V1.0/RTOSAPP/rtosapp/_ide/bitstream/Linux_bd_wrapper.bit
targets -set -nocase -filter {name =~ "*microblaze*#0" && bscan=="USER2" }
loadhw -hw C:/Users/doluwamu.kaye/Documents/GitHub/Linux_Microblaze_V1.0/RTOSAPP/Linux_bd_wrapper/export/Linux_bd_wrapper/hw/Linux_bd_wrapper.xsa -regs
configparams mdm-detect-bscan-mask 2
targets -set -nocase -filter {name =~ "*microblaze*#0" && bscan=="USER2" }
rst -system
after 3000
targets -set -nocase -filter {name =~ "*microblaze*#0" && bscan=="USER2" }
dow C:/Users/doluwamu.kaye/Documents/GitHub/Linux_Microblaze_V1.0/RTOSAPP/rtosapp/Debug/rtosapp.elf
----------------End of Script----------------

01:05:55 INFO  : Context for processor 'microblaze_0' is selected.
01:05:55 INFO  : 'con' command is executed.
01:05:55 INFO  : ----------------XSDB Script (After Launch)----------------
targets -set -nocase -filter {name =~ "*microblaze*#0" && bscan=="USER2" }
con
----------------End of Script----------------

01:05:55 INFO  : Launch script is exported to file 'C:\Users\doluwamu.kaye\Documents\GitHub\Linux_Microblaze_V1.0\RTOSAPP\rtosapp_system\_ide\scripts\debugger_rtosapp-default.tcl'
01:06:24 INFO  : Disconnected from the channel tcfchan#2.
01:06:25 INFO  : Connected to target on host '127.0.0.1' and port '3121'.
01:06:34 INFO  : ----------------XSDB Script----------------
connect -url tcp:127.0.0.1:3121
----------------End of Script----------------

01:06:34 ERROR : Could not find FPGA device on the board for connection 'Local'.


Troubleshooting hints:
1. Check whether board is connected to system properly.
2. In case of zynq board, check whether Digilent/Xilinx cable switch settings are correct.
3. If you are using Xilinx Platform Cable USB, ensure that status LED is green.
01:06:40 INFO  : Connected to target on host '127.0.0.1' and port '3121'.
01:06:41 INFO  : Jtag cable 'Digilent Nexys A7 -100T 210292B61CF1A' is selected.
01:06:41 INFO  : 'jtag frequency' command is executed.
01:06:41 INFO  : 'targets -set -filter {jtag_cable_name =~ "Digilent Nexys A7 -100T 210292B61CF1A" && level==0 && jtag_device_ctx=="jsn-Nexys A7 -100T-210292B61CF1A-13631093-0"}' command is executed.
01:06:43 INFO  : Device configured successfully with "C:/Users/doluwamu.kaye/Documents/GitHub/Linux_Microblaze_V1.0/RTOSAPP/rtosapp/_ide/bitstream/Linux_bd_wrapper.bit"
01:06:43 INFO  : Context for processor 'microblaze_0' is selected.
01:06:43 INFO  : Hardware design and registers information is loaded from 'C:/Users/doluwamu.kaye/Documents/GitHub/Linux_Microblaze_V1.0/RTOSAPP/Linux_bd_wrapper/export/Linux_bd_wrapper/hw/Linux_bd_wrapper.xsa'.
01:06:43 INFO  : 'configparams mdm-detect-bscan-mask 2' command is executed.
01:06:43 INFO  : Context for processor 'microblaze_0' is selected.
01:06:43 INFO  : System reset is completed.
01:06:46 INFO  : 'after 3000' command is executed.
01:06:46 INFO  : Context for processor 'microblaze_0' is selected.
01:06:46 INFO  : The application 'C:/Users/doluwamu.kaye/Documents/GitHub/Linux_Microblaze_V1.0/RTOSAPP/rtosapp/Debug/rtosapp.elf' is downloaded to processor 'microblaze_0'.
01:06:46 INFO  : ----------------XSDB Script----------------
connect -url tcp:127.0.0.1:3121
targets -set -filter {jtag_cable_name =~ "Digilent Nexys A7 -100T 210292B61CF1A" && level==0 && jtag_device_ctx=="jsn-Nexys A7 -100T-210292B61CF1A-13631093-0"}
fpga -file C:/Users/doluwamu.kaye/Documents/GitHub/Linux_Microblaze_V1.0/RTOSAPP/rtosapp/_ide/bitstream/Linux_bd_wrapper.bit
targets -set -nocase -filter {name =~ "*microblaze*#0" && bscan=="USER2" }
loadhw -hw C:/Users/doluwamu.kaye/Documents/GitHub/Linux_Microblaze_V1.0/RTOSAPP/Linux_bd_wrapper/export/Linux_bd_wrapper/hw/Linux_bd_wrapper.xsa -regs
configparams mdm-detect-bscan-mask 2
targets -set -nocase -filter {name =~ "*microblaze*#0" && bscan=="USER2" }
rst -system
after 3000
targets -set -nocase -filter {name =~ "*microblaze*#0" && bscan=="USER2" }
dow C:/Users/doluwamu.kaye/Documents/GitHub/Linux_Microblaze_V1.0/RTOSAPP/rtosapp/Debug/rtosapp.elf
----------------End of Script----------------

01:06:46 INFO  : Context for processor 'microblaze_0' is selected.
01:06:46 INFO  : 'con' command is executed.
01:06:46 INFO  : ----------------XSDB Script (After Launch)----------------
targets -set -nocase -filter {name =~ "*microblaze*#0" && bscan=="USER2" }
con
----------------End of Script----------------

01:06:46 INFO  : Launch script is exported to file 'C:\Users\doluwamu.kaye\Documents\GitHub\Linux_Microblaze_V1.0\RTOSAPP\rtosapp_system\_ide\scripts\debugger_rtosapp-default.tcl'
01:09:39 INFO  : Checking for BSP changes to sync application flags for project 'rtosapp'...
01:13:31 INFO  : Checking for BSP changes to sync application flags for project 'rtosapp'...
01:15:16 INFO  : Checking for BSP changes to sync application flags for project 'rtosapp'...
01:15:26 INFO  : Checking for BSP changes to sync application flags for project 'rtosapp'...
01:15:33 INFO  : Checking for BSP changes to sync application flags for project 'rtosapp'...
01:21:24 INFO  : Checking for BSP changes to sync application flags for project 'rtosapp'...
01:21:50 INFO  : Disconnected from the channel tcfchan#3.
01:21:51 INFO  : Connected to target on host '127.0.0.1' and port '3121'.
01:21:51 INFO  : Jtag cable 'Digilent Nexys A7 -100T 210292B61CF1A' is selected.
01:21:51 INFO  : 'jtag frequency' command is executed.
01:21:51 INFO  : 'targets -set -filter {jtag_cable_name =~ "Digilent Nexys A7 -100T 210292B61CF1A" && level==0 && jtag_device_ctx=="jsn-Nexys A7 -100T-210292B61CF1A-13631093-0"}' command is executed.
01:21:53 INFO  : Device configured successfully with "C:/Users/doluwamu.kaye/Documents/GitHub/Linux_Microblaze_V1.0/RTOSAPP/rtosapp/_ide/bitstream/Linux_bd_wrapper.bit"
01:21:54 INFO  : Context for processor 'microblaze_0' is selected.
01:21:54 INFO  : Hardware design and registers information is loaded from 'C:/Users/doluwamu.kaye/Documents/GitHub/Linux_Microblaze_V1.0/RTOSAPP/Linux_bd_wrapper/export/Linux_bd_wrapper/hw/Linux_bd_wrapper.xsa'.
01:21:54 INFO  : 'configparams mdm-detect-bscan-mask 2' command is executed.
01:21:54 INFO  : Context for processor 'microblaze_0' is selected.
01:21:54 INFO  : System reset is completed.
01:21:57 INFO  : 'after 3000' command is executed.
01:21:57 INFO  : Context for processor 'microblaze_0' is selected.
01:21:57 INFO  : The application 'C:/Users/doluwamu.kaye/Documents/GitHub/Linux_Microblaze_V1.0/RTOSAPP/rtosapp/Debug/rtosapp.elf' is downloaded to processor 'microblaze_0'.
01:21:57 INFO  : ----------------XSDB Script----------------
connect -url tcp:127.0.0.1:3121
targets -set -filter {jtag_cable_name =~ "Digilent Nexys A7 -100T 210292B61CF1A" && level==0 && jtag_device_ctx=="jsn-Nexys A7 -100T-210292B61CF1A-13631093-0"}
fpga -file C:/Users/doluwamu.kaye/Documents/GitHub/Linux_Microblaze_V1.0/RTOSAPP/rtosapp/_ide/bitstream/Linux_bd_wrapper.bit
targets -set -nocase -filter {name =~ "*microblaze*#0" && bscan=="USER2" }
loadhw -hw C:/Users/doluwamu.kaye/Documents/GitHub/Linux_Microblaze_V1.0/RTOSAPP/Linux_bd_wrapper/export/Linux_bd_wrapper/hw/Linux_bd_wrapper.xsa -regs
configparams mdm-detect-bscan-mask 2
targets -set -nocase -filter {name =~ "*microblaze*#0" && bscan=="USER2" }
rst -system
after 3000
targets -set -nocase -filter {name =~ "*microblaze*#0" && bscan=="USER2" }
dow C:/Users/doluwamu.kaye/Documents/GitHub/Linux_Microblaze_V1.0/RTOSAPP/rtosapp/Debug/rtosapp.elf
----------------End of Script----------------

01:21:57 INFO  : Context for processor 'microblaze_0' is selected.
01:21:57 INFO  : 'con' command is executed.
01:21:57 INFO  : ----------------XSDB Script (After Launch)----------------
targets -set -nocase -filter {name =~ "*microblaze*#0" && bscan=="USER2" }
con
----------------End of Script----------------

01:21:57 INFO  : Launch script is exported to file 'C:\Users\doluwamu.kaye\Documents\GitHub\Linux_Microblaze_V1.0\RTOSAPP\rtosapp_system\_ide\scripts\debugger_rtosapp-default.tcl'
01:23:41 INFO  : Checking for BSP changes to sync application flags for project 'rtosapp'...
01:24:00 INFO  : Disconnected from the channel tcfchan#4.
01:24:01 INFO  : Connected to target on host '127.0.0.1' and port '3121'.
01:24:01 INFO  : Jtag cable 'Digilent Nexys A7 -100T 210292B61CF1A' is selected.
01:24:01 INFO  : 'jtag frequency' command is executed.
01:24:01 INFO  : 'targets -set -filter {jtag_cable_name =~ "Digilent Nexys A7 -100T 210292B61CF1A" && level==0 && jtag_device_ctx=="jsn-Nexys A7 -100T-210292B61CF1A-13631093-0"}' command is executed.
01:24:03 INFO  : Device configured successfully with "C:/Users/doluwamu.kaye/Documents/GitHub/Linux_Microblaze_V1.0/RTOSAPP/rtosapp/_ide/bitstream/Linux_bd_wrapper.bit"
01:24:06 ERROR : no targets found with "name =~ "*microblaze*#0" && bscan=="USER2" ". available targets:
  1* xc7a100t
     2  RISC-V
        3  Hart #0 (Debug Transport Module: data corruption (ID))
01:24:06 INFO  : ----------------XSDB Script----------------
connect -url tcp:127.0.0.1:3121
targets -set -filter {jtag_cable_name =~ "Digilent Nexys A7 -100T 210292B61CF1A" && level==0 && jtag_device_ctx=="jsn-Nexys A7 -100T-210292B61CF1A-13631093-0"}
fpga -file C:/Users/doluwamu.kaye/Documents/GitHub/Linux_Microblaze_V1.0/RTOSAPP/rtosapp/_ide/bitstream/Linux_bd_wrapper.bit
targets -set -nocase -filter {name =~ "*microblaze*#0" && bscan=="USER2" }
----------------End of Script----------------

01:24:06 ERROR : no targets found with "name =~ "*microblaze*#0" && bscan=="USER2" ". available targets:
  1* xc7a100t
     2  RISC-V
        3  Hart #0 (Debug Transport Module: data corruption (ID))
01:24:33 INFO  : Connected to target on host '127.0.0.1' and port '3121'.
01:24:33 INFO  : Jtag cable 'Digilent Nexys A7 -100T 210292B61CF1A' is selected.
01:24:33 INFO  : 'jtag frequency' command is executed.
01:24:33 INFO  : 'targets -set -filter {jtag_cable_name =~ "Digilent Nexys A7 -100T 210292B61CF1A" && level==0 && jtag_device_ctx=="jsn-Nexys A7 -100T-210292B61CF1A-13631093-0"}' command is executed.
01:24:36 INFO  : Device configured successfully with "C:/Users/doluwamu.kaye/Documents/GitHub/Linux_Microblaze_V1.0/RTOSAPP/rtosapp/_ide/bitstream/Linux_bd_wrapper.bit"
01:24:39 ERROR : no targets found with "name =~ "*microblaze*#0" && bscan=="USER2" ". available targets:
  1* xc7a100t
     2  RISC-V
        3  Hart #0 (Debug Transport Module: data corruption (ID))
01:24:39 INFO  : ----------------XSDB Script----------------
connect -url tcp:127.0.0.1:3121
targets -set -filter {jtag_cable_name =~ "Digilent Nexys A7 -100T 210292B61CF1A" && level==0 && jtag_device_ctx=="jsn-Nexys A7 -100T-210292B61CF1A-13631093-0"}
fpga -file C:/Users/doluwamu.kaye/Documents/GitHub/Linux_Microblaze_V1.0/RTOSAPP/rtosapp/_ide/bitstream/Linux_bd_wrapper.bit
targets -set -nocase -filter {name =~ "*microblaze*#0" && bscan=="USER2" }
----------------End of Script----------------

01:24:39 ERROR : no targets found with "name =~ "*microblaze*#0" && bscan=="USER2" ". available targets:
  1* xc7a100t
     2  RISC-V
        3  Hart #0 (Debug Transport Module: data corruption (ID))
01:27:34 INFO  : Connected to target on host '127.0.0.1' and port '3121'.
01:27:34 INFO  : Jtag cable 'Digilent Nexys A7 -100T 210292B61CF1A' is selected.
01:27:34 INFO  : 'jtag frequency' command is executed.
01:27:35 INFO  : 'targets -set -filter {jtag_cable_name =~ "Digilent Nexys A7 -100T 210292B61CF1A" && level==0 && jtag_device_ctx=="jsn-Nexys A7 -100T-210292B61CF1A-13631093-0"}' command is executed.
01:27:37 INFO  : Device configured successfully with "C:/Users/doluwamu.kaye/Documents/GitHub/Linux_Microblaze_V1.0/RTOSAPP/rtosapp/_ide/bitstream/Linux_bd_wrapper.bit"
01:27:40 ERROR : no targets found with "name =~ "*microblaze*#0" && bscan=="USER2" ". available targets:
  1* xc7a100t
     2  RISC-V
        3  Hart #0 (Debug Transport Module: data corruption (ID))
01:27:40 INFO  : ----------------XSDB Script----------------
connect -url tcp:127.0.0.1:3121
targets -set -filter {jtag_cable_name =~ "Digilent Nexys A7 -100T 210292B61CF1A" && level==0 && jtag_device_ctx=="jsn-Nexys A7 -100T-210292B61CF1A-13631093-0"}
fpga -file C:/Users/doluwamu.kaye/Documents/GitHub/Linux_Microblaze_V1.0/RTOSAPP/rtosapp/_ide/bitstream/Linux_bd_wrapper.bit
targets -set -nocase -filter {name =~ "*microblaze*#0" && bscan=="USER2" }
----------------End of Script----------------

01:27:40 ERROR : no targets found with "name =~ "*microblaze*#0" && bscan=="USER2" ". available targets:
  1* xc7a100t
     2  RISC-V
        3  Hart #0 (Debug Transport Module: data corruption (ID))
01:28:40 DEBUG : Logs will be stored at 'C:/Users/doluwamu.kaye/Documents/GitHub/Linux_Microblaze_V1.0/RTOSAPP/IDE.log'.
01:28:41 INFO  : Launching XSCT server: xsct.bat -n  -interactive C:\Users\doluwamu.kaye\Documents\GitHub\Linux_Microblaze_V1.0\RTOSAPP\temp_xsdb_launch_script.tcl
01:28:44 INFO  : XSCT server has started successfully.
01:28:44 INFO  : plnx-install-location is set to ''
01:28:44 INFO  : Successfully done setting XSCT server connection channel  
01:28:44 INFO  : Successfully done setting workspace for the tool. 
01:28:48 INFO  : Platform repository initialization has completed.
01:28:48 INFO  : Registering command handlers for Vitis TCF services
01:28:54 INFO  : Successfully done query RDI_DATADIR 
01:29:07 INFO  : Connected to target on host '127.0.0.1' and port '3121'.
01:29:07 INFO  : Jtag cable 'Digilent Nexys A7 -100T 210292B61CF1A' is selected.
01:29:07 INFO  : 'jtag frequency' command is executed.
01:29:07 INFO  : 'targets -set -filter {jtag_cable_name =~ "Digilent Nexys A7 -100T 210292B61CF1A" && level==0 && jtag_device_ctx=="jsn-Nexys A7 -100T-210292B61CF1A-13631093-0"}' command is executed.
01:29:09 INFO  : Device configured successfully with "C:/Users/doluwamu.kaye/Documents/GitHub/Linux_Microblaze_V1.0/RTOSAPP/rtosapp/_ide/bitstream/Linux_bd_wrapper.bit"
01:29:12 ERROR : no targets found with "name =~ "*microblaze*#0" && bscan=="USER2" ". available targets:
  1* xc7a100t
     2  RISC-V
        3  Hart #0 (Debug Transport Module: data corruption (ID))
01:29:12 INFO  : ----------------XSDB Script----------------
connect -url tcp:127.0.0.1:3121
targets -set -filter {jtag_cable_name =~ "Digilent Nexys A7 -100T 210292B61CF1A" && level==0 && jtag_device_ctx=="jsn-Nexys A7 -100T-210292B61CF1A-13631093-0"}
fpga -file C:/Users/doluwamu.kaye/Documents/GitHub/Linux_Microblaze_V1.0/RTOSAPP/rtosapp/_ide/bitstream/Linux_bd_wrapper.bit
targets -set -nocase -filter {name =~ "*microblaze*#0" && bscan=="USER2" }
----------------End of Script----------------

01:29:12 ERROR : no targets found with "name =~ "*microblaze*#0" && bscan=="USER2" ". available targets:
  1* xc7a100t
     2  RISC-V
        3  Hart #0 (Debug Transport Module: data corruption (ID))
01:29:47 INFO  : Connected to target on host '127.0.0.1' and port '3121'.
01:29:47 INFO  : Jtag cable 'Digilent Nexys A7 -100T 210292B61CF1A' is selected.
01:29:47 INFO  : 'jtag frequency' command is executed.
01:29:47 INFO  : 'targets -set -filter {jtag_cable_name =~ "Digilent Nexys A7 -100T 210292B61CF1A" && level==0 && jtag_device_ctx=="jsn-Nexys A7 -100T-210292B61CF1A-13631093-0"}' command is executed.
01:29:49 INFO  : Device configured successfully with "C:/Users/doluwamu.kaye/Documents/GitHub/Linux_Microblaze_V1.0/RTOSAPP/rtosapp/_ide/bitstream/Linux_bd_wrapper.bit"
01:29:53 ERROR : no targets found with "name =~ "*microblaze*#0" && bscan=="USER2" ". available targets:
  1* xc7a100t
     2  RISC-V
        3  Hart #0 (Debug Transport Module: data corruption (ID))
01:29:53 INFO  : ----------------XSDB Script----------------
connect -url tcp:127.0.0.1:3121
targets -set -filter {jtag_cable_name =~ "Digilent Nexys A7 -100T 210292B61CF1A" && level==0 && jtag_device_ctx=="jsn-Nexys A7 -100T-210292B61CF1A-13631093-0"}
fpga -file C:/Users/doluwamu.kaye/Documents/GitHub/Linux_Microblaze_V1.0/RTOSAPP/rtosapp/_ide/bitstream/Linux_bd_wrapper.bit
targets -set -nocase -filter {name =~ "*microblaze*#0" && bscan=="USER2" }
----------------End of Script----------------

01:29:53 ERROR : no targets found with "name =~ "*microblaze*#0" && bscan=="USER2" ". available targets:
  1* xc7a100t
     2  RISC-V
        3  Hart #0 (Debug Transport Module: data corruption (ID))
01:30:32 INFO  : Connected to target on host '127.0.0.1' and port '3121'.
01:30:41 INFO  : Connected to target on host '127.0.0.1' and port '3121'.
01:30:49 INFO  : Connected to target on host '127.0.0.1' and port '3121'.
01:30:49 INFO  : Jtag cable 'Digilent Nexys A7 -100T 210292B61CF1A' is selected.
01:30:49 INFO  : 'jtag frequency' command is executed.
01:30:49 INFO  : 'targets -set -filter {jtag_cable_name =~ "Digilent Nexys A7 -100T 210292B61CF1A" && level==0 && jtag_device_ctx=="jsn-Nexys A7 -100T-210292B61CF1A-13631093-0"}' command is executed.
01:30:51 INFO  : Device configured successfully with "C:/Users/doluwamu.kaye/Documents/GitHub/Linux_Microblaze_V1.0/RTOSAPP/rtosapp/_ide/bitstream/Linux_bd_wrapper.bit"
01:30:54 ERROR : no targets found with "name =~ "*microblaze*#0" && bscan=="USER2" ". available targets:
  1* xc7a100t
     2  RISC-V
        3  Hart #0 (Debug Transport Module: data corruption (ID))
01:30:54 INFO  : ----------------XSDB Script----------------
connect -url tcp:127.0.0.1:3121
targets -set -filter {jtag_cable_name =~ "Digilent Nexys A7 -100T 210292B61CF1A" && level==0 && jtag_device_ctx=="jsn-Nexys A7 -100T-210292B61CF1A-13631093-0"}
fpga -file C:/Users/doluwamu.kaye/Documents/GitHub/Linux_Microblaze_V1.0/RTOSAPP/rtosapp/_ide/bitstream/Linux_bd_wrapper.bit
targets -set -nocase -filter {name =~ "*microblaze*#0" && bscan=="USER2" }
----------------End of Script----------------

01:30:54 ERROR : no targets found with "name =~ "*microblaze*#0" && bscan=="USER2" ". available targets:
  1* xc7a100t
     2  RISC-V
        3  Hart #0 (Debug Transport Module: data corruption (ID))
01:31:18 INFO  : Connected to target on host '127.0.0.1' and port '3121'.
01:31:47 INFO  : Bit file 'C:/Users/doluwamu.kaye/Documents/GitHub/Linux_Microblaze_V1.0/RTOSAPP/rtosapp/_ide/bitstream/download.bit' is generated.
01:31:47 INFO  : Connected to target on host '127.0.0.1' and port '3121'.
01:31:47 INFO  : 'targets -set -filter {jtag_cable_name =~ "Digilent Nexys A7 -100T 210292B61CF1A" && level==0 && jtag_device_ctx=="jsn-Nexys A7 -100T-210292B61CF1A-13631093-0"}' command is executed.
01:31:50 INFO  : Device configured successfully with "C:/Users/doluwamu.kaye/Documents/GitHub/Linux_Microblaze_V1.0/RTOSAPP/rtosapp/_ide/bitstream/download.bit"
01:32:31 INFO  : Connected to target on host '127.0.0.1' and port '3121'.
01:32:32 INFO  : Jtag cable 'Digilent Nexys A7 -100T 210292B61CF1A' is selected.
01:32:32 INFO  : 'jtag frequency' command is executed.
01:32:32 INFO  : 'targets -set -filter {jtag_cable_name =~ "Digilent Nexys A7 -100T 210292B61CF1A" && level==0 && jtag_device_ctx=="jsn-Nexys A7 -100T-210292B61CF1A-13631093-0"}' command is executed.
01:32:34 INFO  : Device configured successfully with "C:/Users/doluwamu.kaye/Documents/GitHub/Linux_Microblaze_V1.0/RTOSAPP/rtosapp/_ide/bitstream/Linux_bd_wrapper.bit"
01:32:37 ERROR : no targets found with "name =~ "*microblaze*#0" && bscan=="USER2" ". available targets:
  1* xc7a100t
     2  RISC-V
        3  Hart #0 (Debug Transport Module: data corruption (ID))
01:32:37 INFO  : ----------------XSDB Script----------------
connect -url tcp:127.0.0.1:3121
targets -set -filter {jtag_cable_name =~ "Digilent Nexys A7 -100T 210292B61CF1A" && level==0 && jtag_device_ctx=="jsn-Nexys A7 -100T-210292B61CF1A-13631093-0"}
fpga -file C:/Users/doluwamu.kaye/Documents/GitHub/Linux_Microblaze_V1.0/RTOSAPP/rtosapp/_ide/bitstream/Linux_bd_wrapper.bit
targets -set -nocase -filter {name =~ "*microblaze*#0" && bscan=="USER2" }
----------------End of Script----------------

01:32:37 ERROR : no targets found with "name =~ "*microblaze*#0" && bscan=="USER2" ". available targets:
  1* xc7a100t
     2  RISC-V
        3  Hart #0 (Debug Transport Module: data corruption (ID))
01:34:09 INFO  : Connected to target on host '127.0.0.1' and port '3121'.
01:34:10 INFO  : Jtag cable 'Digilent Nexys A7 -100T 210292B61CF1A' is selected.
01:34:10 INFO  : 'jtag frequency' command is executed.
01:34:10 INFO  : 'targets -set -filter {jtag_cable_name =~ "Digilent Nexys A7 -100T 210292B61CF1A" && level==0 && jtag_device_ctx=="jsn-Nexys A7 -100T-210292B61CF1A-13631093-0"}' command is executed.
01:34:12 INFO  : Device configured successfully with "C:/Users/doluwamu.kaye/Documents/GitHub/Linux_Microblaze_V1.0/RTOSAPP/rtosapp/_ide/bitstream/Linux_bd_wrapper.bit"
01:34:15 ERROR : no targets found with "name =~ "*microblaze*#0" && bscan=="USER2" ". available targets:
  1* xc7a100t
     2  RISC-V
        3  Hart #0 (Debug Transport Module: data corruption (ID))
01:34:15 INFO  : ----------------XSDB Script----------------
connect -url tcp:127.0.0.1:3121
targets -set -filter {jtag_cable_name =~ "Digilent Nexys A7 -100T 210292B61CF1A" && level==0 && jtag_device_ctx=="jsn-Nexys A7 -100T-210292B61CF1A-13631093-0"}
fpga -file C:/Users/doluwamu.kaye/Documents/GitHub/Linux_Microblaze_V1.0/RTOSAPP/rtosapp/_ide/bitstream/Linux_bd_wrapper.bit
targets -set -nocase -filter {name =~ "*microblaze*#0" && bscan=="USER2" }
----------------End of Script----------------

01:34:15 ERROR : no targets found with "name =~ "*microblaze*#0" && bscan=="USER2" ". available targets:
  1* xc7a100t
     2  RISC-V
        3  Hart #0 (Debug Transport Module: data corruption (ID))
01:35:11 INFO  : Connected to target on host '127.0.0.1' and port '3121'.
01:35:11 INFO  : Jtag cable 'Digilent Nexys A7 -100T 210292B61CF1A' is selected.
01:35:11 INFO  : 'jtag frequency' command is executed.
01:35:11 INFO  : 'targets -set -filter {jtag_cable_name =~ "Digilent Nexys A7 -100T 210292B61CF1A" && level==0 && jtag_device_ctx=="jsn-Nexys A7 -100T-210292B61CF1A-13631093-0"}' command is executed.
01:35:14 INFO  : Device configured successfully with "C:/Users/doluwamu.kaye/Documents/GitHub/Linux_Microblaze_V1.0/RTOSAPP/rtosapp/_ide/bitstream/Linux_bd_wrapper.bit"
01:35:17 ERROR : no targets found with "name =~ "*microblaze*#0" && bscan=="USER2" ". available targets:
  1* xc7a100t
     2  RISC-V
        3  Hart #0 (Debug Transport Module: data corruption (ID))
01:35:17 INFO  : ----------------XSDB Script----------------
connect -url tcp:127.0.0.1:3121
targets -set -filter {jtag_cable_name =~ "Digilent Nexys A7 -100T 210292B61CF1A" && level==0 && jtag_device_ctx=="jsn-Nexys A7 -100T-210292B61CF1A-13631093-0"}
fpga -file C:/Users/doluwamu.kaye/Documents/GitHub/Linux_Microblaze_V1.0/RTOSAPP/rtosapp/_ide/bitstream/Linux_bd_wrapper.bit
targets -set -nocase -filter {name =~ "*microblaze*#0" && bscan=="USER2" }
----------------End of Script----------------

01:35:17 ERROR : no targets found with "name =~ "*microblaze*#0" && bscan=="USER2" ". available targets:
  1* xc7a100t
     2  RISC-V
        3  Hart #0 (Debug Transport Module: data corruption (ID))
01:36:41 INFO  : Connected to target on host '127.0.0.1' and port '3121'.
01:36:59 ERROR : Emulation support is not available for Windows OS. 
01:37:52 DEBUG : Logs will be stored at 'C:/Users/doluwamu.kaye/Documents/GitHub/Linux_Microblaze_V1.0/RTOSAPP/IDE.log'.
01:37:53 INFO  : Launching XSCT server: xsct.bat -n  -interactive C:\Users\doluwamu.kaye\Documents\GitHub\Linux_Microblaze_V1.0\RTOSAPP\temp_xsdb_launch_script.tcl
01:37:56 INFO  : XSCT server has started successfully.
01:37:56 INFO  : Successfully done setting XSCT server connection channel  
01:37:56 INFO  : plnx-install-location is set to ''
01:37:56 INFO  : Successfully done setting workspace for the tool. 
01:38:00 INFO  : Platform repository initialization has completed.
01:38:01 INFO  : Registering command handlers for Vitis TCF services
01:38:01 INFO  : Successfully done query RDI_DATADIR 
01:38:22 INFO  : Result from executing command 'getProjects': Linux_bd_wrapper
01:38:22 INFO  : Result from executing command 'getPlatforms': Linux_bd_wrapper|C:/Users/doluwamu.kaye/Documents/GitHub/Linux_Microblaze_V1.0/RTOSAPP/Linux_bd_wrapper/export/Linux_bd_wrapper/Linux_bd_wrapper.xpfm
01:38:22 INFO  : Checking for BSP changes to sync application flags for project 'rtosapp'...
01:38:57 INFO  : Bit file 'C:/Users/doluwamu.kaye/Documents/GitHub/Linux_Microblaze_V1.0/RTOSAPP/rtosapp/_ide/bitstream/download.bit' is generated.
01:38:57 INFO  : Connected to target on host '127.0.0.1' and port '3121'.
01:38:57 INFO  : 'targets -set -filter {jtag_cable_name =~ "Digilent Nexys A7 -100T 210292B61CF1A" && level==0 && jtag_device_ctx=="jsn-Nexys A7 -100T-210292B61CF1A-13631093-0"}' command is executed.
01:39:00 INFO  : Device configured successfully with "C:/Users/doluwamu.kaye/Documents/GitHub/Linux_Microblaze_V1.0/RTOSAPP/rtosapp/_ide/bitstream/download.bit"
01:39:27 INFO  : Connected to target on host '127.0.0.1' and port '3121'.
01:39:27 INFO  : Jtag cable 'Digilent Nexys A7 -100T 210292B61CF1A' is selected.
01:39:27 INFO  : 'jtag frequency' command is executed.
01:39:27 INFO  : 'targets -set -filter {jtag_cable_name =~ "Digilent Nexys A7 -100T 210292B61CF1A" && level==0 && jtag_device_ctx=="jsn-Nexys A7 -100T-210292B61CF1A-13631093-0"}' command is executed.
01:39:29 INFO  : Device configured successfully with "C:/Users/doluwamu.kaye/Documents/GitHub/Linux_Microblaze_V1.0/RTOSAPP/rtosapp/_ide/bitstream/Linux_bd_wrapper.bit"
01:39:32 ERROR : no targets found with "name =~ "*microblaze*#0" && bscan=="USER2" ". available targets:
  1* xc7a100t
     2  RISC-V
        3  Hart #0 (Debug Transport Module: data corruption (ID))
01:39:32 INFO  : ----------------XSDB Script----------------
connect -url tcp:127.0.0.1:3121
targets -set -filter {jtag_cable_name =~ "Digilent Nexys A7 -100T 210292B61CF1A" && level==0 && jtag_device_ctx=="jsn-Nexys A7 -100T-210292B61CF1A-13631093-0"}
fpga -file C:/Users/doluwamu.kaye/Documents/GitHub/Linux_Microblaze_V1.0/RTOSAPP/rtosapp/_ide/bitstream/Linux_bd_wrapper.bit
targets -set -nocase -filter {name =~ "*microblaze*#0" && bscan=="USER2" }
----------------End of Script----------------

01:39:32 ERROR : no targets found with "name =~ "*microblaze*#0" && bscan=="USER2" ". available targets:
  1* xc7a100t
     2  RISC-V
        3  Hart #0 (Debug Transport Module: data corruption (ID))
01:40:09 INFO  : Connected to target on host '127.0.0.1' and port '3121'.
01:40:10 INFO  : Jtag cable 'Digilent Nexys A7 -100T 210292B61CF1A' is selected.
01:40:10 INFO  : 'jtag frequency' command is executed.
01:40:10 INFO  : 'targets -set -filter {jtag_cable_name =~ "Digilent Nexys A7 -100T 210292B61CF1A" && level==0 && jtag_device_ctx=="jsn-Nexys A7 -100T-210292B61CF1A-13631093-0"}' command is executed.
01:40:12 INFO  : Device configured successfully with "C:/Users/doluwamu.kaye/Documents/GitHub/Linux_Microblaze_V1.0/RTOSAPP/rtosapp/_ide/bitstream/Linux_bd_wrapper.bit"
01:40:15 ERROR : no targets found with "name =~ "*microblaze*#0" && bscan=="USER2" ". available targets:
  1* xc7a100t
     2  RISC-V
        3  Hart #0 (Debug Transport Module: data corruption (ID))
01:40:15 INFO  : ----------------XSDB Script----------------
connect -url tcp:127.0.0.1:3121
targets -set -filter {jtag_cable_name =~ "Digilent Nexys A7 -100T 210292B61CF1A" && level==0 && jtag_device_ctx=="jsn-Nexys A7 -100T-210292B61CF1A-13631093-0"}
fpga -file C:/Users/doluwamu.kaye/Documents/GitHub/Linux_Microblaze_V1.0/RTOSAPP/rtosapp/_ide/bitstream/Linux_bd_wrapper.bit
targets -set -nocase -filter {name =~ "*microblaze*#0" && bscan=="USER2" }
----------------End of Script----------------

01:40:15 ERROR : no targets found with "name =~ "*microblaze*#0" && bscan=="USER2" ". available targets:
  1* xc7a100t
     2  RISC-V
        3  Hart #0 (Debug Transport Module: data corruption (ID))
01:40:38 INFO  : Connected to target on host '127.0.0.1' and port '3121'.
01:40:38 INFO  : Jtag cable 'Digilent Nexys A7 -100T 210292B61CF1A' is selected.
01:40:38 INFO  : 'jtag frequency' command is executed.
01:40:38 INFO  : 'targets -set -filter {jtag_cable_name =~ "Digilent Nexys A7 -100T 210292B61CF1A" && level==0 && jtag_device_ctx=="jsn-Nexys A7 -100T-210292B61CF1A-13631093-0"}' command is executed.
01:40:40 INFO  : Device configured successfully with "C:/Users/doluwamu.kaye/Documents/GitHub/Linux_Microblaze_V1.0/RTOSAPP/rtosapp/_ide/bitstream/Linux_bd_wrapper.bit"
01:40:43 ERROR : no targets found with "name =~ "*microblaze*#0" && bscan=="USER2" ". available targets:
  1* xc7a100t
     2  RISC-V
        3  Hart #0 (Debug Transport Module: data corruption (ID))
01:40:43 INFO  : ----------------XSDB Script----------------
connect -url tcp:127.0.0.1:3121
targets -set -filter {jtag_cable_name =~ "Digilent Nexys A7 -100T 210292B61CF1A" && level==0 && jtag_device_ctx=="jsn-Nexys A7 -100T-210292B61CF1A-13631093-0"}
fpga -file C:/Users/doluwamu.kaye/Documents/GitHub/Linux_Microblaze_V1.0/RTOSAPP/rtosapp/_ide/bitstream/Linux_bd_wrapper.bit
targets -set -nocase -filter {name =~ "*microblaze*#0" && bscan=="USER2" }
----------------End of Script----------------

01:40:43 ERROR : no targets found with "name =~ "*microblaze*#0" && bscan=="USER2" ". available targets:
  1* xc7a100t
     2  RISC-V
        3  Hart #0 (Debug Transport Module: data corruption (ID))
01:41:39 INFO  : Connected to target on host '127.0.0.1' and port '3121'.
01:41:50 INFO  : Connected to target on host '127.0.0.1' and port '3121'.
01:42:01 ERROR : target list is empty
01:42:04 ERROR : target list is empty
01:42:10 INFO  : Connected to target on host '127.0.0.1' and port '3121'.
01:42:53 INFO  : Connected to target on host '127.0.0.1' and port '3121'.
01:42:53 INFO  : Jtag cable 'Digilent Nexys A7 -100T 210292B61CF1A' is selected.
01:42:53 INFO  : 'jtag frequency' command is executed.
01:42:53 INFO  : 'targets -set -filter {jtag_cable_name =~ "Digilent Nexys A7 -100T 210292B61CF1A" && level==0 && jtag_device_ctx=="jsn-Nexys A7 -100T-210292B61CF1A-13631093-0"}' command is executed.
01:42:55 INFO  : Device configured successfully with "C:/Users/doluwamu.kaye/Documents/GitHub/Linux_Microblaze_V1.0/RTOSAPP/rtosapp/_ide/bitstream/Linux_bd_wrapper.bit"
01:42:58 ERROR : no targets found with "name =~ "*microblaze*#0" && bscan=="USER2" ". available targets:
  1* xc7a100t
     2  RISC-V
        3  Hart #0 (Debug Transport Module: data corruption (ID))
01:42:58 INFO  : ----------------XSDB Script----------------
connect -url tcp:127.0.0.1:3121
targets -set -filter {jtag_cable_name =~ "Digilent Nexys A7 -100T 210292B61CF1A" && level==0 && jtag_device_ctx=="jsn-Nexys A7 -100T-210292B61CF1A-13631093-0"}
fpga -file C:/Users/doluwamu.kaye/Documents/GitHub/Linux_Microblaze_V1.0/RTOSAPP/rtosapp/_ide/bitstream/Linux_bd_wrapper.bit
targets -set -nocase -filter {name =~ "*microblaze*#0" && bscan=="USER2" }
----------------End of Script----------------

01:42:58 ERROR : no targets found with "name =~ "*microblaze*#0" && bscan=="USER2" ". available targets:
  1* xc7a100t
     2  RISC-V
        3  Hart #0 (Debug Transport Module: data corruption (ID))
01:43:34 INFO  : Connected to target on host '127.0.0.1' and port '3121'.
01:43:34 INFO  : Jtag cable 'Digilent Nexys A7 -100T 210292B61CF1A' is selected.
01:43:34 INFO  : 'jtag frequency' command is executed.
01:43:34 INFO  : 'targets -set -filter {jtag_cable_name =~ "Digilent Nexys A7 -100T 210292B61CF1A" && level==0 && jtag_device_ctx=="jsn-Nexys A7 -100T-210292B61CF1A-13631093-0"}' command is executed.
01:43:36 INFO  : Device configured successfully with "C:/Users/doluwamu.kaye/Documents/GitHub/Linux_Microblaze_V1.0/RTOSAPP/rtosapp/_ide/bitstream/Linux_bd_wrapper.bit"
01:43:39 ERROR : no targets found with "name =~ "*microblaze*#0" && bscan=="USER2" ". available targets:
  1* xc7a100t
     2  RISC-V
        3  Hart #0 (Debug Transport Module: data corruption (ID))
01:43:39 INFO  : ----------------XSDB Script----------------
connect -url tcp:127.0.0.1:3121
targets -set -filter {jtag_cable_name =~ "Digilent Nexys A7 -100T 210292B61CF1A" && level==0 && jtag_device_ctx=="jsn-Nexys A7 -100T-210292B61CF1A-13631093-0"}
fpga -file C:/Users/doluwamu.kaye/Documents/GitHub/Linux_Microblaze_V1.0/RTOSAPP/rtosapp/_ide/bitstream/Linux_bd_wrapper.bit
targets -set -nocase -filter {name =~ "*microblaze*#0" && bscan=="USER2" }
----------------End of Script----------------

01:43:39 ERROR : no targets found with "name =~ "*microblaze*#0" && bscan=="USER2" ". available targets:
  1* xc7a100t
     2  RISC-V
        3  Hart #0 (Debug Transport Module: data corruption (ID))
01:44:19 DEBUG : Logs will be stored at 'C:/Users/doluwamu.kaye/Documents/GitHub/Linux_Microblaze_V1.0/RTOSAPP/IDE.log'.
01:44:20 INFO  : Launching XSCT server: xsct.bat -n  -interactive C:\Users\doluwamu.kaye\Documents\GitHub\Linux_Microblaze_V1.0\RTOSAPP\temp_xsdb_launch_script.tcl
01:44:23 INFO  : XSCT server has started successfully.
01:44:23 INFO  : Successfully done setting XSCT server connection channel  
01:44:23 INFO  : plnx-install-location is set to ''
01:44:23 INFO  : Successfully done setting workspace for the tool. 
01:44:26 INFO  : Platform repository initialization has completed.
01:44:27 INFO  : Successfully done query RDI_DATADIR 
01:44:27 INFO  : Registering command handlers for Vitis TCF services
01:45:06 INFO  : Connected to target on host '127.0.0.1' and port '3121'.
01:45:16 INFO  : ----------------XSDB Script----------------
connect -url tcp:127.0.0.1:3121
----------------End of Script----------------

01:45:16 ERROR : Could not find FPGA device on the board for connection 'Local'.


Troubleshooting hints:
1. Check whether board is connected to system properly.
2. In case of zynq board, check whether Digilent/Xilinx cable switch settings are correct.
3. If you are using Xilinx Platform Cable USB, ensure that status LED is green.
01:45:29 INFO  : Connected to target on host '127.0.0.1' and port '3121'.
01:45:29 INFO  : Jtag cable 'Digilent Nexys A7 -100T 210292B61CF1A' is selected.
01:45:29 INFO  : 'jtag frequency' command is executed.
01:45:29 INFO  : 'targets -set -filter {jtag_cable_name =~ "Digilent Nexys A7 -100T 210292B61CF1A" && level==0 && jtag_device_ctx=="jsn-Nexys A7 -100T-210292B61CF1A-13631093-0"}' command is executed.
01:45:32 INFO  : Device configured successfully with "C:/Users/doluwamu.kaye/Documents/GitHub/Linux_Microblaze_V1.0/RTOSAPP/rtosapp/_ide/bitstream/Linux_bd_wrapper.bit"
01:45:35 ERROR : no targets found with "name =~ "*microblaze*#0" && bscan=="USER2" ". available targets:
  1* xc7a100t
     2  RISC-V
        3  Hart #0 (Debug Transport Module: data corruption (ID))
01:45:35 INFO  : ----------------XSDB Script----------------
connect -url tcp:127.0.0.1:3121
targets -set -filter {jtag_cable_name =~ "Digilent Nexys A7 -100T 210292B61CF1A" && level==0 && jtag_device_ctx=="jsn-Nexys A7 -100T-210292B61CF1A-13631093-0"}
fpga -file C:/Users/doluwamu.kaye/Documents/GitHub/Linux_Microblaze_V1.0/RTOSAPP/rtosapp/_ide/bitstream/Linux_bd_wrapper.bit
targets -set -nocase -filter {name =~ "*microblaze*#0" && bscan=="USER2" }
----------------End of Script----------------

01:45:35 ERROR : no targets found with "name =~ "*microblaze*#0" && bscan=="USER2" ". available targets:
  1* xc7a100t
     2  RISC-V
        3  Hart #0 (Debug Transport Module: data corruption (ID))
01:47:38 INFO  : Checking for BSP changes to sync application flags for project 'rtosapp'...
01:47:44 INFO  : Connected to target on host '127.0.0.1' and port '3121'.
01:47:45 INFO  : Jtag cable 'Digilent Nexys A7 -100T 210292B61CF1A' is selected.
01:47:45 INFO  : 'jtag frequency' command is executed.
01:47:45 INFO  : 'targets -set -filter {jtag_cable_name =~ "Digilent Nexys A7 -100T 210292B61CF1A" && level==0 && jtag_device_ctx=="jsn-Nexys A7 -100T-210292B61CF1A-13631093-0"}' command is executed.
01:47:47 INFO  : Device configured successfully with "C:/Users/doluwamu.kaye/Documents/GitHub/Linux_Microblaze_V1.0/RTOSAPP/rtosapp/_ide/bitstream/Linux_bd_wrapper.bit"
01:47:50 ERROR : no targets found with "name =~ "*microblaze*#0" && bscan=="USER2" ". available targets:
  1* xc7a100t
     2  RISC-V
        3  Hart #0 (Debug Transport Module: data corruption (ID))
01:47:50 INFO  : ----------------XSDB Script----------------
connect -url tcp:127.0.0.1:3121
targets -set -filter {jtag_cable_name =~ "Digilent Nexys A7 -100T 210292B61CF1A" && level==0 && jtag_device_ctx=="jsn-Nexys A7 -100T-210292B61CF1A-13631093-0"}
fpga -file C:/Users/doluwamu.kaye/Documents/GitHub/Linux_Microblaze_V1.0/RTOSAPP/rtosapp/_ide/bitstream/Linux_bd_wrapper.bit
targets -set -nocase -filter {name =~ "*microblaze*#0" && bscan=="USER2" }
----------------End of Script----------------

01:47:50 ERROR : no targets found with "name =~ "*microblaze*#0" && bscan=="USER2" ". available targets:
  1* xc7a100t
     2  RISC-V
        3  Hart #0 (Debug Transport Module: data corruption (ID))
01:49:21 INFO  : Connected to target on host '127.0.0.1' and port '3121'.
01:49:21 INFO  : Jtag cable 'Digilent Nexys A7 -100T 210292B61CF1A' is selected.
01:49:21 INFO  : 'jtag frequency' command is executed.
01:49:21 INFO  : 'targets -set -filter {jtag_cable_name =~ "Digilent Nexys A7 -100T 210292B61CF1A" && level==0 && jtag_device_ctx=="jsn-Nexys A7 -100T-210292B61CF1A-13631093-0"}' command is executed.
01:49:23 INFO  : Device configured successfully with "C:/Users/doluwamu.kaye/Documents/GitHub/Linux_Microblaze_V1.0/RTOSAPP/rtosapp/_ide/bitstream/Linux_bd_wrapper.bit"
01:49:26 ERROR : no targets found with "name =~ "*microblaze*#0" && bscan=="USER2" ". available targets:
  1* xc7a100t
     2  RISC-V
        3  Hart #0 (Debug Transport Module: data corruption (ID))
01:49:26 INFO  : ----------------XSDB Script----------------
connect -url tcp:127.0.0.1:3121
targets -set -filter {jtag_cable_name =~ "Digilent Nexys A7 -100T 210292B61CF1A" && level==0 && jtag_device_ctx=="jsn-Nexys A7 -100T-210292B61CF1A-13631093-0"}
fpga -file C:/Users/doluwamu.kaye/Documents/GitHub/Linux_Microblaze_V1.0/RTOSAPP/rtosapp/_ide/bitstream/Linux_bd_wrapper.bit
targets -set -nocase -filter {name =~ "*microblaze*#0" && bscan=="USER2" }
----------------End of Script----------------

01:49:26 ERROR : no targets found with "name =~ "*microblaze*#0" && bscan=="USER2" ". available targets:
  1* xc7a100t
     2  RISC-V
        3  Hart #0 (Debug Transport Module: data corruption (ID))
01:49:51 INFO  : Connected to target on host '127.0.0.1' and port '3121'.
01:49:51 INFO  : Jtag cable 'Digilent Nexys A7 -100T 210292B61CF1A' is selected.
01:49:51 INFO  : 'jtag frequency' command is executed.
01:49:51 INFO  : 'targets -set -filter {jtag_cable_name =~ "Digilent Nexys A7 -100T 210292B61CF1A" && level==0 && jtag_device_ctx=="jsn-Nexys A7 -100T-210292B61CF1A-13631093-0"}' command is executed.
01:49:54 INFO  : Device configured successfully with "C:/Users/doluwamu.kaye/Documents/GitHub/Linux_Microblaze_V1.0/RTOSAPP/rtosapp/_ide/bitstream/download.bit"
01:49:57 ERROR : no targets found with "name =~ "*microblaze*#0" && bscan=="USER2" ". available targets:
  1* xc7a100t
     2  RISC-V
        3  Hart #0 (Debug Transport Module: data corruption (ID))
01:49:57 INFO  : ----------------XSDB Script----------------
connect -url tcp:127.0.0.1:3121
targets -set -filter {jtag_cable_name =~ "Digilent Nexys A7 -100T 210292B61CF1A" && level==0 && jtag_device_ctx=="jsn-Nexys A7 -100T-210292B61CF1A-13631093-0"}
fpga -file C:/Users/doluwamu.kaye/Documents/GitHub/Linux_Microblaze_V1.0/RTOSAPP/rtosapp/_ide/bitstream/download.bit
targets -set -nocase -filter {name =~ "*microblaze*#0" && bscan=="USER2" }
----------------End of Script----------------

01:49:57 ERROR : no targets found with "name =~ "*microblaze*#0" && bscan=="USER2" ". available targets:
  1* xc7a100t
     2  RISC-V
        3  Hart #0 (Debug Transport Module: data corruption (ID))
01:50:02 INFO  : Checking for BSP changes to sync application flags for project 'rtosapp'...
01:50:37 INFO  : Connected to target on host '127.0.0.1' and port '3121'.
01:50:37 INFO  : Jtag cable 'Digilent Nexys A7 -100T 210292B61CF1A' is selected.
01:50:37 INFO  : 'jtag frequency' command is executed.
01:50:37 INFO  : 'targets -set -filter {jtag_cable_name =~ "Digilent Nexys A7 -100T 210292B61CF1A" && level==0 && jtag_device_ctx=="jsn-Nexys A7 -100T-210292B61CF1A-13631093-0"}' command is executed.
01:50:39 INFO  : Device configured successfully with "C:/Users/doluwamu.kaye/Documents/GitHub/Linux_Microblaze_V1.0/RTOSAPP/rtosapp/_ide/bitstream/Linux_bd_wrapper.bit"
01:50:42 ERROR : no targets found with "name =~ "*microblaze*#0" && bscan=="USER2" ". available targets:
  1* xc7a100t
     2  RISC-V
        3  Hart #0 (Debug Transport Module: data corruption (ID))
01:50:42 INFO  : ----------------XSDB Script----------------
connect -url tcp:127.0.0.1:3121
targets -set -filter {jtag_cable_name =~ "Digilent Nexys A7 -100T 210292B61CF1A" && level==0 && jtag_device_ctx=="jsn-Nexys A7 -100T-210292B61CF1A-13631093-0"}
fpga -file C:/Users/doluwamu.kaye/Documents/GitHub/Linux_Microblaze_V1.0/RTOSAPP/rtosapp/_ide/bitstream/Linux_bd_wrapper.bit
targets -set -nocase -filter {name =~ "*microblaze*#0" && bscan=="USER2" }
----------------End of Script----------------

01:50:42 ERROR : no targets found with "name =~ "*microblaze*#0" && bscan=="USER2" ". available targets:
  1* xc7a100t
     2  RISC-V
        3  Hart #0 (Debug Transport Module: data corruption (ID))
01:52:30 DEBUG : Logs will be stored at 'C:/Users/doluwamu.kaye/Documents/GitHub/Linux_Microblaze_V1.0/RTOSAPP/IDE.log'.
01:52:40 INFO  : Launching XSCT server: xsct.bat -n  -interactive C:\Users\doluwamu.kaye\Documents\GitHub\Linux_Microblaze_V1.0\RTOSAPP\temp_xsdb_launch_script.tcl
01:52:55 INFO  : XSCT server has started successfully.
01:52:55 INFO  : plnx-install-location is set to ''
01:52:55 INFO  : Successfully done setting XSCT server connection channel  
01:52:55 INFO  : Successfully done setting workspace for the tool. 
01:52:59 INFO  : Registering command handlers for Vitis TCF services
01:52:59 INFO  : Platform repository initialization has completed.
01:53:01 INFO  : Successfully done query RDI_DATADIR 
01:53:28 INFO  : Connected to target on host '127.0.0.1' and port '3121'.
01:53:29 INFO  : Jtag cable 'Digilent Nexys A7 -100T 210292B61CF1A' is selected.
01:53:29 INFO  : 'jtag frequency' command is executed.
01:53:29 INFO  : 'targets -set -filter {jtag_cable_name =~ "Digilent Nexys A7 -100T 210292B61CF1A" && level==0 && jtag_device_ctx=="jsn-Nexys A7 -100T-210292B61CF1A-13631093-0"}' command is executed.
01:53:31 INFO  : Device configured successfully with "C:/Users/doluwamu.kaye/Documents/GitHub/Linux_Microblaze_V1.0/RTOSAPP/rtosapp/_ide/bitstream/Linux_bd_wrapper.bit"
01:53:34 ERROR : no targets found with "name =~ "*microblaze*#0" && bscan=="USER2" ". available targets:
  1* xc7a100t
     2  RISC-V
        3  Hart #0 (Debug Transport Module: data corruption (ID))
01:53:34 INFO  : ----------------XSDB Script----------------
connect -url tcp:127.0.0.1:3121
targets -set -filter {jtag_cable_name =~ "Digilent Nexys A7 -100T 210292B61CF1A" && level==0 && jtag_device_ctx=="jsn-Nexys A7 -100T-210292B61CF1A-13631093-0"}
fpga -file C:/Users/doluwamu.kaye/Documents/GitHub/Linux_Microblaze_V1.0/RTOSAPP/rtosapp/_ide/bitstream/Linux_bd_wrapper.bit
targets -set -nocase -filter {name =~ "*microblaze*#0" && bscan=="USER2" }
----------------End of Script----------------

01:53:34 ERROR : no targets found with "name =~ "*microblaze*#0" && bscan=="USER2" ". available targets:
  1* xc7a100t
     2  RISC-V
        3  Hart #0 (Debug Transport Module: data corruption (ID))
21:33:28 DEBUG : Logs will be stored at 'C:/Users/doluwamu.kaye/Documents/GitHub/Linux_Microblaze_V1.0/RTOSAPP/IDE.log'.
21:33:29 INFO  : Launching XSCT server: xsct.bat -n  -interactive C:\Users\doluwamu.kaye\Documents\GitHub\Linux_Microblaze_V1.0\RTOSAPP\temp_xsdb_launch_script.tcl
21:33:34 INFO  : XSCT server has started successfully.
21:33:34 INFO  : plnx-install-location is set to ''
21:33:34 INFO  : Successfully done setting XSCT server connection channel  
21:33:34 INFO  : Successfully done setting workspace for the tool. 
21:33:36 INFO  : Platform repository initialization has completed.
21:33:37 INFO  : Registering command handlers for Vitis TCF services
21:33:40 INFO  : Successfully done query RDI_DATADIR 
22:13:04 INFO  : Connected to target on host '127.0.0.1' and port '3121'.
22:13:05 INFO  : Jtag cable 'Digilent Nexys A7 -100T 210292B61CF1A' is selected.
22:13:05 INFO  : 'jtag frequency' command is executed.
22:13:05 INFO  : 'targets -set -filter {jtag_cable_name =~ "Digilent Nexys A7 -100T 210292B61CF1A" && level==0 && jtag_device_ctx=="jsn-Nexys A7 -100T-210292B61CF1A-13631093-0"}' command is executed.
22:13:08 INFO  : Device configured successfully with "C:/Users/doluwamu.kaye/Documents/GitHub/Linux_Microblaze_V1.0/RTOSAPP/rtosapp/_ide/bitstream/Linux_bd_wrapper.bit"
22:13:11 ERROR : no targets found with "name =~ "*microblaze*#0" && bscan=="USER2" ". available targets:
  1* xc7a100t
     2  RISC-V
        3  Hart #0 (Debug Transport Module: data corruption (ID))
22:13:11 INFO  : ----------------XSDB Script----------------
connect -url tcp:127.0.0.1:3121
targets -set -filter {jtag_cable_name =~ "Digilent Nexys A7 -100T 210292B61CF1A" && level==0 && jtag_device_ctx=="jsn-Nexys A7 -100T-210292B61CF1A-13631093-0"}
fpga -file C:/Users/doluwamu.kaye/Documents/GitHub/Linux_Microblaze_V1.0/RTOSAPP/rtosapp/_ide/bitstream/Linux_bd_wrapper.bit
targets -set -nocase -filter {name =~ "*microblaze*#0" && bscan=="USER2" }
----------------End of Script----------------

22:13:11 ERROR : no targets found with "name =~ "*microblaze*#0" && bscan=="USER2" ". available targets:
  1* xc7a100t
     2  RISC-V
        3  Hart #0 (Debug Transport Module: data corruption (ID))
22:13:42 INFO  : Result from executing command 'getProjects': Linux_bd_wrapper
22:13:42 INFO  : Result from executing command 'getPlatforms': Linux_bd_wrapper|C:/Users/doluwamu.kaye/Documents/GitHub/Linux_Microblaze_V1.0/RTOSAPP/Linux_bd_wrapper/export/Linux_bd_wrapper/Linux_bd_wrapper.xpfm
22:13:42 INFO  : Checking for BSP changes to sync application flags for project 'rtosapp'...
22:14:32 INFO  : Bit file 'C:/Users/doluwamu.kaye/Documents/GitHub/Linux_Microblaze_V1.0/RTOSAPP/rtosapp/_ide/bitstream/download.bit' is generated.
22:14:45 INFO  : Connected to target on host '127.0.0.1' and port '3121'.
22:14:45 INFO  : Jtag cable 'Digilent Nexys A7 -100T 210292B61CF1A' is selected.
22:14:45 INFO  : 'jtag frequency' command is executed.
22:14:45 INFO  : 'targets -set -filter {jtag_cable_name =~ "Digilent Nexys A7 -100T 210292B61CF1A" && level==0 && jtag_device_ctx=="jsn-Nexys A7 -100T-210292B61CF1A-13631093-0"}' command is executed.
22:14:48 INFO  : Device configured successfully with "C:/Users/doluwamu.kaye/Documents/GitHub/Linux_Microblaze_V1.0/RTOSAPP/rtosapp/_ide/bitstream/Linux_bd_wrapper.bit"
22:14:51 ERROR : no targets found with "name =~ "*microblaze*#0" && bscan=="USER2" ". available targets:
  1* xc7a100t
     2  RISC-V
        3  Hart #0 (Debug Transport Module: data corruption (ID))
22:14:51 INFO  : ----------------XSDB Script----------------
connect -url tcp:127.0.0.1:3121
targets -set -filter {jtag_cable_name =~ "Digilent Nexys A7 -100T 210292B61CF1A" && level==0 && jtag_device_ctx=="jsn-Nexys A7 -100T-210292B61CF1A-13631093-0"}
fpga -file C:/Users/doluwamu.kaye/Documents/GitHub/Linux_Microblaze_V1.0/RTOSAPP/rtosapp/_ide/bitstream/Linux_bd_wrapper.bit
targets -set -nocase -filter {name =~ "*microblaze*#0" && bscan=="USER2" }
----------------End of Script----------------

22:14:51 ERROR : no targets found with "name =~ "*microblaze*#0" && bscan=="USER2" ". available targets:
  1* xc7a100t
     2  RISC-V
        3  Hart #0 (Debug Transport Module: data corruption (ID))
22:15:12 INFO  : Connected to target on host '127.0.0.1' and port '3121'.
