Copyright 1986-2022 Xilinx, Inc. All Rights Reserved.
----------------------------------------------------------------------------------------------------------------------------------------------------------------------
| Tool Version     : Vivado v.2022.2 (win64) Build 3671981 Fri Oct 14 05:00:03 MDT 2022
| Date             : Mon Dec  4 11:03:27 2023
| Host             : CN010 running 64-bit major release  (build 9200)
| Command          : report_power -file Linux_bd_wrapper_power_routed.rpt -pb Linux_bd_wrapper_power_summary_routed.pb -rpx Linux_bd_wrapper_power_routed.rpx
| Design           : Linux_bd_wrapper
| Device           : xc7a100tcsg324-1
| Design State     : routed
| Grade            : commercial
| Process          : typical
| Characterization : Production
----------------------------------------------------------------------------------------------------------------------------------------------------------------------

Power Report

Table of Contents
-----------------
1. Summary
1.1 On-Chip Components
1.2 Power Supply Summary
1.3 Confidence Level
2. Settings
2.1 Environment
2.2 Clock Constraints
3. Detailed Reports
3.1 By Hierarchy

1. Summary
----------

+--------------------------+--------------+
| Total On-Chip Power (W)  | 1.157        |
| Design Power Budget (W)  | Unspecified* |
| Power Budget Margin (W)  | NA           |
| Dynamic (W)              | 1.047        |
| Device Static (W)        | 0.110        |
| Effective TJA (C/W)      | 4.6          |
| Max Ambient (C)          | 79.7         |
| Junction Temperature (C) | 30.3         |
| Confidence Level         | Low          |
| Setting File             | ---          |
| Simulation Activity File | ---          |
| Design Nets Matched      | NA           |
+--------------------------+--------------+
* Specify Design Power Budget using, set_operating_conditions -design_power_budget <value in Watts>


1.1 On-Chip Components
----------------------

+--------------------------+-----------+----------+-----------+-----------------+
| On-Chip                  | Power (W) | Used     | Available | Utilization (%) |
+--------------------------+-----------+----------+-----------+-----------------+
| Clocks                   |     0.054 |       44 |       --- |             --- |
| Slice Logic              |     0.026 |    34810 |       --- |             --- |
|   LUT as Logic           |     0.023 |    11775 |     63400 |           18.57 |
|   Register               |     0.001 |    14502 |    126800 |           11.44 |
|   LUT as Distributed RAM |     0.001 |     1226 |     19000 |            6.45 |
|   CARRY4                 |    <0.001 |      409 |     15850 |            2.58 |
|   LUT as Shift Register  |    <0.001 |      538 |     19000 |            2.83 |
|   F7/F8 Muxes            |    <0.001 |      200 |     63400 |            0.32 |
|   Others                 |    <0.001 |     1741 |       --- |             --- |
| Signals                  |     0.039 |    24786 |       --- |             --- |
| Block RAM                |     0.056 |       35 |       135 |           25.93 |
| MMCM                     |     0.113 |        1 |         6 |           16.67 |
| PLL                      |     0.115 |        1 |         6 |           16.67 |
| DSPs                     |     0.003 |        6 |       240 |            2.50 |
| I/O                      |     0.528 |      116 |       210 |           55.24 |
| PHASER                   |     0.110 |       14 |       --- |             --- |
| XADC                     |     0.004 |        1 |       --- |             --- |
| Static Power             |     0.110 |          |           |                 |
| Total                    |     1.157 |          |           |                 |
+--------------------------+-----------+----------+-----------+-----------------+


1.2 Power Supply Summary
------------------------

+-----------+-------------+-----------+-------------+------------+-------------+-------------+------------+
| Source    | Voltage (V) | Total (A) | Dynamic (A) | Static (A) | Powerup (A) | Budget (A)  | Margin (A) |
+-----------+-------------+-----------+-------------+------------+-------------+-------------+------------+
| Vccint    |       1.000 |     0.229 |       0.210 |      0.019 |       NA    | Unspecified | NA         |
| Vccaux    |       1.800 |     0.243 |       0.224 |      0.018 |       NA    | Unspecified | NA         |
| Vcco33    |       3.300 |     0.004 |       0.000 |      0.004 |       NA    | Unspecified | NA         |
| Vcco25    |       2.500 |     0.000 |       0.000 |      0.000 |       NA    | Unspecified | NA         |
| Vcco18    |       1.800 |     0.241 |       0.237 |      0.004 |       NA    | Unspecified | NA         |
| Vcco15    |       1.500 |     0.000 |       0.000 |      0.000 |       NA    | Unspecified | NA         |
| Vcco135   |       1.350 |     0.000 |       0.000 |      0.000 |       NA    | Unspecified | NA         |
| Vcco12    |       1.200 |     0.000 |       0.000 |      0.000 |       NA    | Unspecified | NA         |
| Vccaux_io |       1.800 |     0.000 |       0.000 |      0.000 |       NA    | Unspecified | NA         |
| Vccbram   |       1.000 |     0.005 |       0.004 |      0.001 |       NA    | Unspecified | NA         |
| MGTAVcc   |       1.000 |     0.000 |       0.000 |      0.000 |       NA    | Unspecified | NA         |
| MGTAVtt   |       1.200 |     0.000 |       0.000 |      0.000 |       NA    | Unspecified | NA         |
| Vccadc    |       1.800 |     0.022 |       0.002 |      0.020 |       NA    | Unspecified | NA         |
+-----------+-------------+-----------+-------------+------------+-------------+-------------+------------+


1.3 Confidence Level
--------------------

+-----------------------------+------------+--------------------------------------------------------+------------------------------------------------------------------------------------------------------------+
| User Input Data             | Confidence | Details                                                | Action                                                                                                     |
+-----------------------------+------------+--------------------------------------------------------+------------------------------------------------------------------------------------------------------------+
| Design implementation state | High       | Design is routed                                       |                                                                                                            |
| Clock nodes activity        | High       | User specified more than 95% of clocks                 |                                                                                                            |
| I/O nodes activity          | Low        | More than 75% of inputs are missing user specification | Provide missing input activity with simulation results or by editing the "By Resource Type -> I/Os" view   |
| Internal nodes activity     | Medium     | User specified less than 25% of internal nodes         | Provide missing internal nodes activity with simulation results or by editing the "By Resource Type" views |
| Device models               | High       | Device models are Production                           |                                                                                                            |
|                             |            |                                                        |                                                                                                            |
| Overall confidence level    | Low        |                                                        |                                                                                                            |
+-----------------------------+------------+--------------------------------------------------------+------------------------------------------------------------------------------------------------------------+


2. Settings
-----------

2.1 Environment
---------------

+-----------------------+--------------------------+
| Ambient Temp (C)      | 25.0                     |
| ThetaJA (C/W)         | 4.6                      |
| Airflow (LFM)         | 250                      |
| Heat Sink             | medium (Medium Profile)  |
| ThetaSA (C/W)         | 4.6                      |
| Board Selection       | medium (10"x10")         |
| # of Board Layers     | 12to15 (12 to 15 Layers) |
| Board Temperature (C) | 25.0                     |
+-----------------------+--------------------------+


2.2 Clock Constraints
---------------------

+-------------------------------------------------------------------------------------------------------------------------------------------------------------+---------------------------------------------------------------------------------------------------------------------------------------------------------------------------------------------------------------------------------+-----------------+
| Clock                                                                                                                                                       | Domain                                                                                                                                                                                                                          | Constraint (ns) |
+-------------------------------------------------------------------------------------------------------------------------------------------------------------+---------------------------------------------------------------------------------------------------------------------------------------------------------------------------------------------------------------------------------+-----------------+
| Linux_bd_i/mdm_1/U0/Use_E2.BSCAN_I/Use_E2.BSCANE2_I/DRCK                                                                                                    | Linux_bd_i/mdm_1/U0/Use_E2.BSCAN_I/DRCK                                                                                                                                                                                         |            33.3 |
| Linux_bd_i/mdm_1/U0/Use_E2.BSCAN_I/Use_E2.BSCANE2_I/UPDATE                                                                                                  | Linux_bd_i/mdm_1/U0/Use_E2.BSCAN_I/Dbg_Update_0                                                                                                                                                                                 |            33.3 |
| clk_pll_i                                                                                                                                                   | Linux_bd_i/mig_7series_0/u_Linux_bd_mig_7series_0_0_mig/u_ddr2_infrastructure/clk_pll_i                                                                                                                                         |            12.3 |
| clk_pll_i_1                                                                                                                                                 | Linux_bd_i/mig_7series_0/u_Linux_bd_mig_7series_0_0_mig/u_ddr2_infrastructure/clk_pll_i                                                                                                                                         |            12.3 |
| freq_refclk                                                                                                                                                 | Linux_bd_i/mig_7series_0/u_Linux_bd_mig_7series_0_0_mig/u_ddr2_infrastructure/freq_refclk                                                                                                                                       |             1.5 |
| freq_refclk_1                                                                                                                                               | Linux_bd_i/mig_7series_0/u_Linux_bd_mig_7series_0_0_mig/u_ddr2_infrastructure/freq_refclk                                                                                                                                       |             1.5 |
| iserdes_clkdiv                                                                                                                                              | Linux_bd_i/mig_7series_0/u_Linux_bd_mig_7series_0_0_mig/u_memc_ui_top_axi/mem_intfc0/ddr_phy_top0/u_ddr_mc_phy_wrapper/u_ddr_mc_phy/ddr_phy_4lanes_0.u_ddr_phy_4lanes/ddr_byte_lane_A.ddr_byte_lane_A/iserdes_clkdiv            |            12.3 |
| iserdes_clkdiv_1                                                                                                                                            | Linux_bd_i/mig_7series_0/u_Linux_bd_mig_7series_0_0_mig/u_memc_ui_top_axi/mem_intfc0/ddr_phy_top0/u_ddr_mc_phy_wrapper/u_ddr_mc_phy/ddr_phy_4lanes_0.u_ddr_phy_4lanes/ddr_byte_lane_A.ddr_byte_lane_A/iserdes_clkdiv            |            12.3 |
| iserdes_clkdiv_2                                                                                                                                            | Linux_bd_i/mig_7series_0/u_Linux_bd_mig_7series_0_0_mig/u_memc_ui_top_axi/mem_intfc0/ddr_phy_top0/u_ddr_mc_phy_wrapper/u_ddr_mc_phy/ddr_phy_4lanes_0.u_ddr_phy_4lanes/ddr_byte_lane_C.ddr_byte_lane_C/iserdes_clkdiv            |            12.3 |
| iserdes_clkdiv_3                                                                                                                                            | Linux_bd_i/mig_7series_0/u_Linux_bd_mig_7series_0_0_mig/u_memc_ui_top_axi/mem_intfc0/ddr_phy_top0/u_ddr_mc_phy_wrapper/u_ddr_mc_phy/ddr_phy_4lanes_0.u_ddr_phy_4lanes/ddr_byte_lane_C.ddr_byte_lane_C/iserdes_clkdiv            |            12.3 |
| mem_refclk                                                                                                                                                  | Linux_bd_i/mig_7series_0/u_Linux_bd_mig_7series_0_0_mig/u_ddr2_infrastructure/mem_refclk                                                                                                                                        |             3.1 |
| mem_refclk_1                                                                                                                                                | Linux_bd_i/mig_7series_0/u_Linux_bd_mig_7series_0_0_mig/u_ddr2_infrastructure/mem_refclk                                                                                                                                        |             3.1 |
| mmcm_clkout0                                                                                                                                                | Linux_bd_i/mig_7series_0/u_Linux_bd_mig_7series_0_0_mig/u_ddr2_infrastructure/mmcm_clkout0                                                                                                                                      |             5.3 |
| mmcm_clkout0_1                                                                                                                                              | Linux_bd_i/mig_7series_0/u_Linux_bd_mig_7series_0_0_mig/u_ddr2_infrastructure/mmcm_clkout0                                                                                                                                      |             5.3 |
| oserdes_clk                                                                                                                                                 | Linux_bd_i/mig_7series_0/u_Linux_bd_mig_7series_0_0_mig/u_memc_ui_top_axi/mem_intfc0/ddr_phy_top0/u_ddr_mc_phy_wrapper/u_ddr_mc_phy/ddr_phy_4lanes_0.u_ddr_phy_4lanes/ddr_byte_lane_A.ddr_byte_lane_A/oserdes_clk               |             3.1 |
| oserdes_clk_1                                                                                                                                               | Linux_bd_i/mig_7series_0/u_Linux_bd_mig_7series_0_0_mig/u_memc_ui_top_axi/mem_intfc0/ddr_phy_top0/u_ddr_mc_phy_wrapper/u_ddr_mc_phy/ddr_phy_4lanes_0.u_ddr_phy_4lanes/ddr_byte_lane_A.ddr_byte_lane_A/oserdes_clk               |             3.1 |
| oserdes_clk_2                                                                                                                                               | Linux_bd_i/mig_7series_0/u_Linux_bd_mig_7series_0_0_mig/u_memc_ui_top_axi/mem_intfc0/ddr_phy_top0/u_ddr_mc_phy_wrapper/u_ddr_mc_phy/ddr_phy_4lanes_0.u_ddr_phy_4lanes/ddr_byte_lane_B.ddr_byte_lane_B/oserdes_clk               |             3.1 |
| oserdes_clk_3                                                                                                                                               | Linux_bd_i/mig_7series_0/u_Linux_bd_mig_7series_0_0_mig/u_memc_ui_top_axi/mem_intfc0/ddr_phy_top0/u_ddr_mc_phy_wrapper/u_ddr_mc_phy/ddr_phy_4lanes_0.u_ddr_phy_4lanes/ddr_byte_lane_B.ddr_byte_lane_B/oserdes_clk               |             3.1 |
| oserdes_clk_4                                                                                                                                               | Linux_bd_i/mig_7series_0/u_Linux_bd_mig_7series_0_0_mig/u_memc_ui_top_axi/mem_intfc0/ddr_phy_top0/u_ddr_mc_phy_wrapper/u_ddr_mc_phy/ddr_phy_4lanes_0.u_ddr_phy_4lanes/ddr_byte_lane_C.ddr_byte_lane_C/oserdes_clk               |             3.1 |
| oserdes_clk_5                                                                                                                                               | Linux_bd_i/mig_7series_0/u_Linux_bd_mig_7series_0_0_mig/u_memc_ui_top_axi/mem_intfc0/ddr_phy_top0/u_ddr_mc_phy_wrapper/u_ddr_mc_phy/ddr_phy_4lanes_0.u_ddr_phy_4lanes/ddr_byte_lane_C.ddr_byte_lane_C/oserdes_clk               |             3.1 |
| oserdes_clk_6                                                                                                                                               | Linux_bd_i/mig_7series_0/u_Linux_bd_mig_7series_0_0_mig/u_memc_ui_top_axi/mem_intfc0/ddr_phy_top0/u_ddr_mc_phy_wrapper/u_ddr_mc_phy/ddr_phy_4lanes_0.u_ddr_phy_4lanes/ddr_byte_lane_D.ddr_byte_lane_D/oserdes_clk               |             3.1 |
| oserdes_clk_7                                                                                                                                               | Linux_bd_i/mig_7series_0/u_Linux_bd_mig_7series_0_0_mig/u_memc_ui_top_axi/mem_intfc0/ddr_phy_top0/u_ddr_mc_phy_wrapper/u_ddr_mc_phy/ddr_phy_4lanes_0.u_ddr_phy_4lanes/ddr_byte_lane_D.ddr_byte_lane_D/oserdes_clk               |             3.1 |
| oserdes_clkdiv                                                                                                                                              | Linux_bd_i/mig_7series_0/u_Linux_bd_mig_7series_0_0_mig/u_memc_ui_top_axi/mem_intfc0/ddr_phy_top0/u_ddr_mc_phy_wrapper/u_ddr_mc_phy/ddr_phy_4lanes_0.u_ddr_phy_4lanes/ddr_byte_lane_A.ddr_byte_lane_A/oserdes_clkdiv            |             6.2 |
| oserdes_clkdiv_1                                                                                                                                            | Linux_bd_i/mig_7series_0/u_Linux_bd_mig_7series_0_0_mig/u_memc_ui_top_axi/mem_intfc0/ddr_phy_top0/u_ddr_mc_phy_wrapper/u_ddr_mc_phy/ddr_phy_4lanes_0.u_ddr_phy_4lanes/ddr_byte_lane_A.ddr_byte_lane_A/oserdes_clkdiv            |             6.2 |
| oserdes_clkdiv_2                                                                                                                                            | Linux_bd_i/mig_7series_0/u_Linux_bd_mig_7series_0_0_mig/u_memc_ui_top_axi/mem_intfc0/ddr_phy_top0/u_ddr_mc_phy_wrapper/u_ddr_mc_phy/ddr_phy_4lanes_0.u_ddr_phy_4lanes/ddr_byte_lane_B.ddr_byte_lane_B/oserdes_clkdiv            |            12.3 |
| oserdes_clkdiv_3                                                                                                                                            | Linux_bd_i/mig_7series_0/u_Linux_bd_mig_7series_0_0_mig/u_memc_ui_top_axi/mem_intfc0/ddr_phy_top0/u_ddr_mc_phy_wrapper/u_ddr_mc_phy/ddr_phy_4lanes_0.u_ddr_phy_4lanes/ddr_byte_lane_B.ddr_byte_lane_B/oserdes_clkdiv            |            12.3 |
| oserdes_clkdiv_4                                                                                                                                            | Linux_bd_i/mig_7series_0/u_Linux_bd_mig_7series_0_0_mig/u_memc_ui_top_axi/mem_intfc0/ddr_phy_top0/u_ddr_mc_phy_wrapper/u_ddr_mc_phy/ddr_phy_4lanes_0.u_ddr_phy_4lanes/ddr_byte_lane_C.ddr_byte_lane_C/oserdes_clkdiv            |             6.2 |
| oserdes_clkdiv_5                                                                                                                                            | Linux_bd_i/mig_7series_0/u_Linux_bd_mig_7series_0_0_mig/u_memc_ui_top_axi/mem_intfc0/ddr_phy_top0/u_ddr_mc_phy_wrapper/u_ddr_mc_phy/ddr_phy_4lanes_0.u_ddr_phy_4lanes/ddr_byte_lane_C.ddr_byte_lane_C/oserdes_clkdiv            |             6.2 |
| oserdes_clkdiv_6                                                                                                                                            | Linux_bd_i/mig_7series_0/u_Linux_bd_mig_7series_0_0_mig/u_memc_ui_top_axi/mem_intfc0/ddr_phy_top0/u_ddr_mc_phy_wrapper/u_ddr_mc_phy/ddr_phy_4lanes_0.u_ddr_phy_4lanes/ddr_byte_lane_D.ddr_byte_lane_D/oserdes_clkdiv            |            12.3 |
| oserdes_clkdiv_7                                                                                                                                            | Linux_bd_i/mig_7series_0/u_Linux_bd_mig_7series_0_0_mig/u_memc_ui_top_axi/mem_intfc0/ddr_phy_top0/u_ddr_mc_phy_wrapper/u_ddr_mc_phy/ddr_phy_4lanes_0.u_ddr_phy_4lanes/ddr_byte_lane_D.ddr_byte_lane_D/oserdes_clkdiv            |            12.3 |
| pll_clk3_out                                                                                                                                                | Linux_bd_i/mig_7series_0/u_Linux_bd_mig_7series_0_0_mig/u_ddr2_infrastructure/pll_clk3_out                                                                                                                                      |            12.3 |
| pll_clk3_out_1                                                                                                                                              | Linux_bd_i/mig_7series_0/u_Linux_bd_mig_7series_0_0_mig/u_ddr2_infrastructure/pll_clk3_out                                                                                                                                      |            12.3 |
| pll_clkfbout                                                                                                                                                | Linux_bd_i/mig_7series_0/u_Linux_bd_mig_7series_0_0_mig/u_ddr2_infrastructure/pll_clkfbout                                                                                                                                      |            10.0 |
| pll_clkfbout_1                                                                                                                                              | Linux_bd_i/mig_7series_0/u_Linux_bd_mig_7series_0_0_mig/u_ddr2_infrastructure/pll_clkfbout                                                                                                                                      |            10.0 |
| sync_pulse                                                                                                                                                  | Linux_bd_i/mig_7series_0/u_Linux_bd_mig_7series_0_0_mig/u_ddr2_infrastructure/sync_pulse                                                                                                                                        |            49.2 |
| sync_pulse_1                                                                                                                                                | Linux_bd_i/mig_7series_0/u_Linux_bd_mig_7series_0_0_mig/u_ddr2_infrastructure/sync_pulse                                                                                                                                        |            49.2 |
| sys_clk_i                                                                                                                                                   | sys_clk_i                                                                                                                                                                                                                       |            10.0 |
| sys_clk_pin                                                                                                                                                 | sys_clk_i                                                                                                                                                                                                                       |            10.0 |
| u_memc_ui_top_axi/mem_intfc0/ddr_phy_top0/u_ddr_mc_phy_wrapper/u_ddr_mc_phy/ddr_phy_4lanes_0.u_ddr_phy_4lanes/ddr_byte_lane_A.ddr_byte_lane_A/iserdes_clk   | Linux_bd_i/mig_7series_0/u_Linux_bd_mig_7series_0_0_mig/u_memc_ui_top_axi/mem_intfc0/ddr_phy_top0/u_ddr_mc_phy_wrapper/u_ddr_mc_phy/ddr_phy_4lanes_0.u_ddr_phy_4lanes/ddr_byte_lane_A.ddr_byte_lane_A/phaser_in_gen.phaser_in_0 |             3.1 |
| u_memc_ui_top_axi/mem_intfc0/ddr_phy_top0/u_ddr_mc_phy_wrapper/u_ddr_mc_phy/ddr_phy_4lanes_0.u_ddr_phy_4lanes/ddr_byte_lane_A.ddr_byte_lane_A/iserdes_clk_1 | Linux_bd_i/mig_7series_0/u_Linux_bd_mig_7series_0_0_mig/u_memc_ui_top_axi/mem_intfc0/ddr_phy_top0/u_ddr_mc_phy_wrapper/u_ddr_mc_phy/ddr_phy_4lanes_0.u_ddr_phy_4lanes/ddr_byte_lane_A.ddr_byte_lane_A/phaser_in_gen.phaser_in_0 |             3.1 |
| u_memc_ui_top_axi/mem_intfc0/ddr_phy_top0/u_ddr_mc_phy_wrapper/u_ddr_mc_phy/ddr_phy_4lanes_0.u_ddr_phy_4lanes/ddr_byte_lane_C.ddr_byte_lane_C/iserdes_clk   | Linux_bd_i/mig_7series_0/u_Linux_bd_mig_7series_0_0_mig/u_memc_ui_top_axi/mem_intfc0/ddr_phy_top0/u_ddr_mc_phy_wrapper/u_ddr_mc_phy/ddr_phy_4lanes_0.u_ddr_phy_4lanes/ddr_byte_lane_C.ddr_byte_lane_C/phaser_in_gen.phaser_in_0 |             3.1 |
| u_memc_ui_top_axi/mem_intfc0/ddr_phy_top0/u_ddr_mc_phy_wrapper/u_ddr_mc_phy/ddr_phy_4lanes_0.u_ddr_phy_4lanes/ddr_byte_lane_C.ddr_byte_lane_C/iserdes_clk_1 | Linux_bd_i/mig_7series_0/u_Linux_bd_mig_7series_0_0_mig/u_memc_ui_top_axi/mem_intfc0/ddr_phy_top0/u_ddr_mc_phy_wrapper/u_ddr_mc_phy/ddr_phy_4lanes_0.u_ddr_phy_4lanes/ddr_byte_lane_C.ddr_byte_lane_C/phaser_in_gen.phaser_in_0 |             3.1 |
+-------------------------------------------------------------------------------------------------------------------------------------------------------------+---------------------------------------------------------------------------------------------------------------------------------------------------------------------------------------------------------------------------------+-----------------+


3. Detailed Reports
-------------------

3.1 By Hierarchy
----------------

+--------------------------------------+-----------+
| Name                                 | Power (W) |
+--------------------------------------+-----------+
| Linux_bd_wrapper                     |     1.047 |
|   Linux_bd_i                         |     1.047 |
|     axi_iic_temp                     |     0.002 |
|       U0                             |     0.002 |
|     axi_quad_spi_0                   |     0.004 |
|       U0                             |     0.004 |
|     axi_smc                          |     0.033 |
|       inst                           |     0.033 |
|     axi_timer_0                      |     0.003 |
|       U0                             |     0.003 |
|     microblaze_0                     |     0.098 |
|       U0                             |     0.098 |
|     microblaze_0_axi_intc            |     0.001 |
|       U0                             |     0.001 |
|     microblaze_0_axi_periph          |     0.001 |
|       xbar                           |     0.001 |
|     microblaze_0_local_memory        |     0.003 |
|       lmb_bram                       |     0.003 |
|     mig_7series_0                    |     0.898 |
|       u_Linux_bd_mig_7series_0_0_mig |     0.897 |
+--------------------------------------+-----------+


